[0.044s] Invoking command in '/home/ubuntu/TB5-WaLI/wali_ws/build/create3_examples_msgs': CMAKE_PREFIX_PATH=${CMAKE_PREFIX_PATH}:/opt/ros/jazzy DEBUGINFOD_URLS=https://debuginfod.ubuntu.com /usr/bin/cmake /home/ubuntu/TB5-WaLI/wali_ws/src/create3_examples/create3_examples_msgs -DAMENT_CMAKE_SYMLINK_INSTALL=1 -DCMAKE_INSTALL_PREFIX=/home/ubuntu/TB5-WaLI/wali_ws/install/create3_examples_msgs
[0.771s] -- The C compiler identification is GNU 13.3.0
[1.271s] -- The CXX compiler identification is GNU 13.3.0
[1.320s] -- Detecting C compiler ABI info
[1.576s] -- Detecting C compiler ABI info - done
[1.592s] -- Check for working C compiler: /usr/bin/cc - skipped
[1.592s] -- Detecting C compile features
[1.593s] -- Detecting C compile features - done
[1.613s] -- Detecting CXX compiler ABI info
[1.852s] -- Detecting CXX compiler ABI info - done
[1.868s] -- Check for working CXX compiler: /usr/bin/c++ - skipped
[1.869s] -- Detecting CXX compile features
[1.869s] -- Detecting CXX compile features - done
[1.884s] -- Found ament_cmake: 2.5.3 (/opt/ros/jazzy/share/ament_cmake/cmake)
[2.241s] -- Found Python3: /usr/bin/python3 (found version "3.12.3") found components: Interpreter 
[2.609s] -- Override CMake install command with custom implementation using symlinks instead of copying resources
[2.803s] -- Found rosidl_default_generators: 1.6.0 (/opt/ros/jazzy/share/rosidl_default_generators/cmake)
[2.828s] -- Using all available rosidl_typesupport_c: rosidl_typesupport_fastrtps_c;rosidl_typesupport_introspection_c
[2.992s] -- Using all available rosidl_typesupport_cpp: rosidl_typesupport_fastrtps_cpp;rosidl_typesupport_introspection_cpp
[3.131s] -- Found rosidl_adapter: 4.6.5 (/opt/ros/jazzy/share/rosidl_adapter/cmake)
[3.147s] -- Found action_msgs: 2.0.2 (/opt/ros/jazzy/share/action_msgs/cmake)
[4.760s] -- Found ament_cmake_cppcheck: 0.17.1 (/opt/ros/jazzy/share/ament_cmake_cppcheck/cmake)
[4.771s] -- Found ament_cmake_cpplint: 0.17.1 (/opt/ros/jazzy/share/ament_cmake_cpplint/cmake)
[4.782s] -- Found ament_cmake_uncrustify: 0.17.1 (/opt/ros/jazzy/share/ament_cmake_uncrustify/cmake)
[4.796s] -- Found ament_cmake_ros: 0.12.0 (/opt/ros/jazzy/share/ament_cmake_ros/cmake)
[5.842s] -- Using all available rosidl_typesupport_c: rosidl_typesupport_fastrtps_c;rosidl_typesupport_introspection_c
[7.149s] -- Using all available rosidl_typesupport_cpp: rosidl_typesupport_fastrtps_cpp;rosidl_typesupport_introspection_cpp
[7.160s] -- Found python_cmake_module: 0.11.1 (/opt/ros/jazzy/share/python_cmake_module/cmake)
[7.509s] -- Found PythonExtra: /usr/bin/python3  
[9.174s] -- Found Python3: /usr/bin/python3 (found version "3.12.3") found components: Interpreter Development NumPy Development.Module Development.Embed 
[9.252s] -- Found ament_cmake_flake8: 0.17.1 (/opt/ros/jazzy/share/ament_cmake_flake8/cmake)
[9.259s] -- Found ament_cmake_pep257: 0.17.1 (/opt/ros/jazzy/share/ament_cmake_pep257/cmake)
[9.289s] -- Configuring done (9.1s)
[9.351s] -- Generating done (0.0s)
[9.372s] -- Build files have been written to: /home/ubuntu/TB5-WaLI/wali_ws/build/create3_examples_msgs
[9.397s] Invoked command in '/home/ubuntu/TB5-WaLI/wali_ws/build/create3_examples_msgs' returned '0': CMAKE_PREFIX_PATH=${CMAKE_PREFIX_PATH}:/opt/ros/jazzy DEBUGINFOD_URLS=https://debuginfod.ubuntu.com /usr/bin/cmake /home/ubuntu/TB5-WaLI/wali_ws/src/create3_examples/create3_examples_msgs -DAMENT_CMAKE_SYMLINK_INSTALL=1 -DCMAKE_INSTALL_PREFIX=/home/ubuntu/TB5-WaLI/wali_ws/install/create3_examples_msgs
[9.400s] Invoking command in '/home/ubuntu/TB5-WaLI/wali_ws/build/create3_examples_msgs': CMAKE_PREFIX_PATH=${CMAKE_PREFIX_PATH}:/opt/ros/jazzy DEBUGINFOD_URLS=https://debuginfod.ubuntu.com /usr/bin/cmake --build /home/ubuntu/TB5-WaLI/wali_ws/build/create3_examples_msgs -- -j4 -l4
[9.528s] [  2%] [34m[1mGenerating type hashes for ROS interfaces[0m
[9.534s] [  2%] Built target ament_cmake_python_symlink_create3_examples_msgs
[10.017s] running egg_info
[10.017s] creating create3_examples_msgs.egg-info
[10.056s] writing create3_examples_msgs.egg-info/PKG-INFO
[10.057s] writing dependency_links to create3_examples_msgs.egg-info/dependency_links.txt
[10.058s] writing top-level names to create3_examples_msgs.egg-info/top_level.txt
[10.059s] writing manifest file 'create3_examples_msgs.egg-info/SOURCES.txt'
[10.250s] [  2%] Built target create3_examples_msgs__rosidl_generator_type_description
[10.257s] reading manifest file 'create3_examples_msgs.egg-info/SOURCES.txt'
[10.261s] writing manifest file 'create3_examples_msgs.egg-info/SOURCES.txt'
[10.314s] [  5%] [34m[1mGenerating C code for ROS interfaces[0m
[10.319s] [  8%] [34m[1mGenerating C++ code for ROS interfaces[0m
[10.511s] [  8%] Built target ament_cmake_python_build_create3_examples_msgs_egg
[11.376s] [ 11%] [32mBuilding C object CMakeFiles/create3_examples_msgs__rosidl_generator_c.dir/rosidl_generator_c/create3_examples_msgs/action/detail/coverage__description.c.o[0m
[11.379s] [ 14%] [32mBuilding C object CMakeFiles/create3_examples_msgs__rosidl_generator_c.dir/rosidl_generator_c/create3_examples_msgs/action/detail/coverage__type_support.c.o[0m
[11.390s] [ 17%] [32mBuilding C object CMakeFiles/create3_examples_msgs__rosidl_generator_c.dir/rosidl_generator_c/create3_examples_msgs/action/detail/coverage__functions.c.o[0m
[11.532s] [ 17%] Built target create3_examples_msgs__cpp
[11.858s] [ 20%] [32m[1mLinking C shared library libcreate3_examples_msgs__rosidl_generator_c.so[0m
[11.993s] [ 20%] Built target create3_examples_msgs__rosidl_generator_c
[12.041s] [ 23%] [34m[1mGenerating C type support dispatch for ROS interfaces[0m
[12.075s] [ 26%] [34m[1mGenerating C type support for eProsima Fast-RTPS[0m
[12.084s] [ 29%] [34m[1mGenerating C introspection for ROS interfaces[0m
[12.087s] [ 32%] [34m[1mGenerating C++ type support dispatch for ROS interfaces[0m
[12.981s] [ 35%] [32mBuilding CXX object CMakeFiles/create3_examples_msgs__rosidl_typesupport_cpp.dir/rosidl_typesupport_cpp/create3_examples_msgs/action/coverage__type_support.cpp.o[0m
[13.180s] [ 38%] [32mBuilding C object CMakeFiles/create3_examples_msgs__rosidl_typesupport_introspection_c.dir/rosidl_typesupport_introspection_c/create3_examples_msgs/action/detail/coverage__type_support.c.o[0m
[13.498s] [ 41%] [32mBuilding CXX object CMakeFiles/create3_examples_msgs__rosidl_typesupport_c.dir/rosidl_typesupport_c/create3_examples_msgs/action/coverage__type_support.cpp.o[0m
[13.562s] [ 44%] [32m[1mLinking C shared library libcreate3_examples_msgs__rosidl_typesupport_introspection_c.so[0m
[13.769s] [ 44%] Built target create3_examples_msgs__rosidl_typesupport_introspection_c
[13.816s] [ 47%] [34m[1mGenerating C++ type support for eProsima Fast-RTPS[0m
[13.818s] [ 50%] [32m[1mLinking CXX shared library libcreate3_examples_msgs__rosidl_typesupport_c.so[0m
[14.073s] [ 50%] Built target create3_examples_msgs__rosidl_typesupport_c
[14.134s] [ 52%] [34m[1mGenerating C++ introspection for ROS interfaces[0m
[14.169s] [ 55%] [32mBuilding CXX object CMakeFiles/create3_examples_msgs__rosidl_typesupport_fastrtps_c.dir/rosidl_typesupport_fastrtps_c/create3_examples_msgs/action/detail/coverage__type_support_c.cpp.o[0m
[15.755s] [ 58%] [32mBuilding CXX object CMakeFiles/create3_examples_msgs__rosidl_typesupport_introspection_cpp.dir/rosidl_typesupport_introspection_cpp/create3_examples_msgs/action/detail/coverage__type_support.cpp.o[0m
[15.882s] [ 61%] [32m[1mLinking CXX shared library libcreate3_examples_msgs__rosidl_typesupport_fastrtps_c.so[0m
[16.122s] [ 61%] Built target create3_examples_msgs__rosidl_typesupport_fastrtps_c
[16.285s] [ 64%] [32m[1mLinking CXX shared library libcreate3_examples_msgs__rosidl_typesupport_cpp.so[0m
[16.312s] [ 67%] [32mBuilding CXX object CMakeFiles/create3_examples_msgs__rosidl_typesupport_fastrtps_cpp.dir/rosidl_typesupport_fastrtps_cpp/create3_examples_msgs/action/detail/dds_fastrtps/coverage__type_support.cpp.o[0m
[16.502s] [ 67%] Built target create3_examples_msgs__rosidl_typesupport_cpp
[17.404s] [ 70%] [32m[1mLinking CXX shared library libcreate3_examples_msgs__rosidl_typesupport_introspection_cpp.so[0m
[17.619s] [ 70%] Built target create3_examples_msgs__rosidl_typesupport_introspection_cpp
[18.155s] [ 73%] [32m[1mLinking CXX shared library libcreate3_examples_msgs__rosidl_typesupport_fastrtps_cpp.so[0m
[18.384s] [ 73%] Built target create3_examples_msgs__rosidl_typesupport_fastrtps_cpp
[18.435s] [ 73%] Built target create3_examples_msgs
[18.487s] [ 76%] [34m[1mGenerating Python code for ROS interfaces[0m
[19.646s] [ 76%] Built target create3_examples_msgs__py
[19.686s] [ 79%] [32mBuilding C object CMakeFiles/create3_examples_msgs__rosidl_generator_py.dir/rosidl_generator_py/create3_examples_msgs/action/_coverage_s.c.o[0m
[20.026s] [ 82%] [32m[1mLinking C shared library libcreate3_examples_msgs__rosidl_generator_py.so[0m
[20.116s] [ 82%] Built target create3_examples_msgs__rosidl_generator_py
[20.170s] [ 85%] [32mBuilding C object CMakeFiles/create3_examples_msgs_s__rosidl_typesupport_fastrtps_c.dir/rosidl_generator_py/create3_examples_msgs/_create3_examples_msgs_s.ep.rosidl_typesupport_fastrtps_c.c.o[0m
[20.170s] [ 91%] [32mBuilding C object CMakeFiles/create3_examples_msgs_s__rosidl_typesupport_introspection_c.dir/rosidl_generator_py/create3_examples_msgs/_create3_examples_msgs_s.ep.rosidl_typesupport_introspection_c.c.o[0m
[20.171s] [ 91%] [32mBuilding C object CMakeFiles/create3_examples_msgs_s__rosidl_typesupport_c.dir/rosidl_generator_py/create3_examples_msgs/_create3_examples_msgs_s.ep.rosidl_typesupport_c.c.o[0m
[20.442s] [ 94%] [32m[1mLinking C shared module rosidl_generator_py/create3_examples_msgs/create3_examples_msgs_s__rosidl_typesupport_introspection_c.so[0m
[20.446s] [ 97%] [32m[1mLinking C shared module rosidl_generator_py/create3_examples_msgs/create3_examples_msgs_s__rosidl_typesupport_c.so[0m
[20.447s] [100%] [32m[1mLinking C shared module rosidl_generator_py/create3_examples_msgs/create3_examples_msgs_s__rosidl_typesupport_fastrtps_c.so[0m
[20.517s] [100%] Built target create3_examples_msgs_s__rosidl_typesupport_introspection_c
[20.519s] [100%] Built target create3_examples_msgs_s__rosidl_typesupport_fastrtps_c
[20.523s] [100%] Built target create3_examples_msgs_s__rosidl_typesupport_c
[20.545s] Invoked command in '/home/ubuntu/TB5-WaLI/wali_ws/build/create3_examples_msgs' returned '0': CMAKE_PREFIX_PATH=${CMAKE_PREFIX_PATH}:/opt/ros/jazzy DEBUGINFOD_URLS=https://debuginfod.ubuntu.com /usr/bin/cmake --build /home/ubuntu/TB5-WaLI/wali_ws/build/create3_examples_msgs -- -j4 -l4
[20.547s] Invoking command in '/home/ubuntu/TB5-WaLI/wali_ws/build/create3_examples_msgs': CMAKE_PREFIX_PATH=${CMAKE_PREFIX_PATH}:/opt/ros/jazzy DEBUGINFOD_URLS=https://debuginfod.ubuntu.com /usr/bin/cmake --install /home/ubuntu/TB5-WaLI/wali_ws/build/create3_examples_msgs
[20.562s] -- Install configuration: ""
[20.563s] -- Execute custom install script
[20.563s] -- Symlinking: /home/ubuntu/TB5-WaLI/wali_ws/install/create3_examples_msgs/share/ament_index/resource_index/rosidl_interfaces/create3_examples_msgs
[20.582s] -- Symlinking: /home/ubuntu/TB5-WaLI/wali_ws/install/create3_examples_msgs/share/create3_examples_msgs/action/Coverage.json
[20.601s] -- Symlinking: /home/ubuntu/TB5-WaLI/wali_ws/install/create3_examples_msgs/include/create3_examples_msgs/create3_examples_msgs/action/coverage.h
[20.618s] -- Symlinking: /home/ubuntu/TB5-WaLI/wali_ws/install/create3_examples_msgs/include/create3_examples_msgs/create3_examples_msgs/action/detail/coverage__functions.h
[20.636s] -- Symlinking: /home/ubuntu/TB5-WaLI/wali_ws/install/create3_examples_msgs/include/create3_examples_msgs/create3_examples_msgs/action/detail/coverage__struct.h
[20.654s] -- Symlinking: /home/ubuntu/TB5-WaLI/wali_ws/install/create3_examples_msgs/include/create3_examples_msgs/create3_examples_msgs/action/detail/coverage__type_support.h
[20.672s] -- Symlinking: /home/ubuntu/TB5-WaLI/wali_ws/install/create3_examples_msgs/include/create3_examples_msgs/create3_examples_msgs/msg/rosidl_generator_c__visibility_control.h
[20.691s] -- Symlinking: /home/ubuntu/TB5-WaLI/wali_ws/install/create3_examples_msgs/share/create3_examples_msgs/environment/library_path.sh
[20.710s] -- Symlinking: /home/ubuntu/TB5-WaLI/wali_ws/install/create3_examples_msgs/share/create3_examples_msgs/environment/library_path.dsv
[20.728s] -- Symlinking: /home/ubuntu/TB5-WaLI/wali_ws/install/create3_examples_msgs/include/create3_examples_msgs/create3_examples_msgs/action/detail/coverage__rosidl_typesupport_fastrtps_c.h
[20.746s] -- Symlinking: /home/ubuntu/TB5-WaLI/wali_ws/install/create3_examples_msgs/include/create3_examples_msgs/create3_examples_msgs/msg/rosidl_typesupport_fastrtps_c__visibility_control.h
[20.763s] -- Symlinking: /home/ubuntu/TB5-WaLI/wali_ws/install/create3_examples_msgs/include/create3_examples_msgs/create3_examples_msgs/action/detail/coverage__rosidl_typesupport_introspection_c.h
[20.781s] -- Symlinking: /home/ubuntu/TB5-WaLI/wali_ws/install/create3_examples_msgs/include/create3_examples_msgs/create3_examples_msgs/msg/rosidl_typesupport_introspection_c__visibility_control.h
[20.799s] -- Symlinking: /home/ubuntu/TB5-WaLI/wali_ws/install/create3_examples_msgs/include/create3_examples_msgs/create3_examples_msgs/action/coverage.hpp
[20.818s] -- Symlinking: /home/ubuntu/TB5-WaLI/wali_ws/install/create3_examples_msgs/include/create3_examples_msgs/create3_examples_msgs/action/detail/coverage__builder.hpp
[20.837s] -- Symlinking: /home/ubuntu/TB5-WaLI/wali_ws/install/create3_examples_msgs/include/create3_examples_msgs/create3_examples_msgs/action/detail/coverage__struct.hpp
[20.854s] -- Symlinking: /home/ubuntu/TB5-WaLI/wali_ws/install/create3_examples_msgs/include/create3_examples_msgs/create3_examples_msgs/action/detail/coverage__traits.hpp
[20.872s] -- Symlinking: /home/ubuntu/TB5-WaLI/wali_ws/install/create3_examples_msgs/include/create3_examples_msgs/create3_examples_msgs/action/detail/coverage__type_support.hpp
[20.890s] -- Symlinking: /home/ubuntu/TB5-WaLI/wali_ws/install/create3_examples_msgs/include/create3_examples_msgs/create3_examples_msgs/msg/rosidl_generator_cpp__visibility_control.hpp
[20.908s] -- Symlinking: /home/ubuntu/TB5-WaLI/wali_ws/install/create3_examples_msgs/include/create3_examples_msgs/create3_examples_msgs/action/detail/coverage__rosidl_typesupport_fastrtps_cpp.hpp
[20.925s] -- Symlinking: /home/ubuntu/TB5-WaLI/wali_ws/install/create3_examples_msgs/include/create3_examples_msgs/create3_examples_msgs/msg/rosidl_typesupport_fastrtps_cpp__visibility_control.h
[20.943s] -- Symlinking: /home/ubuntu/TB5-WaLI/wali_ws/install/create3_examples_msgs/include/create3_examples_msgs/create3_examples_msgs/action/detail/coverage__rosidl_typesupport_introspection_cpp.hpp
[20.961s] -- Symlinking: /home/ubuntu/TB5-WaLI/wali_ws/install/create3_examples_msgs/share/create3_examples_msgs/environment/pythonpath.sh
[20.978s] -- Symlinking: /home/ubuntu/TB5-WaLI/wali_ws/install/create3_examples_msgs/share/create3_examples_msgs/environment/pythonpath.dsv
[20.996s] -- Symlinking: /home/ubuntu/TB5-WaLI/wali_ws/install/create3_examples_msgs/lib/python3.12/site-packages/create3_examples_msgs-0.0.1-py3.12.egg-info/PKG-INFO
[21.014s] -- Symlinking: /home/ubuntu/TB5-WaLI/wali_ws/install/create3_examples_msgs/lib/python3.12/site-packages/create3_examples_msgs-0.0.1-py3.12.egg-info/SOURCES.txt
[21.031s] -- Symlinking: /home/ubuntu/TB5-WaLI/wali_ws/install/create3_examples_msgs/lib/python3.12/site-packages/create3_examples_msgs-0.0.1-py3.12.egg-info/dependency_links.txt
[21.049s] -- Symlinking: /home/ubuntu/TB5-WaLI/wali_ws/install/create3_examples_msgs/lib/python3.12/site-packages/create3_examples_msgs-0.0.1-py3.12.egg-info/top_level.txt
[21.067s] -- Symlinking: /home/ubuntu/TB5-WaLI/wali_ws/install/create3_examples_msgs/lib/python3.12/site-packages/create3_examples_msgs/__init__.py
[21.087s] -- Symlinking: /home/ubuntu/TB5-WaLI/wali_ws/install/create3_examples_msgs/lib/python3.12/site-packages/create3_examples_msgs/_create3_examples_msgs_s.ep.rosidl_typesupport_c.c
[21.105s] -- Symlinking: /home/ubuntu/TB5-WaLI/wali_ws/install/create3_examples_msgs/lib/python3.12/site-packages/create3_examples_msgs/_create3_examples_msgs_s.ep.rosidl_typesupport_fastrtps_c.c
[21.122s] -- Symlinking: /home/ubuntu/TB5-WaLI/wali_ws/install/create3_examples_msgs/lib/python3.12/site-packages/create3_examples_msgs/_create3_examples_msgs_s.ep.rosidl_typesupport_introspection_c.c
[21.142s] -- Symlinking: /home/ubuntu/TB5-WaLI/wali_ws/install/create3_examples_msgs/lib/python3.12/site-packages/create3_examples_msgs/action/__init__.py
[21.162s] -- Symlinking: /home/ubuntu/TB5-WaLI/wali_ws/install/create3_examples_msgs/lib/python3.12/site-packages/create3_examples_msgs/action/_coverage.py
[21.181s] -- Symlinking: /home/ubuntu/TB5-WaLI/wali_ws/install/create3_examples_msgs/lib/python3.12/site-packages/create3_examples_msgs/action/_coverage_s.c
[21.202s] -- Symlinking: /home/ubuntu/TB5-WaLI/wali_ws/install/create3_examples_msgs/lib/python3.12/site-packages/create3_examples_msgs/create3_examples_msgs_s__rosidl_typesupport_c.so
[21.223s] -- Symlinking: /home/ubuntu/TB5-WaLI/wali_ws/install/create3_examples_msgs/lib/python3.12/site-packages/create3_examples_msgs/create3_examples_msgs_s__rosidl_typesupport_fastrtps_c.so
[21.242s] -- Symlinking: /home/ubuntu/TB5-WaLI/wali_ws/install/create3_examples_msgs/lib/python3.12/site-packages/create3_examples_msgs/create3_examples_msgs_s__rosidl_typesupport_introspection_c.so
[21.263s] -- Up-to-date symlink: /home/ubuntu/TB5-WaLI/wali_ws/install/create3_examples_msgs/lib/python3.12/site-packages/create3_examples_msgs/create3_examples_msgs_s__rosidl_typesupport_fastrtps_c.so
[21.263s] -- Up-to-date symlink: /home/ubuntu/TB5-WaLI/wali_ws/install/create3_examples_msgs/lib/python3.12/site-packages/create3_examples_msgs/create3_examples_msgs_s__rosidl_typesupport_introspection_c.so
[21.264s] -- Up-to-date symlink: /home/ubuntu/TB5-WaLI/wali_ws/install/create3_examples_msgs/lib/python3.12/site-packages/create3_examples_msgs/create3_examples_msgs_s__rosidl_typesupport_c.so
[21.264s] -- Symlinking: /home/ubuntu/TB5-WaLI/wali_ws/install/create3_examples_msgs/share/create3_examples_msgs/action/Coverage.idl
[21.283s] -- Symlinking: /home/ubuntu/TB5-WaLI/wali_ws/install/create3_examples_msgs/share/create3_examples_msgs/action/Coverage.action
[21.302s] -- Symlinking: /home/ubuntu/TB5-WaLI/wali_ws/install/create3_examples_msgs/share/ament_index/resource_index/package_run_dependencies/create3_examples_msgs
[21.321s] -- Symlinking: /home/ubuntu/TB5-WaLI/wali_ws/install/create3_examples_msgs/share/ament_index/resource_index/parent_prefix_path/create3_examples_msgs
[21.339s] -- Symlinking: /home/ubuntu/TB5-WaLI/wali_ws/install/create3_examples_msgs/share/create3_examples_msgs/environment/ament_prefix_path.sh
[21.358s] -- Symlinking: /home/ubuntu/TB5-WaLI/wali_ws/install/create3_examples_msgs/share/create3_examples_msgs/environment/ament_prefix_path.dsv
[21.377s] -- Symlinking: /home/ubuntu/TB5-WaLI/wali_ws/install/create3_examples_msgs/share/create3_examples_msgs/environment/path.sh
[21.396s] -- Symlinking: /home/ubuntu/TB5-WaLI/wali_ws/install/create3_examples_msgs/share/create3_examples_msgs/environment/path.dsv
[21.414s] -- Symlinking: /home/ubuntu/TB5-WaLI/wali_ws/install/create3_examples_msgs/share/create3_examples_msgs/local_setup.bash
[21.432s] -- Symlinking: /home/ubuntu/TB5-WaLI/wali_ws/install/create3_examples_msgs/share/create3_examples_msgs/local_setup.sh
[21.450s] -- Symlinking: /home/ubuntu/TB5-WaLI/wali_ws/install/create3_examples_msgs/share/create3_examples_msgs/local_setup.zsh
[21.467s] -- Symlinking: /home/ubuntu/TB5-WaLI/wali_ws/install/create3_examples_msgs/share/create3_examples_msgs/local_setup.dsv
[21.485s] -- Symlinking: /home/ubuntu/TB5-WaLI/wali_ws/install/create3_examples_msgs/share/create3_examples_msgs/package.dsv
[21.503s] -- Symlinking: /home/ubuntu/TB5-WaLI/wali_ws/install/create3_examples_msgs/share/ament_index/resource_index/packages/create3_examples_msgs
[21.521s] -- Symlinking: /home/ubuntu/TB5-WaLI/wali_ws/install/create3_examples_msgs/share/create3_examples_msgs/cmake/rosidl_cmake-extras.cmake
[21.539s] -- Symlinking: /home/ubuntu/TB5-WaLI/wali_ws/install/create3_examples_msgs/share/create3_examples_msgs/cmake/ament_cmake_export_dependencies-extras.cmake
[21.557s] -- Symlinking: /home/ubuntu/TB5-WaLI/wali_ws/install/create3_examples_msgs/share/create3_examples_msgs/cmake/ament_cmake_export_include_directories-extras.cmake
[21.575s] -- Symlinking: /home/ubuntu/TB5-WaLI/wali_ws/install/create3_examples_msgs/share/create3_examples_msgs/cmake/ament_cmake_export_libraries-extras.cmake
[21.593s] -- Symlinking: /home/ubuntu/TB5-WaLI/wali_ws/install/create3_examples_msgs/share/create3_examples_msgs/cmake/ament_cmake_export_targets-extras.cmake
[21.611s] -- Symlinking: /home/ubuntu/TB5-WaLI/wali_ws/install/create3_examples_msgs/share/create3_examples_msgs/cmake/rosidl_cmake_export_typesupport_targets-extras.cmake
[21.629s] -- Symlinking: /home/ubuntu/TB5-WaLI/wali_ws/install/create3_examples_msgs/share/create3_examples_msgs/cmake/rosidl_cmake_export_typesupport_libraries-extras.cmake
[21.646s] -- Symlinking: /home/ubuntu/TB5-WaLI/wali_ws/install/create3_examples_msgs/share/create3_examples_msgs/cmake/create3_examples_msgsConfig.cmake
[21.663s] -- Symlinking: /home/ubuntu/TB5-WaLI/wali_ws/install/create3_examples_msgs/share/create3_examples_msgs/cmake/create3_examples_msgsConfig-version.cmake
[21.681s] -- Symlinking: /home/ubuntu/TB5-WaLI/wali_ws/install/create3_examples_msgs/share/create3_examples_msgs/package.xml
[21.700s] -- Installing: /home/ubuntu/TB5-WaLI/wali_ws/install/create3_examples_msgs/lib/libcreate3_examples_msgs__rosidl_generator_c.so
[21.701s] -- Set non-toolchain portion of runtime path of "/home/ubuntu/TB5-WaLI/wali_ws/install/create3_examples_msgs/lib/libcreate3_examples_msgs__rosidl_generator_c.so" to ""
[21.701s] -- Installing: /home/ubuntu/TB5-WaLI/wali_ws/install/create3_examples_msgs/lib/libcreate3_examples_msgs__rosidl_typesupport_fastrtps_c.so
[21.702s] -- Set non-toolchain portion of runtime path of "/home/ubuntu/TB5-WaLI/wali_ws/install/create3_examples_msgs/lib/libcreate3_examples_msgs__rosidl_typesupport_fastrtps_c.so" to ""
[21.702s] -- Installing: /home/ubuntu/TB5-WaLI/wali_ws/install/create3_examples_msgs/lib/libcreate3_examples_msgs__rosidl_typesupport_introspection_c.so
[21.702s] -- Set non-toolchain portion of runtime path of "/home/ubuntu/TB5-WaLI/wali_ws/install/create3_examples_msgs/lib/libcreate3_examples_msgs__rosidl_typesupport_introspection_c.so" to ""
[21.703s] -- Installing: /home/ubuntu/TB5-WaLI/wali_ws/install/create3_examples_msgs/lib/libcreate3_examples_msgs__rosidl_typesupport_c.so
[21.703s] -- Set non-toolchain portion of runtime path of "/home/ubuntu/TB5-WaLI/wali_ws/install/create3_examples_msgs/lib/libcreate3_examples_msgs__rosidl_typesupport_c.so" to ""
[21.703s] -- Installing: /home/ubuntu/TB5-WaLI/wali_ws/install/create3_examples_msgs/lib/libcreate3_examples_msgs__rosidl_typesupport_fastrtps_cpp.so
[21.704s] -- Set non-toolchain portion of runtime path of "/home/ubuntu/TB5-WaLI/wali_ws/install/create3_examples_msgs/lib/libcreate3_examples_msgs__rosidl_typesupport_fastrtps_cpp.so" to ""
[21.705s] -- Installing: /home/ubuntu/TB5-WaLI/wali_ws/install/create3_examples_msgs/lib/libcreate3_examples_msgs__rosidl_typesupport_introspection_cpp.so
[21.705s] -- Set non-toolchain portion of runtime path of "/home/ubuntu/TB5-WaLI/wali_ws/install/create3_examples_msgs/lib/libcreate3_examples_msgs__rosidl_typesupport_introspection_cpp.so" to ""
[21.706s] -- Installing: /home/ubuntu/TB5-WaLI/wali_ws/install/create3_examples_msgs/lib/libcreate3_examples_msgs__rosidl_typesupport_cpp.so
[21.706s] -- Set non-toolchain portion of runtime path of "/home/ubuntu/TB5-WaLI/wali_ws/install/create3_examples_msgs/lib/libcreate3_examples_msgs__rosidl_typesupport_cpp.so" to ""
[21.779s] Listing '/home/ubuntu/TB5-WaLI/wali_ws/install/create3_examples_msgs/lib/python3.12/site-packages/create3_examples_msgs'...
[21.779s] Compiling '/home/ubuntu/TB5-WaLI/wali_ws/install/create3_examples_msgs/lib/python3.12/site-packages/create3_examples_msgs/__init__.py'...
[21.779s] Listing '/home/ubuntu/TB5-WaLI/wali_ws/install/create3_examples_msgs/lib/python3.12/site-packages/create3_examples_msgs/action'...
[21.779s] Compiling '/home/ubuntu/TB5-WaLI/wali_ws/install/create3_examples_msgs/lib/python3.12/site-packages/create3_examples_msgs/action/__init__.py'...
[21.779s] Compiling '/home/ubuntu/TB5-WaLI/wali_ws/install/create3_examples_msgs/lib/python3.12/site-packages/create3_examples_msgs/action/_coverage.py'...
[21.792s] -- Installing: /home/ubuntu/TB5-WaLI/wali_ws/install/create3_examples_msgs/lib/libcreate3_examples_msgs__rosidl_generator_py.so
[21.793s] -- Set non-toolchain portion of runtime path of "/home/ubuntu/TB5-WaLI/wali_ws/install/create3_examples_msgs/lib/libcreate3_examples_msgs__rosidl_generator_py.so" to ""
[21.793s] -- Installing: /home/ubuntu/TB5-WaLI/wali_ws/install/create3_examples_msgs/share/create3_examples_msgs/cmake/export_create3_examples_msgs__rosidl_generator_cExport.cmake
[21.793s] -- Installing: /home/ubuntu/TB5-WaLI/wali_ws/install/create3_examples_msgs/share/create3_examples_msgs/cmake/export_create3_examples_msgs__rosidl_generator_cExport-noconfig.cmake
[21.793s] -- Installing: /home/ubuntu/TB5-WaLI/wali_ws/install/create3_examples_msgs/share/create3_examples_msgs/cmake/export_create3_examples_msgs__rosidl_typesupport_fastrtps_cExport.cmake
[21.794s] -- Installing: /home/ubuntu/TB5-WaLI/wali_ws/install/create3_examples_msgs/share/create3_examples_msgs/cmake/export_create3_examples_msgs__rosidl_typesupport_fastrtps_cExport-noconfig.cmake
[21.794s] -- Installing: /home/ubuntu/TB5-WaLI/wali_ws/install/create3_examples_msgs/share/create3_examples_msgs/cmake/create3_examples_msgs__rosidl_typesupport_introspection_cExport.cmake
[21.794s] -- Installing: /home/ubuntu/TB5-WaLI/wali_ws/install/create3_examples_msgs/share/create3_examples_msgs/cmake/create3_examples_msgs__rosidl_typesupport_introspection_cExport-noconfig.cmake
[21.794s] -- Installing: /home/ubuntu/TB5-WaLI/wali_ws/install/create3_examples_msgs/share/create3_examples_msgs/cmake/create3_examples_msgs__rosidl_typesupport_cExport.cmake
[21.794s] -- Installing: /home/ubuntu/TB5-WaLI/wali_ws/install/create3_examples_msgs/share/create3_examples_msgs/cmake/create3_examples_msgs__rosidl_typesupport_cExport-noconfig.cmake
[21.795s] -- Installing: /home/ubuntu/TB5-WaLI/wali_ws/install/create3_examples_msgs/share/create3_examples_msgs/cmake/export_create3_examples_msgs__rosidl_generator_cppExport.cmake
[21.795s] -- Installing: /home/ubuntu/TB5-WaLI/wali_ws/install/create3_examples_msgs/share/create3_examples_msgs/cmake/export_create3_examples_msgs__rosidl_typesupport_fastrtps_cppExport.cmake
[21.795s] -- Installing: /home/ubuntu/TB5-WaLI/wali_ws/install/create3_examples_msgs/share/create3_examples_msgs/cmake/export_create3_examples_msgs__rosidl_typesupport_fastrtps_cppExport-noconfig.cmake
[21.795s] -- Installing: /home/ubuntu/TB5-WaLI/wali_ws/install/create3_examples_msgs/share/create3_examples_msgs/cmake/create3_examples_msgs__rosidl_typesupport_introspection_cppExport.cmake
[21.795s] -- Installing: /home/ubuntu/TB5-WaLI/wali_ws/install/create3_examples_msgs/share/create3_examples_msgs/cmake/create3_examples_msgs__rosidl_typesupport_introspection_cppExport-noconfig.cmake
[21.796s] -- Installing: /home/ubuntu/TB5-WaLI/wali_ws/install/create3_examples_msgs/share/create3_examples_msgs/cmake/create3_examples_msgs__rosidl_typesupport_cppExport.cmake
[21.796s] -- Installing: /home/ubuntu/TB5-WaLI/wali_ws/install/create3_examples_msgs/share/create3_examples_msgs/cmake/create3_examples_msgs__rosidl_typesupport_cppExport-noconfig.cmake
[21.796s] -- Installing: /home/ubuntu/TB5-WaLI/wali_ws/install/create3_examples_msgs/share/create3_examples_msgs/cmake/export_create3_examples_msgs__rosidl_generator_pyExport.cmake
[21.796s] -- Installing: /home/ubuntu/TB5-WaLI/wali_ws/install/create3_examples_msgs/share/create3_examples_msgs/cmake/export_create3_examples_msgs__rosidl_generator_pyExport-noconfig.cmake
[21.800s] Invoked command in '/home/ubuntu/TB5-WaLI/wali_ws/build/create3_examples_msgs' returned '0': CMAKE_PREFIX_PATH=${CMAKE_PREFIX_PATH}:/opt/ros/jazzy DEBUGINFOD_URLS=https://debuginfod.ubuntu.com /usr/bin/cmake --install /home/ubuntu/TB5-WaLI/wali_ws/build/create3_examples_msgs
