[2.752s] Invoking command in '/home/ubuntu/TB5-WaLI/wali_ws/build/create3_examples_py': DEBUGINFOD_URLS=https://debuginfod.ubuntu.com PYTHONPATH=/home/ubuntu/TB5-WaLI/wali_ws/build/create3_examples_py/prefix_override:/usr/lib/python3/dist-packages/colcon_core/task/python/colcon_distutils_commands:/home/ubuntu/TB5-WaLI/wali_ws/install/create3_examples_py/lib/python3.12/site-packages:${PYTHONPATH} /usr/bin/python3 -W ignore:setup.py install is deprecated -W ignore:easy_install command is deprecated setup.py develop --editable --build-directory /home/ubuntu/TB5-WaLI/wali_ws/build/create3_examples_py/build --no-deps symlink_data
[3.421s] running develop
[3.889s] running egg_info
[3.889s] creating create3_examples_py.egg-info
[3.933s] writing create3_examples_py.egg-info/PKG-INFO
[3.934s] writing dependency_links to create3_examples_py.egg-info/dependency_links.txt
[3.934s] writing entry points to create3_examples_py.egg-info/entry_points.txt
[3.935s] writing requirements to create3_examples_py.egg-info/requires.txt
[3.936s] writing top-level names to create3_examples_py.egg-info/top_level.txt
[3.936s] writing manifest file 'create3_examples_py.egg-info/SOURCES.txt'
[4.038s] reading manifest file 'create3_examples_py.egg-info/SOURCES.txt'
[4.041s] writing manifest file 'create3_examples_py.egg-info/SOURCES.txt'
[4.091s] running build_ext
[4.091s] Creating /home/ubuntu/TB5-WaLI/wali_ws/install/create3_examples_py/lib/python3.12/site-packages/create3-examples-py.egg-link (link to .)
[4.092s] Installing create3_dance script to /home/ubuntu/TB5-WaLI/wali_ws/install/create3_examples_py/lib/create3_examples_py
[4.092s] 
[4.092s] Installed /home/ubuntu/TB5-WaLI/wali_ws/build/create3_examples_py
[4.093s] running symlink_data
[4.093s] creating /home/ubuntu/TB5-WaLI/wali_ws/install/create3_examples_py/share/ament_index
[4.096s] creating /home/ubuntu/TB5-WaLI/wali_ws/install/create3_examples_py/share/ament_index/resource_index
[4.097s] creating /home/ubuntu/TB5-WaLI/wali_ws/install/create3_examples_py/share/ament_index/resource_index/packages
[4.097s] symbolically linking /home/ubuntu/TB5-WaLI/wali_ws/build/create3_examples_py/resource/create3_examples_py -> /home/ubuntu/TB5-WaLI/wali_ws/install/create3_examples_py/share/ament_index/resource_index/packages
[4.097s] symbolically linking /home/ubuntu/TB5-WaLI/wali_ws/build/create3_examples_py/package.xml -> /home/ubuntu/TB5-WaLI/wali_ws/install/create3_examples_py/share/create3_examples_py
[4.260s] Invoked command in '/home/ubuntu/TB5-WaLI/wali_ws/build/create3_examples_py' returned '0': DEBUGINFOD_URLS=https://debuginfod.ubuntu.com PYTHONPATH=/home/ubuntu/TB5-WaLI/wali_ws/build/create3_examples_py/prefix_override:/usr/lib/python3/dist-packages/colcon_core/task/python/colcon_distutils_commands:/home/ubuntu/TB5-WaLI/wali_ws/install/create3_examples_py/lib/python3.12/site-packages:${PYTHONPATH} /usr/bin/python3 -W ignore:setup.py install is deprecated -W ignore:easy_install command is deprecated setup.py develop --editable --build-directory /home/ubuntu/TB5-WaLI/wali_ws/build/create3_examples_py/build --no-deps symlink_data
