-- The C compiler identification is GNU 13.3.0
-- The CXX compiler identification is GNU 13.3.0
-- Detecting C compiler ABI info
-- Detecting C compiler ABI info - done
-- Check for working C compiler: /usr/bin/cc - skipped
-- Detecting C compile features
-- Detecting C compile features - done
-- Detecting CXX compiler ABI info
-- Detecting CXX compiler ABI info - done
-- Check for working CXX compiler: /usr/bin/c++ - skipped
-- Detecting CXX compile features
-- Detecting CXX compile features - done
-- Found ament_cmake: 2.5.3 (/opt/ros/jazzy/share/ament_cmake/cmake)
-- Found Python3: /usr/bin/python3 (found version "3.12.3") found components: Interpreter 
-- Override CMake install command with custom implementation using symlinks instead of copying resources
-- Found rosidl_default_generators: 1.6.0 (/opt/ros/jazzy/share/rosidl_default_generators/cmake)
-- Using all available rosidl_typesupport_c: rosidl_typesupport_fastrtps_c;rosidl_typesupport_introspection_c
-- Using all available rosidl_typesupport_cpp: rosidl_typesupport_fastrtps_cpp;rosidl_typesupport_introspection_cpp
-- Found rosidl_adapter: 4.6.5 (/opt/ros/jazzy/share/rosidl_adapter/cmake)
-- Found ament_cmake_ros: 0.12.0 (/opt/ros/jazzy/share/ament_cmake_ros/cmake)
-- Using all available rosidl_typesupport_c: rosidl_typesupport_fastrtps_c;rosidl_typesupport_introspection_c
-- Using all available rosidl_typesupport_cpp: rosidl_typesupport_fastrtps_cpp;rosidl_typesupport_introspection_cpp
-- Found python_cmake_module: 0.11.1 (/opt/ros/jazzy/share/python_cmake_module/cmake)
-- Found PythonExtra: /usr/bin/python3  
-- Found Python3: /usr/bin/python3 (found version "3.12.3") found components: Interpreter Development NumPy Development.Module Development.Embed 
-- Found ament_lint_auto: 0.17.1 (/opt/ros/jazzy/share/ament_lint_auto/cmake)
-- Added test 'lint_cmake' to check CMake code style
-- Added test 'xmllint' to check XML markup files
-- Configuring done (9.1s)
-- Generating done (0.0s)
-- Build files have been written to: /home/ubuntu/TB5-WaLI/wali_ws/build/wali_interfaces
[  2%] [34m[1mGenerating type hashes for ROS interfaces[0m
[  2%] Built target ament_cmake_python_symlink_wali_interfaces
running egg_info
creating wali_interfaces.egg-info
writing wali_interfaces.egg-info/PKG-INFO
writing dependency_links to wali_interfaces.egg-info/dependency_links.txt
writing top-level names to wali_interfaces.egg-info/top_level.txt
writing manifest file 'wali_interfaces.egg-info/SOURCES.txt'
[  2%] Built target wali_interfaces__rosidl_generator_type_description
[  5%] [34m[1mGenerating C code for ROS interfaces[0m
[  8%] [34m[1mGenerating C++ code for ROS interfaces[0m
reading manifest file 'wali_interfaces.egg-info/SOURCES.txt'
writing manifest file 'wali_interfaces.egg-info/SOURCES.txt'
[  8%] Built target ament_cmake_python_build_wali_interfaces_egg
[ 11%] [32mBuilding C object CMakeFiles/wali_interfaces__rosidl_generator_c.dir/rosidl_generator_c/wali_interfaces/srv/detail/say__description.c.o[0m
[ 14%] [32mBuilding C object CMakeFiles/wali_interfaces__rosidl_generator_c.dir/rosidl_generator_c/wali_interfaces/srv/detail/say__functions.c.o[0m
[ 17%] [32mBuilding C object CMakeFiles/wali_interfaces__rosidl_generator_c.dir/rosidl_generator_c/wali_interfaces/srv/detail/say__type_support.c.o[0m
[ 17%] Built target wali_interfaces__cpp
[ 20%] [32m[1mLinking C shared library libwali_interfaces__rosidl_generator_c.so[0m
[ 20%] Built target wali_interfaces__rosidl_generator_c
[ 23%] [34m[1mGenerating C++ type support dispatch for ROS interfaces[0m
[ 26%] [34m[1mGenerating C introspection for ROS interfaces[0m
[ 32%] [34m[1mGenerating C type support dispatch for ROS interfaces[0m
[ 32%] [34m[1mGenerating C type support for eProsima Fast-RTPS[0m
[ 35%] [32mBuilding CXX object CMakeFiles/wali_interfaces__rosidl_typesupport_cpp.dir/rosidl_typesupport_cpp/wali_interfaces/srv/say__type_support.cpp.o[0m
[ 38%] [32mBuilding CXX object CMakeFiles/wali_interfaces__rosidl_typesupport_c.dir/rosidl_typesupport_c/wali_interfaces/srv/say__type_support.cpp.o[0m
[ 44%] [32mBuilding CXX object CMakeFiles/wali_interfaces__rosidl_typesupport_fastrtps_c.dir/rosidl_typesupport_fastrtps_c/wali_interfaces/srv/detail/say__type_support_c.cpp.o[0m
[ 44%] [32mBuilding C object CMakeFiles/wali_interfaces__rosidl_typesupport_introspection_c.dir/rosidl_typesupport_introspection_c/wali_interfaces/srv/detail/say__type_support.c.o[0m
[ 47%] [32m[1mLinking CXX shared library libwali_interfaces__rosidl_typesupport_c.so[0m
[ 47%] Built target wali_interfaces__rosidl_typesupport_c
[ 50%] [32m[1mLinking C shared library libwali_interfaces__rosidl_typesupport_introspection_c.so[0m
[ 52%] [34m[1mGenerating C++ type support for eProsima Fast-RTPS[0m
[ 52%] Built target wali_interfaces__rosidl_typesupport_introspection_c
[ 55%] [34m[1mGenerating C++ introspection for ROS interfaces[0m
[ 58%] [32mBuilding CXX object CMakeFiles/wali_interfaces__rosidl_typesupport_introspection_cpp.dir/rosidl_typesupport_introspection_cpp/wali_interfaces/srv/detail/say__type_support.cpp.o[0m
[ 61%] [32mBuilding CXX object CMakeFiles/wali_interfaces__rosidl_typesupport_fastrtps_cpp.dir/rosidl_typesupport_fastrtps_cpp/wali_interfaces/srv/detail/dds_fastrtps/say__type_support.cpp.o[0m
[ 64%] [32m[1mLinking CXX shared library libwali_interfaces__rosidl_typesupport_fastrtps_c.so[0m
[ 67%] [32m[1mLinking CXX shared library libwali_interfaces__rosidl_typesupport_cpp.so[0m
[ 67%] Built target wali_interfaces__rosidl_typesupport_fastrtps_c
[ 67%] Built target wali_interfaces__rosidl_typesupport_cpp
[ 70%] [32m[1mLinking CXX shared library libwali_interfaces__rosidl_typesupport_introspection_cpp.so[0m
[ 70%] Built target wali_interfaces__rosidl_typesupport_introspection_cpp
[ 73%] [32m[1mLinking CXX shared library libwali_interfaces__rosidl_typesupport_fastrtps_cpp.so[0m
[ 73%] Built target wali_interfaces__rosidl_typesupport_fastrtps_cpp
[ 73%] Built target wali_interfaces
[ 76%] [34m[1mGenerating Python code for ROS interfaces[0m
[ 76%] Built target wali_interfaces__py
[ 79%] [32mBuilding C object CMakeFiles/wali_interfaces__rosidl_generator_py.dir/rosidl_generator_py/wali_interfaces/srv/_say_s.c.o[0m
[ 82%] [32m[1mLinking C shared library libwali_interfaces__rosidl_generator_py.so[0m
[ 82%] Built target wali_interfaces__rosidl_generator_py
[ 85%] [32mBuilding C object CMakeFiles/wali_interfaces_s__rosidl_typesupport_introspection_c.dir/rosidl_generator_py/wali_interfaces/_wali_interfaces_s.ep.rosidl_typesupport_introspection_c.c.o[0m
[ 91%] [32mBuilding C object CMakeFiles/wali_interfaces_s__rosidl_typesupport_c.dir/rosidl_generator_py/wali_interfaces/_wali_interfaces_s.ep.rosidl_typesupport_c.c.o[0m
[ 91%] [32mBuilding C object CMakeFiles/wali_interfaces_s__rosidl_typesupport_fastrtps_c.dir/rosidl_generator_py/wali_interfaces/_wali_interfaces_s.ep.rosidl_typesupport_fastrtps_c.c.o[0m
[ 94%] [32m[1mLinking C shared module rosidl_generator_py/wali_interfaces/wali_interfaces_s__rosidl_typesupport_introspection_c.so[0m
[ 97%] [32m[1mLinking C shared module rosidl_generator_py/wali_interfaces/wali_interfaces_s__rosidl_typesupport_c.so[0m
[100%] [32m[1mLinking C shared module rosidl_generator_py/wali_interfaces/wali_interfaces_s__rosidl_typesupport_fastrtps_c.so[0m
[100%] Built target wali_interfaces_s__rosidl_typesupport_c
[100%] Built target wali_interfaces_s__rosidl_typesupport_introspection_c
[100%] Built target wali_interfaces_s__rosidl_typesupport_fastrtps_c
-- Install configuration: ""
-- Execute custom install script
-- Symlinking: /home/ubuntu/TB5-WaLI/wali_ws/install/wali_interfaces/share/ament_index/resource_index/rosidl_interfaces/wali_interfaces
-- Symlinking: /home/ubuntu/TB5-WaLI/wali_ws/install/wali_interfaces/share/wali_interfaces/srv/Say.json
-- Symlinking: /home/ubuntu/TB5-WaLI/wali_ws/install/wali_interfaces/include/wali_interfaces/wali_interfaces/msg/rosidl_generator_c__visibility_control.h
-- Symlinking: /home/ubuntu/TB5-WaLI/wali_ws/install/wali_interfaces/include/wali_interfaces/wali_interfaces/srv/detail/say__functions.h
-- Symlinking: /home/ubuntu/TB5-WaLI/wali_ws/install/wali_interfaces/include/wali_interfaces/wali_interfaces/srv/detail/say__struct.h
-- Symlinking: /home/ubuntu/TB5-WaLI/wali_ws/install/wali_interfaces/include/wali_interfaces/wali_interfaces/srv/detail/say__type_support.h
-- Symlinking: /home/ubuntu/TB5-WaLI/wali_ws/install/wali_interfaces/include/wali_interfaces/wali_interfaces/srv/say.h
-- Symlinking: /home/ubuntu/TB5-WaLI/wali_ws/install/wali_interfaces/share/wali_interfaces/environment/library_path.sh
-- Symlinking: /home/ubuntu/TB5-WaLI/wali_ws/install/wali_interfaces/share/wali_interfaces/environment/library_path.dsv
-- Symlinking: /home/ubuntu/TB5-WaLI/wali_ws/install/wali_interfaces/include/wali_interfaces/wali_interfaces/msg/rosidl_typesupport_fastrtps_c__visibility_control.h
-- Symlinking: /home/ubuntu/TB5-WaLI/wali_ws/install/wali_interfaces/include/wali_interfaces/wali_interfaces/srv/detail/say__rosidl_typesupport_fastrtps_c.h
-- Symlinking: /home/ubuntu/TB5-WaLI/wali_ws/install/wali_interfaces/include/wali_interfaces/wali_interfaces/msg/rosidl_typesupport_introspection_c__visibility_control.h
-- Symlinking: /home/ubuntu/TB5-WaLI/wali_ws/install/wali_interfaces/include/wali_interfaces/wali_interfaces/srv/detail/say__rosidl_typesupport_introspection_c.h
-- Symlinking: /home/ubuntu/TB5-WaLI/wali_ws/install/wali_interfaces/include/wali_interfaces/wali_interfaces/msg/rosidl_generator_cpp__visibility_control.hpp
-- Symlinking: /home/ubuntu/TB5-WaLI/wali_ws/install/wali_interfaces/include/wali_interfaces/wali_interfaces/srv/detail/say__builder.hpp
-- Symlinking: /home/ubuntu/TB5-WaLI/wali_ws/install/wali_interfaces/include/wali_interfaces/wali_interfaces/srv/detail/say__struct.hpp
-- Symlinking: /home/ubuntu/TB5-WaLI/wali_ws/install/wali_interfaces/include/wali_interfaces/wali_interfaces/srv/detail/say__traits.hpp
-- Symlinking: /home/ubuntu/TB5-WaLI/wali_ws/install/wali_interfaces/include/wali_interfaces/wali_interfaces/srv/detail/say__type_support.hpp
-- Symlinking: /home/ubuntu/TB5-WaLI/wali_ws/install/wali_interfaces/include/wali_interfaces/wali_interfaces/srv/say.hpp
-- Symlinking: /home/ubuntu/TB5-WaLI/wali_ws/install/wali_interfaces/include/wali_interfaces/wali_interfaces/msg/rosidl_typesupport_fastrtps_cpp__visibility_control.h
-- Symlinking: /home/ubuntu/TB5-WaLI/wali_ws/install/wali_interfaces/include/wali_interfaces/wali_interfaces/srv/detail/say__rosidl_typesupport_fastrtps_cpp.hpp
-- Symlinking: /home/ubuntu/TB5-WaLI/wali_ws/install/wali_interfaces/include/wali_interfaces/wali_interfaces/srv/detail/say__rosidl_typesupport_introspection_cpp.hpp
-- Symlinking: /home/ubuntu/TB5-WaLI/wali_ws/install/wali_interfaces/share/wali_interfaces/environment/pythonpath.sh
-- Symlinking: /home/ubuntu/TB5-WaLI/wali_ws/install/wali_interfaces/share/wali_interfaces/environment/pythonpath.dsv
-- Symlinking: /home/ubuntu/TB5-WaLI/wali_ws/install/wali_interfaces/lib/python3.12/site-packages/wali_interfaces-0.0.1-py3.12.egg-info/PKG-INFO
-- Symlinking: /home/ubuntu/TB5-WaLI/wali_ws/install/wali_interfaces/lib/python3.12/site-packages/wali_interfaces-0.0.1-py3.12.egg-info/SOURCES.txt
-- Symlinking: /home/ubuntu/TB5-WaLI/wali_ws/install/wali_interfaces/lib/python3.12/site-packages/wali_interfaces-0.0.1-py3.12.egg-info/dependency_links.txt
-- Symlinking: /home/ubuntu/TB5-WaLI/wali_ws/install/wali_interfaces/lib/python3.12/site-packages/wali_interfaces-0.0.1-py3.12.egg-info/top_level.txt
-- Symlinking: /home/ubuntu/TB5-WaLI/wali_ws/install/wali_interfaces/lib/python3.12/site-packages/wali_interfaces/__init__.py
-- Symlinking: /home/ubuntu/TB5-WaLI/wali_ws/install/wali_interfaces/lib/python3.12/site-packages/wali_interfaces/_wali_interfaces_s.ep.rosidl_typesupport_c.c
-- Symlinking: /home/ubuntu/TB5-WaLI/wali_ws/install/wali_interfaces/lib/python3.12/site-packages/wali_interfaces/_wali_interfaces_s.ep.rosidl_typesupport_fastrtps_c.c
-- Symlinking: /home/ubuntu/TB5-WaLI/wali_ws/install/wali_interfaces/lib/python3.12/site-packages/wali_interfaces/_wali_interfaces_s.ep.rosidl_typesupport_introspection_c.c
-- Symlinking: /home/ubuntu/TB5-WaLI/wali_ws/install/wali_interfaces/lib/python3.12/site-packages/wali_interfaces/srv/__init__.py
-- Symlinking: /home/ubuntu/TB5-WaLI/wali_ws/install/wali_interfaces/lib/python3.12/site-packages/wali_interfaces/srv/_say.py
-- Symlinking: /home/ubuntu/TB5-WaLI/wali_ws/install/wali_interfaces/lib/python3.12/site-packages/wali_interfaces/srv/_say_s.c
-- Symlinking: /home/ubuntu/TB5-WaLI/wali_ws/install/wali_interfaces/lib/python3.12/site-packages/wali_interfaces/wali_interfaces_s__rosidl_typesupport_c.so
-- Symlinking: /home/ubuntu/TB5-WaLI/wali_ws/install/wali_interfaces/lib/python3.12/site-packages/wali_interfaces/wali_interfaces_s__rosidl_typesupport_fastrtps_c.so
-- Symlinking: /home/ubuntu/TB5-WaLI/wali_ws/install/wali_interfaces/lib/python3.12/site-packages/wali_interfaces/wali_interfaces_s__rosidl_typesupport_introspection_c.so
-- Up-to-date symlink: /home/ubuntu/TB5-WaLI/wali_ws/install/wali_interfaces/lib/python3.12/site-packages/wali_interfaces/wali_interfaces_s__rosidl_typesupport_fastrtps_c.so
-- Up-to-date symlink: /home/ubuntu/TB5-WaLI/wali_ws/install/wali_interfaces/lib/python3.12/site-packages/wali_interfaces/wali_interfaces_s__rosidl_typesupport_introspection_c.so
-- Up-to-date symlink: /home/ubuntu/TB5-WaLI/wali_ws/install/wali_interfaces/lib/python3.12/site-packages/wali_interfaces/wali_interfaces_s__rosidl_typesupport_c.so
-- Symlinking: /home/ubuntu/TB5-WaLI/wali_ws/install/wali_interfaces/share/wali_interfaces/srv/Say.idl
-- Symlinking: /home/ubuntu/TB5-WaLI/wali_ws/install/wali_interfaces/share/wali_interfaces/srv/Say.srv
-- Symlinking: /home/ubuntu/TB5-WaLI/wali_ws/install/wali_interfaces/share/ament_index/resource_index/package_run_dependencies/wali_interfaces
-- Symlinking: /home/ubuntu/TB5-WaLI/wali_ws/install/wali_interfaces/share/ament_index/resource_index/parent_prefix_path/wali_interfaces
-- Symlinking: /home/ubuntu/TB5-WaLI/wali_ws/install/wali_interfaces/share/wali_interfaces/environment/ament_prefix_path.sh
-- Symlinking: /home/ubuntu/TB5-WaLI/wali_ws/install/wali_interfaces/share/wali_interfaces/environment/ament_prefix_path.dsv
-- Symlinking: /home/ubuntu/TB5-WaLI/wali_ws/install/wali_interfaces/share/wali_interfaces/environment/path.sh
-- Symlinking: /home/ubuntu/TB5-WaLI/wali_ws/install/wali_interfaces/share/wali_interfaces/environment/path.dsv
-- Symlinking: /home/ubuntu/TB5-WaLI/wali_ws/install/wali_interfaces/share/wali_interfaces/local_setup.bash
-- Symlinking: /home/ubuntu/TB5-WaLI/wali_ws/install/wali_interfaces/share/wali_interfaces/local_setup.sh
-- Symlinking: /home/ubuntu/TB5-WaLI/wali_ws/install/wali_interfaces/share/wali_interfaces/local_setup.zsh
-- Symlinking: /home/ubuntu/TB5-WaLI/wali_ws/install/wali_interfaces/share/wali_interfaces/local_setup.dsv
-- Symlinking: /home/ubuntu/TB5-WaLI/wali_ws/install/wali_interfaces/share/wali_interfaces/package.dsv
-- Symlinking: /home/ubuntu/TB5-WaLI/wali_ws/install/wali_interfaces/share/ament_index/resource_index/packages/wali_interfaces
-- Symlinking: /home/ubuntu/TB5-WaLI/wali_ws/install/wali_interfaces/share/wali_interfaces/cmake/rosidl_cmake-extras.cmake
-- Symlinking: /home/ubuntu/TB5-WaLI/wali_ws/install/wali_interfaces/share/wali_interfaces/cmake/ament_cmake_export_dependencies-extras.cmake
-- Symlinking: /home/ubuntu/TB5-WaLI/wali_ws/install/wali_interfaces/share/wali_interfaces/cmake/ament_cmake_export_include_directories-extras.cmake
-- Symlinking: /home/ubuntu/TB5-WaLI/wali_ws/install/wali_interfaces/share/wali_interfaces/cmake/ament_cmake_export_libraries-extras.cmake
-- Symlinking: /home/ubuntu/TB5-WaLI/wali_ws/install/wali_interfaces/share/wali_interfaces/cmake/ament_cmake_export_targets-extras.cmake
-- Symlinking: /home/ubuntu/TB5-WaLI/wali_ws/install/wali_interfaces/share/wali_interfaces/cmake/rosidl_cmake_export_typesupport_targets-extras.cmake
-- Symlinking: /home/ubuntu/TB5-WaLI/wali_ws/install/wali_interfaces/share/wali_interfaces/cmake/rosidl_cmake_export_typesupport_libraries-extras.cmake
-- Symlinking: /home/ubuntu/TB5-WaLI/wali_ws/install/wali_interfaces/share/wali_interfaces/cmake/wali_interfacesConfig.cmake
-- Symlinking: /home/ubuntu/TB5-WaLI/wali_ws/install/wali_interfaces/share/wali_interfaces/cmake/wali_interfacesConfig-version.cmake
-- Symlinking: /home/ubuntu/TB5-WaLI/wali_ws/install/wali_interfaces/share/wali_interfaces/package.xml
-- Installing: /home/ubuntu/TB5-WaLI/wali_ws/install/wali_interfaces/lib/libwali_interfaces__rosidl_generator_c.so
-- Set non-toolchain portion of runtime path of "/home/ubuntu/TB5-WaLI/wali_ws/install/wali_interfaces/lib/libwali_interfaces__rosidl_generator_c.so" to ""
-- Installing: /home/ubuntu/TB5-WaLI/wali_ws/install/wali_interfaces/lib/libwali_interfaces__rosidl_typesupport_fastrtps_c.so
-- Set non-toolchain portion of runtime path of "/home/ubuntu/TB5-WaLI/wali_ws/install/wali_interfaces/lib/libwali_interfaces__rosidl_typesupport_fastrtps_c.so" to ""
-- Installing: /home/ubuntu/TB5-WaLI/wali_ws/install/wali_interfaces/lib/libwali_interfaces__rosidl_typesupport_introspection_c.so
-- Set non-toolchain portion of runtime path of "/home/ubuntu/TB5-WaLI/wali_ws/install/wali_interfaces/lib/libwali_interfaces__rosidl_typesupport_introspection_c.so" to ""
-- Installing: /home/ubuntu/TB5-WaLI/wali_ws/install/wali_interfaces/lib/libwali_interfaces__rosidl_typesupport_c.so
-- Set non-toolchain portion of runtime path of "/home/ubuntu/TB5-WaLI/wali_ws/install/wali_interfaces/lib/libwali_interfaces__rosidl_typesupport_c.so" to ""
-- Installing: /home/ubuntu/TB5-WaLI/wali_ws/install/wali_interfaces/lib/libwali_interfaces__rosidl_typesupport_fastrtps_cpp.so
-- Set non-toolchain portion of runtime path of "/home/ubuntu/TB5-WaLI/wali_ws/install/wali_interfaces/lib/libwali_interfaces__rosidl_typesupport_fastrtps_cpp.so" to ""
-- Installing: /home/ubuntu/TB5-WaLI/wali_ws/install/wali_interfaces/lib/libwali_interfaces__rosidl_typesupport_introspection_cpp.so
-- Set non-toolchain portion of runtime path of "/home/ubuntu/TB5-WaLI/wali_ws/install/wali_interfaces/lib/libwali_interfaces__rosidl_typesupport_introspection_cpp.so" to ""
-- Installing: /home/ubuntu/TB5-WaLI/wali_ws/install/wali_interfaces/lib/libwali_interfaces__rosidl_typesupport_cpp.so
-- Set non-toolchain portion of runtime path of "/home/ubuntu/TB5-WaLI/wali_ws/install/wali_interfaces/lib/libwali_interfaces__rosidl_typesupport_cpp.so" to ""
Listing '/home/ubuntu/TB5-WaLI/wali_ws/install/wali_interfaces/lib/python3.12/site-packages/wali_interfaces'...
Compiling '/home/ubuntu/TB5-WaLI/wali_ws/install/wali_interfaces/lib/python3.12/site-packages/wali_interfaces/__init__.py'...
Listing '/home/ubuntu/TB5-WaLI/wali_ws/install/wali_interfaces/lib/python3.12/site-packages/wali_interfaces/srv'...
Compiling '/home/ubuntu/TB5-WaLI/wali_ws/install/wali_interfaces/lib/python3.12/site-packages/wali_interfaces/srv/__init__.py'...
Compiling '/home/ubuntu/TB5-WaLI/wali_ws/install/wali_interfaces/lib/python3.12/site-packages/wali_interfaces/srv/_say.py'...
-- Installing: /home/ubuntu/TB5-WaLI/wali_ws/install/wali_interfaces/lib/libwali_interfaces__rosidl_generator_py.so
-- Set non-toolchain portion of runtime path of "/home/ubuntu/TB5-WaLI/wali_ws/install/wali_interfaces/lib/libwali_interfaces__rosidl_generator_py.so" to ""
-- Installing: /home/ubuntu/TB5-WaLI/wali_ws/install/wali_interfaces/share/wali_interfaces/cmake/export_wali_interfaces__rosidl_generator_cExport.cmake
-- Installing: /home/ubuntu/TB5-WaLI/wali_ws/install/wali_interfaces/share/wali_interfaces/cmake/export_wali_interfaces__rosidl_generator_cExport-noconfig.cmake
-- Installing: /home/ubuntu/TB5-WaLI/wali_ws/install/wali_interfaces/share/wali_interfaces/cmake/export_wali_interfaces__rosidl_typesupport_fastrtps_cExport.cmake
-- Installing: /home/ubuntu/TB5-WaLI/wali_ws/install/wali_interfaces/share/wali_interfaces/cmake/export_wali_interfaces__rosidl_typesupport_fastrtps_cExport-noconfig.cmake
-- Installing: /home/ubuntu/TB5-WaLI/wali_ws/install/wali_interfaces/share/wali_interfaces/cmake/wali_interfaces__rosidl_typesupport_introspection_cExport.cmake
-- Installing: /home/ubuntu/TB5-WaLI/wali_ws/install/wali_interfaces/share/wali_interfaces/cmake/wali_interfaces__rosidl_typesupport_introspection_cExport-noconfig.cmake
-- Installing: /home/ubuntu/TB5-WaLI/wali_ws/install/wali_interfaces/share/wali_interfaces/cmake/wali_interfaces__rosidl_typesupport_cExport.cmake
-- Installing: /home/ubuntu/TB5-WaLI/wali_ws/install/wali_interfaces/share/wali_interfaces/cmake/wali_interfaces__rosidl_typesupport_cExport-noconfig.cmake
-- Installing: /home/ubuntu/TB5-WaLI/wali_ws/install/wali_interfaces/share/wali_interfaces/cmake/export_wali_interfaces__rosidl_generator_cppExport.cmake
-- Installing: /home/ubuntu/TB5-WaLI/wali_ws/install/wali_interfaces/share/wali_interfaces/cmake/export_wali_interfaces__rosidl_typesupport_fastrtps_cppExport.cmake
-- Installing: /home/ubuntu/TB5-WaLI/wali_ws/install/wali_interfaces/share/wali_interfaces/cmake/export_wali_interfaces__rosidl_typesupport_fastrtps_cppExport-noconfig.cmake
-- Installing: /home/ubuntu/TB5-WaLI/wali_ws/install/wali_interfaces/share/wali_interfaces/cmake/wali_interfaces__rosidl_typesupport_introspection_cppExport.cmake
-- Installing: /home/ubuntu/TB5-WaLI/wali_ws/install/wali_interfaces/share/wali_interfaces/cmake/wali_interfaces__rosidl_typesupport_introspection_cppExport-noconfig.cmake
-- Installing: /home/ubuntu/TB5-WaLI/wali_ws/install/wali_interfaces/share/wali_interfaces/cmake/wali_interfaces__rosidl_typesupport_cppExport.cmake
-- Installing: /home/ubuntu/TB5-WaLI/wali_ws/install/wali_interfaces/share/wali_interfaces/cmake/wali_interfaces__rosidl_typesupport_cppExport-noconfig.cmake
-- Installing: /home/ubuntu/TB5-WaLI/wali_ws/install/wali_interfaces/share/wali_interfaces/cmake/export_wali_interfaces__rosidl_generator_pyExport.cmake
-- Installing: /home/ubuntu/TB5-WaLI/wali_ws/install/wali_interfaces/share/wali_interfaces/cmake/export_wali_interfaces__rosidl_generator_pyExport-noconfig.cmake
