[0.032s] Invoking command in '/home/ubuntu/TB5-WaLI/wali_ws/build/wali_interfaces': CMAKE_PREFIX_PATH=${CMAKE_PREFIX_PATH}:/opt/ros/jazzy DEBUGINFOD_URLS=https://debuginfod.ubuntu.com /usr/bin/cmake /home/ubuntu/TB5-WaLI/wali_ws/src/wali_interfaces -DAMENT_CMAKE_SYMLINK_INSTALL=1 -DCMAKE_INSTALL_PREFIX=/home/ubuntu/TB5-WaLI/wali_ws/install/wali_interfaces
[0.751s] -- The C compiler identification is GNU 13.3.0
[1.247s] -- The CXX compiler identification is GNU 13.3.0
[1.295s] -- Detecting C compiler ABI info
[1.551s] -- Detecting C compiler ABI info - done
[1.566s] -- Check for working C compiler: /usr/bin/cc - skipped
[1.567s] -- Detecting C compile features
[1.568s] -- Detecting C compile features - done
[1.587s] -- Detecting CXX compiler ABI info
[1.828s] -- Detecting CXX compiler ABI info - done
[1.846s] -- Check for working CXX compiler: /usr/bin/c++ - skipped
[1.846s] -- Detecting CXX compile features
[1.846s] -- Detecting CXX compile features - done
[1.859s] -- Found ament_cmake: 2.5.3 (/opt/ros/jazzy/share/ament_cmake/cmake)
[2.232s] -- Found Python3: /usr/bin/python3 (found version "3.12.3") found components: Interpreter 
[2.585s] -- Override CMake install command with custom implementation using symlinks instead of copying resources
[2.778s] -- Found rosidl_default_generators: 1.6.0 (/opt/ros/jazzy/share/rosidl_default_generators/cmake)
[2.804s] -- Using all available rosidl_typesupport_c: rosidl_typesupport_fastrtps_c;rosidl_typesupport_introspection_c
[2.968s] -- Using all available rosidl_typesupport_cpp: rosidl_typesupport_fastrtps_cpp;rosidl_typesupport_introspection_cpp
[3.107s] -- Found rosidl_adapter: 4.6.5 (/opt/ros/jazzy/share/rosidl_adapter/cmake)
[4.581s] -- Found ament_cmake_ros: 0.12.0 (/opt/ros/jazzy/share/ament_cmake_ros/cmake)
[5.629s] -- Using all available rosidl_typesupport_c: rosidl_typesupport_fastrtps_c;rosidl_typesupport_introspection_c
[6.985s] -- Using all available rosidl_typesupport_cpp: rosidl_typesupport_fastrtps_cpp;rosidl_typesupport_introspection_cpp
[7.040s] -- Found python_cmake_module: 0.11.1 (/opt/ros/jazzy/share/python_cmake_module/cmake)
[7.354s] -- Found PythonExtra: /usr/bin/python3  
[9.150s] -- Found Python3: /usr/bin/python3 (found version "3.12.3") found components: Interpreter Development NumPy Development.Module Development.Embed 
[9.227s] -- Found ament_lint_auto: 0.17.1 (/opt/ros/jazzy/share/ament_lint_auto/cmake)
[9.282s] -- Added test 'lint_cmake' to check CMake code style
[9.284s] -- Added test 'xmllint' to check XML markup files
[9.291s] -- Configuring done (9.1s)
[9.342s] -- Generating done (0.0s)
[9.362s] -- Build files have been written to: /home/ubuntu/TB5-WaLI/wali_ws/build/wali_interfaces
[9.389s] Invoked command in '/home/ubuntu/TB5-WaLI/wali_ws/build/wali_interfaces' returned '0': CMAKE_PREFIX_PATH=${CMAKE_PREFIX_PATH}:/opt/ros/jazzy DEBUGINFOD_URLS=https://debuginfod.ubuntu.com /usr/bin/cmake /home/ubuntu/TB5-WaLI/wali_ws/src/wali_interfaces -DAMENT_CMAKE_SYMLINK_INSTALL=1 -DCMAKE_INSTALL_PREFIX=/home/ubuntu/TB5-WaLI/wali_ws/install/wali_interfaces
[9.392s] Invoking command in '/home/ubuntu/TB5-WaLI/wali_ws/build/wali_interfaces': CMAKE_PREFIX_PATH=${CMAKE_PREFIX_PATH}:/opt/ros/jazzy DEBUGINFOD_URLS=https://debuginfod.ubuntu.com /usr/bin/cmake --build /home/ubuntu/TB5-WaLI/wali_ws/build/wali_interfaces -- -j4 -l4
[9.509s] [  2%] [34m[1mGenerating type hashes for ROS interfaces[0m
[9.548s] [  2%] Built target ament_cmake_python_symlink_wali_interfaces
[9.996s] running egg_info
[9.998s] creating wali_interfaces.egg-info
[10.064s] writing wali_interfaces.egg-info/PKG-INFO
[10.065s] writing dependency_links to wali_interfaces.egg-info/dependency_links.txt
[10.065s] writing top-level names to wali_interfaces.egg-info/top_level.txt
[10.065s] writing manifest file 'wali_interfaces.egg-info/SOURCES.txt'
[10.094s] [  2%] Built target wali_interfaces__rosidl_generator_type_description
[10.145s] [  5%] [34m[1mGenerating C code for ROS interfaces[0m
[10.204s] [  8%] [34m[1mGenerating C++ code for ROS interfaces[0m
[10.237s] reading manifest file 'wali_interfaces.egg-info/SOURCES.txt'
[10.237s] writing manifest file 'wali_interfaces.egg-info/SOURCES.txt'
[10.441s] [  8%] Built target ament_cmake_python_build_wali_interfaces_egg
[11.107s] [ 11%] [32mBuilding C object CMakeFiles/wali_interfaces__rosidl_generator_c.dir/rosidl_generator_c/wali_interfaces/srv/detail/say__description.c.o[0m
[11.121s] [ 14%] [32mBuilding C object CMakeFiles/wali_interfaces__rosidl_generator_c.dir/rosidl_generator_c/wali_interfaces/srv/detail/say__functions.c.o[0m
[11.130s] [ 17%] [32mBuilding C object CMakeFiles/wali_interfaces__rosidl_generator_c.dir/rosidl_generator_c/wali_interfaces/srv/detail/say__type_support.c.o[0m
[11.135s] [ 17%] Built target wali_interfaces__cpp
[11.430s] [ 20%] [32m[1mLinking C shared library libwali_interfaces__rosidl_generator_c.so[0m
[11.548s] [ 20%] Built target wali_interfaces__rosidl_generator_c
[11.572s] [ 23%] [34m[1mGenerating C++ type support dispatch for ROS interfaces[0m
[11.577s] [ 26%] [34m[1mGenerating C introspection for ROS interfaces[0m
[11.589s] [ 32%] [34m[1mGenerating C type support dispatch for ROS interfaces[0m
[11.589s] [ 32%] [34m[1mGenerating C type support for eProsima Fast-RTPS[0m
[12.230s] [ 35%] [32mBuilding CXX object CMakeFiles/wali_interfaces__rosidl_typesupport_cpp.dir/rosidl_typesupport_cpp/wali_interfaces/srv/say__type_support.cpp.o[0m
[12.275s] [ 38%] [32mBuilding CXX object CMakeFiles/wali_interfaces__rosidl_typesupport_c.dir/rosidl_typesupport_c/wali_interfaces/srv/say__type_support.cpp.o[0m
[12.535s] [ 44%] [32mBuilding CXX object CMakeFiles/wali_interfaces__rosidl_typesupport_fastrtps_c.dir/rosidl_typesupport_fastrtps_c/wali_interfaces/srv/detail/say__type_support_c.cpp.o[0m
[12.542s] [ 44%] [32mBuilding C object CMakeFiles/wali_interfaces__rosidl_typesupport_introspection_c.dir/rosidl_typesupport_introspection_c/wali_interfaces/srv/detail/say__type_support.c.o[0m
[12.645s] [ 47%] [32m[1mLinking CXX shared library libwali_interfaces__rosidl_typesupport_c.so[0m
[12.827s] [ 47%] Built target wali_interfaces__rosidl_typesupport_c
[12.838s] [ 50%] [32m[1mLinking C shared library libwali_interfaces__rosidl_typesupport_introspection_c.so[0m
[12.879s] [ 52%] [34m[1mGenerating C++ type support for eProsima Fast-RTPS[0m
[13.003s] [ 52%] Built target wali_interfaces__rosidl_typesupport_introspection_c
[13.057s] [ 55%] [34m[1mGenerating C++ introspection for ROS interfaces[0m
[14.009s] [ 58%] [32mBuilding CXX object CMakeFiles/wali_interfaces__rosidl_typesupport_introspection_cpp.dir/rosidl_typesupport_introspection_cpp/wali_interfaces/srv/detail/say__type_support.cpp.o[0m
[14.148s] [ 61%] [32mBuilding CXX object CMakeFiles/wali_interfaces__rosidl_typesupport_fastrtps_cpp.dir/rosidl_typesupport_fastrtps_cpp/wali_interfaces/srv/detail/dds_fastrtps/say__type_support.cpp.o[0m
[14.905s] [ 64%] [32m[1mLinking CXX shared library libwali_interfaces__rosidl_typesupport_fastrtps_c.so[0m
[14.992s] [ 67%] [32m[1mLinking CXX shared library libwali_interfaces__rosidl_typesupport_cpp.so[0m
[15.408s] [ 67%] Built target wali_interfaces__rosidl_typesupport_fastrtps_c
[15.502s] [ 67%] Built target wali_interfaces__rosidl_typesupport_cpp
[15.988s] [ 70%] [32m[1mLinking CXX shared library libwali_interfaces__rosidl_typesupport_introspection_cpp.so[0m
[16.274s] [ 70%] Built target wali_interfaces__rosidl_typesupport_introspection_cpp
[16.599s] [ 73%] [32m[1mLinking CXX shared library libwali_interfaces__rosidl_typesupport_fastrtps_cpp.so[0m
[16.796s] [ 73%] Built target wali_interfaces__rosidl_typesupport_fastrtps_cpp
[16.843s] [ 73%] Built target wali_interfaces
[16.887s] [ 76%] [34m[1mGenerating Python code for ROS interfaces[0m
[17.583s] [ 76%] Built target wali_interfaces__py
[17.625s] [ 79%] [32mBuilding C object CMakeFiles/wali_interfaces__rosidl_generator_py.dir/rosidl_generator_py/wali_interfaces/srv/_say_s.c.o[0m
[17.987s] [ 82%] [32m[1mLinking C shared library libwali_interfaces__rosidl_generator_py.so[0m
[18.105s] [ 82%] Built target wali_interfaces__rosidl_generator_py
[18.155s] [ 85%] [32mBuilding C object CMakeFiles/wali_interfaces_s__rosidl_typesupport_introspection_c.dir/rosidl_generator_py/wali_interfaces/_wali_interfaces_s.ep.rosidl_typesupport_introspection_c.c.o[0m
[18.158s] [ 91%] [32mBuilding C object CMakeFiles/wali_interfaces_s__rosidl_typesupport_c.dir/rosidl_generator_py/wali_interfaces/_wali_interfaces_s.ep.rosidl_typesupport_c.c.o[0m
[18.159s] [ 91%] [32mBuilding C object CMakeFiles/wali_interfaces_s__rosidl_typesupport_fastrtps_c.dir/rosidl_generator_py/wali_interfaces/_wali_interfaces_s.ep.rosidl_typesupport_fastrtps_c.c.o[0m
[18.391s] [ 94%] [32m[1mLinking C shared module rosidl_generator_py/wali_interfaces/wali_interfaces_s__rosidl_typesupport_introspection_c.so[0m
[18.392s] [ 97%] [32m[1mLinking C shared module rosidl_generator_py/wali_interfaces/wali_interfaces_s__rosidl_typesupport_c.so[0m
[18.399s] [100%] [32m[1mLinking C shared module rosidl_generator_py/wali_interfaces/wali_interfaces_s__rosidl_typesupport_fastrtps_c.so[0m
[18.467s] [100%] Built target wali_interfaces_s__rosidl_typesupport_c
[18.470s] [100%] Built target wali_interfaces_s__rosidl_typesupport_introspection_c
[18.477s] [100%] Built target wali_interfaces_s__rosidl_typesupport_fastrtps_c
[18.500s] Invoked command in '/home/ubuntu/TB5-WaLI/wali_ws/build/wali_interfaces' returned '0': CMAKE_PREFIX_PATH=${CMAKE_PREFIX_PATH}:/opt/ros/jazzy DEBUGINFOD_URLS=https://debuginfod.ubuntu.com /usr/bin/cmake --build /home/ubuntu/TB5-WaLI/wali_ws/build/wali_interfaces -- -j4 -l4
[18.503s] Invoking command in '/home/ubuntu/TB5-WaLI/wali_ws/build/wali_interfaces': CMAKE_PREFIX_PATH=${CMAKE_PREFIX_PATH}:/opt/ros/jazzy DEBUGINFOD_URLS=https://debuginfod.ubuntu.com /usr/bin/cmake --install /home/ubuntu/TB5-WaLI/wali_ws/build/wali_interfaces
[18.519s] -- Install configuration: ""
[18.520s] -- Execute custom install script
[18.521s] -- Symlinking: /home/ubuntu/TB5-WaLI/wali_ws/install/wali_interfaces/share/ament_index/resource_index/rosidl_interfaces/wali_interfaces
[18.540s] -- Symlinking: /home/ubuntu/TB5-WaLI/wali_ws/install/wali_interfaces/share/wali_interfaces/srv/Say.json
[18.560s] -- Symlinking: /home/ubuntu/TB5-WaLI/wali_ws/install/wali_interfaces/include/wali_interfaces/wali_interfaces/msg/rosidl_generator_c__visibility_control.h
[18.579s] -- Symlinking: /home/ubuntu/TB5-WaLI/wali_ws/install/wali_interfaces/include/wali_interfaces/wali_interfaces/srv/detail/say__functions.h
[18.597s] -- Symlinking: /home/ubuntu/TB5-WaLI/wali_ws/install/wali_interfaces/include/wali_interfaces/wali_interfaces/srv/detail/say__struct.h
[18.615s] -- Symlinking: /home/ubuntu/TB5-WaLI/wali_ws/install/wali_interfaces/include/wali_interfaces/wali_interfaces/srv/detail/say__type_support.h
[18.633s] -- Symlinking: /home/ubuntu/TB5-WaLI/wali_ws/install/wali_interfaces/include/wali_interfaces/wali_interfaces/srv/say.h
[18.651s] -- Symlinking: /home/ubuntu/TB5-WaLI/wali_ws/install/wali_interfaces/share/wali_interfaces/environment/library_path.sh
[18.669s] -- Symlinking: /home/ubuntu/TB5-WaLI/wali_ws/install/wali_interfaces/share/wali_interfaces/environment/library_path.dsv
[18.687s] -- Symlinking: /home/ubuntu/TB5-WaLI/wali_ws/install/wali_interfaces/include/wali_interfaces/wali_interfaces/msg/rosidl_typesupport_fastrtps_c__visibility_control.h
[18.705s] -- Symlinking: /home/ubuntu/TB5-WaLI/wali_ws/install/wali_interfaces/include/wali_interfaces/wali_interfaces/srv/detail/say__rosidl_typesupport_fastrtps_c.h
[18.724s] -- Symlinking: /home/ubuntu/TB5-WaLI/wali_ws/install/wali_interfaces/include/wali_interfaces/wali_interfaces/msg/rosidl_typesupport_introspection_c__visibility_control.h
[18.742s] -- Symlinking: /home/ubuntu/TB5-WaLI/wali_ws/install/wali_interfaces/include/wali_interfaces/wali_interfaces/srv/detail/say__rosidl_typesupport_introspection_c.h
[18.760s] -- Symlinking: /home/ubuntu/TB5-WaLI/wali_ws/install/wali_interfaces/include/wali_interfaces/wali_interfaces/msg/rosidl_generator_cpp__visibility_control.hpp
[18.778s] -- Symlinking: /home/ubuntu/TB5-WaLI/wali_ws/install/wali_interfaces/include/wali_interfaces/wali_interfaces/srv/detail/say__builder.hpp
[18.796s] -- Symlinking: /home/ubuntu/TB5-WaLI/wali_ws/install/wali_interfaces/include/wali_interfaces/wali_interfaces/srv/detail/say__struct.hpp
[18.815s] -- Symlinking: /home/ubuntu/TB5-WaLI/wali_ws/install/wali_interfaces/include/wali_interfaces/wali_interfaces/srv/detail/say__traits.hpp
[18.832s] -- Symlinking: /home/ubuntu/TB5-WaLI/wali_ws/install/wali_interfaces/include/wali_interfaces/wali_interfaces/srv/detail/say__type_support.hpp
[18.850s] -- Symlinking: /home/ubuntu/TB5-WaLI/wali_ws/install/wali_interfaces/include/wali_interfaces/wali_interfaces/srv/say.hpp
[18.868s] -- Symlinking: /home/ubuntu/TB5-WaLI/wali_ws/install/wali_interfaces/include/wali_interfaces/wali_interfaces/msg/rosidl_typesupport_fastrtps_cpp__visibility_control.h
[18.886s] -- Symlinking: /home/ubuntu/TB5-WaLI/wali_ws/install/wali_interfaces/include/wali_interfaces/wali_interfaces/srv/detail/say__rosidl_typesupport_fastrtps_cpp.hpp
[18.903s] -- Symlinking: /home/ubuntu/TB5-WaLI/wali_ws/install/wali_interfaces/include/wali_interfaces/wali_interfaces/srv/detail/say__rosidl_typesupport_introspection_cpp.hpp
[18.921s] -- Symlinking: /home/ubuntu/TB5-WaLI/wali_ws/install/wali_interfaces/share/wali_interfaces/environment/pythonpath.sh
[18.939s] -- Symlinking: /home/ubuntu/TB5-WaLI/wali_ws/install/wali_interfaces/share/wali_interfaces/environment/pythonpath.dsv
[18.957s] -- Symlinking: /home/ubuntu/TB5-WaLI/wali_ws/install/wali_interfaces/lib/python3.12/site-packages/wali_interfaces-0.0.1-py3.12.egg-info/PKG-INFO
[18.975s] -- Symlinking: /home/ubuntu/TB5-WaLI/wali_ws/install/wali_interfaces/lib/python3.12/site-packages/wali_interfaces-0.0.1-py3.12.egg-info/SOURCES.txt
[18.993s] -- Symlinking: /home/ubuntu/TB5-WaLI/wali_ws/install/wali_interfaces/lib/python3.12/site-packages/wali_interfaces-0.0.1-py3.12.egg-info/dependency_links.txt
[19.010s] -- Symlinking: /home/ubuntu/TB5-WaLI/wali_ws/install/wali_interfaces/lib/python3.12/site-packages/wali_interfaces-0.0.1-py3.12.egg-info/top_level.txt
[19.029s] -- Symlinking: /home/ubuntu/TB5-WaLI/wali_ws/install/wali_interfaces/lib/python3.12/site-packages/wali_interfaces/__init__.py
[19.047s] -- Symlinking: /home/ubuntu/TB5-WaLI/wali_ws/install/wali_interfaces/lib/python3.12/site-packages/wali_interfaces/_wali_interfaces_s.ep.rosidl_typesupport_c.c
[19.064s] -- Symlinking: /home/ubuntu/TB5-WaLI/wali_ws/install/wali_interfaces/lib/python3.12/site-packages/wali_interfaces/_wali_interfaces_s.ep.rosidl_typesupport_fastrtps_c.c
[19.082s] -- Symlinking: /home/ubuntu/TB5-WaLI/wali_ws/install/wali_interfaces/lib/python3.12/site-packages/wali_interfaces/_wali_interfaces_s.ep.rosidl_typesupport_introspection_c.c
[19.100s] -- Symlinking: /home/ubuntu/TB5-WaLI/wali_ws/install/wali_interfaces/lib/python3.12/site-packages/wali_interfaces/srv/__init__.py
[19.117s] -- Symlinking: /home/ubuntu/TB5-WaLI/wali_ws/install/wali_interfaces/lib/python3.12/site-packages/wali_interfaces/srv/_say.py
[19.135s] -- Symlinking: /home/ubuntu/TB5-WaLI/wali_ws/install/wali_interfaces/lib/python3.12/site-packages/wali_interfaces/srv/_say_s.c
[19.153s] -- Symlinking: /home/ubuntu/TB5-WaLI/wali_ws/install/wali_interfaces/lib/python3.12/site-packages/wali_interfaces/wali_interfaces_s__rosidl_typesupport_c.so
[19.171s] -- Symlinking: /home/ubuntu/TB5-WaLI/wali_ws/install/wali_interfaces/lib/python3.12/site-packages/wali_interfaces/wali_interfaces_s__rosidl_typesupport_fastrtps_c.so
[19.189s] -- Symlinking: /home/ubuntu/TB5-WaLI/wali_ws/install/wali_interfaces/lib/python3.12/site-packages/wali_interfaces/wali_interfaces_s__rosidl_typesupport_introspection_c.so
[19.207s] -- Up-to-date symlink: /home/ubuntu/TB5-WaLI/wali_ws/install/wali_interfaces/lib/python3.12/site-packages/wali_interfaces/wali_interfaces_s__rosidl_typesupport_fastrtps_c.so
[19.207s] -- Up-to-date symlink: /home/ubuntu/TB5-WaLI/wali_ws/install/wali_interfaces/lib/python3.12/site-packages/wali_interfaces/wali_interfaces_s__rosidl_typesupport_introspection_c.so
[19.207s] -- Up-to-date symlink: /home/ubuntu/TB5-WaLI/wali_ws/install/wali_interfaces/lib/python3.12/site-packages/wali_interfaces/wali_interfaces_s__rosidl_typesupport_c.so
[19.208s] -- Symlinking: /home/ubuntu/TB5-WaLI/wali_ws/install/wali_interfaces/share/wali_interfaces/srv/Say.idl
[19.226s] -- Symlinking: /home/ubuntu/TB5-WaLI/wali_ws/install/wali_interfaces/share/wali_interfaces/srv/Say.srv
[19.244s] -- Symlinking: /home/ubuntu/TB5-WaLI/wali_ws/install/wali_interfaces/share/ament_index/resource_index/package_run_dependencies/wali_interfaces
[19.262s] -- Symlinking: /home/ubuntu/TB5-WaLI/wali_ws/install/wali_interfaces/share/ament_index/resource_index/parent_prefix_path/wali_interfaces
[19.280s] -- Symlinking: /home/ubuntu/TB5-WaLI/wali_ws/install/wali_interfaces/share/wali_interfaces/environment/ament_prefix_path.sh
[19.298s] -- Symlinking: /home/ubuntu/TB5-WaLI/wali_ws/install/wali_interfaces/share/wali_interfaces/environment/ament_prefix_path.dsv
[19.316s] -- Symlinking: /home/ubuntu/TB5-WaLI/wali_ws/install/wali_interfaces/share/wali_interfaces/environment/path.sh
[19.334s] -- Symlinking: /home/ubuntu/TB5-WaLI/wali_ws/install/wali_interfaces/share/wali_interfaces/environment/path.dsv
[19.352s] -- Symlinking: /home/ubuntu/TB5-WaLI/wali_ws/install/wali_interfaces/share/wali_interfaces/local_setup.bash
[19.370s] -- Symlinking: /home/ubuntu/TB5-WaLI/wali_ws/install/wali_interfaces/share/wali_interfaces/local_setup.sh
[19.388s] -- Symlinking: /home/ubuntu/TB5-WaLI/wali_ws/install/wali_interfaces/share/wali_interfaces/local_setup.zsh
[19.406s] -- Symlinking: /home/ubuntu/TB5-WaLI/wali_ws/install/wali_interfaces/share/wali_interfaces/local_setup.dsv
[19.424s] -- Symlinking: /home/ubuntu/TB5-WaLI/wali_ws/install/wali_interfaces/share/wali_interfaces/package.dsv
[19.442s] -- Symlinking: /home/ubuntu/TB5-WaLI/wali_ws/install/wali_interfaces/share/ament_index/resource_index/packages/wali_interfaces
[19.460s] -- Symlinking: /home/ubuntu/TB5-WaLI/wali_ws/install/wali_interfaces/share/wali_interfaces/cmake/rosidl_cmake-extras.cmake
[19.478s] -- Symlinking: /home/ubuntu/TB5-WaLI/wali_ws/install/wali_interfaces/share/wali_interfaces/cmake/ament_cmake_export_dependencies-extras.cmake
[19.495s] -- Symlinking: /home/ubuntu/TB5-WaLI/wali_ws/install/wali_interfaces/share/wali_interfaces/cmake/ament_cmake_export_include_directories-extras.cmake
[19.515s] -- Symlinking: /home/ubuntu/TB5-WaLI/wali_ws/install/wali_interfaces/share/wali_interfaces/cmake/ament_cmake_export_libraries-extras.cmake
[19.536s] -- Symlinking: /home/ubuntu/TB5-WaLI/wali_ws/install/wali_interfaces/share/wali_interfaces/cmake/ament_cmake_export_targets-extras.cmake
[19.557s] -- Symlinking: /home/ubuntu/TB5-WaLI/wali_ws/install/wali_interfaces/share/wali_interfaces/cmake/rosidl_cmake_export_typesupport_targets-extras.cmake
[19.580s] -- Symlinking: /home/ubuntu/TB5-WaLI/wali_ws/install/wali_interfaces/share/wali_interfaces/cmake/rosidl_cmake_export_typesupport_libraries-extras.cmake
[19.601s] -- Symlinking: /home/ubuntu/TB5-WaLI/wali_ws/install/wali_interfaces/share/wali_interfaces/cmake/wali_interfacesConfig.cmake
[19.620s] -- Symlinking: /home/ubuntu/TB5-WaLI/wali_ws/install/wali_interfaces/share/wali_interfaces/cmake/wali_interfacesConfig-version.cmake
[19.639s] -- Symlinking: /home/ubuntu/TB5-WaLI/wali_ws/install/wali_interfaces/share/wali_interfaces/package.xml
[19.658s] -- Installing: /home/ubuntu/TB5-WaLI/wali_ws/install/wali_interfaces/lib/libwali_interfaces__rosidl_generator_c.so
[19.659s] -- Set non-toolchain portion of runtime path of "/home/ubuntu/TB5-WaLI/wali_ws/install/wali_interfaces/lib/libwali_interfaces__rosidl_generator_c.so" to ""
[19.659s] -- Installing: /home/ubuntu/TB5-WaLI/wali_ws/install/wali_interfaces/lib/libwali_interfaces__rosidl_typesupport_fastrtps_c.so
[19.659s] -- Set non-toolchain portion of runtime path of "/home/ubuntu/TB5-WaLI/wali_ws/install/wali_interfaces/lib/libwali_interfaces__rosidl_typesupport_fastrtps_c.so" to ""
[19.660s] -- Installing: /home/ubuntu/TB5-WaLI/wali_ws/install/wali_interfaces/lib/libwali_interfaces__rosidl_typesupport_introspection_c.so
[19.660s] -- Set non-toolchain portion of runtime path of "/home/ubuntu/TB5-WaLI/wali_ws/install/wali_interfaces/lib/libwali_interfaces__rosidl_typesupport_introspection_c.so" to ""
[19.660s] -- Installing: /home/ubuntu/TB5-WaLI/wali_ws/install/wali_interfaces/lib/libwali_interfaces__rosidl_typesupport_c.so
[19.661s] -- Set non-toolchain portion of runtime path of "/home/ubuntu/TB5-WaLI/wali_ws/install/wali_interfaces/lib/libwali_interfaces__rosidl_typesupport_c.so" to ""
[19.661s] -- Installing: /home/ubuntu/TB5-WaLI/wali_ws/install/wali_interfaces/lib/libwali_interfaces__rosidl_typesupport_fastrtps_cpp.so
[19.662s] -- Set non-toolchain portion of runtime path of "/home/ubuntu/TB5-WaLI/wali_ws/install/wali_interfaces/lib/libwali_interfaces__rosidl_typesupport_fastrtps_cpp.so" to ""
[19.662s] -- Installing: /home/ubuntu/TB5-WaLI/wali_ws/install/wali_interfaces/lib/libwali_interfaces__rosidl_typesupport_introspection_cpp.so
[19.663s] -- Set non-toolchain portion of runtime path of "/home/ubuntu/TB5-WaLI/wali_ws/install/wali_interfaces/lib/libwali_interfaces__rosidl_typesupport_introspection_cpp.so" to ""
[19.663s] -- Installing: /home/ubuntu/TB5-WaLI/wali_ws/install/wali_interfaces/lib/libwali_interfaces__rosidl_typesupport_cpp.so
[19.663s] -- Set non-toolchain portion of runtime path of "/home/ubuntu/TB5-WaLI/wali_ws/install/wali_interfaces/lib/libwali_interfaces__rosidl_typesupport_cpp.so" to ""
[19.725s] Listing '/home/ubuntu/TB5-WaLI/wali_ws/install/wali_interfaces/lib/python3.12/site-packages/wali_interfaces'...
[19.725s] Compiling '/home/ubuntu/TB5-WaLI/wali_ws/install/wali_interfaces/lib/python3.12/site-packages/wali_interfaces/__init__.py'...
[19.725s] Listing '/home/ubuntu/TB5-WaLI/wali_ws/install/wali_interfaces/lib/python3.12/site-packages/wali_interfaces/srv'...
[19.725s] Compiling '/home/ubuntu/TB5-WaLI/wali_ws/install/wali_interfaces/lib/python3.12/site-packages/wali_interfaces/srv/__init__.py'...
[19.725s] Compiling '/home/ubuntu/TB5-WaLI/wali_ws/install/wali_interfaces/lib/python3.12/site-packages/wali_interfaces/srv/_say.py'...
[19.739s] -- Installing: /home/ubuntu/TB5-WaLI/wali_ws/install/wali_interfaces/lib/libwali_interfaces__rosidl_generator_py.so
[19.740s] -- Set non-toolchain portion of runtime path of "/home/ubuntu/TB5-WaLI/wali_ws/install/wali_interfaces/lib/libwali_interfaces__rosidl_generator_py.so" to ""
[19.740s] -- Installing: /home/ubuntu/TB5-WaLI/wali_ws/install/wali_interfaces/share/wali_interfaces/cmake/export_wali_interfaces__rosidl_generator_cExport.cmake
[19.740s] -- Installing: /home/ubuntu/TB5-WaLI/wali_ws/install/wali_interfaces/share/wali_interfaces/cmake/export_wali_interfaces__rosidl_generator_cExport-noconfig.cmake
[19.740s] -- Installing: /home/ubuntu/TB5-WaLI/wali_ws/install/wali_interfaces/share/wali_interfaces/cmake/export_wali_interfaces__rosidl_typesupport_fastrtps_cExport.cmake
[19.740s] -- Installing: /home/ubuntu/TB5-WaLI/wali_ws/install/wali_interfaces/share/wali_interfaces/cmake/export_wali_interfaces__rosidl_typesupport_fastrtps_cExport-noconfig.cmake
[19.741s] -- Installing: /home/ubuntu/TB5-WaLI/wali_ws/install/wali_interfaces/share/wali_interfaces/cmake/wali_interfaces__rosidl_typesupport_introspection_cExport.cmake
[19.741s] -- Installing: /home/ubuntu/TB5-WaLI/wali_ws/install/wali_interfaces/share/wali_interfaces/cmake/wali_interfaces__rosidl_typesupport_introspection_cExport-noconfig.cmake
[19.741s] -- Installing: /home/ubuntu/TB5-WaLI/wali_ws/install/wali_interfaces/share/wali_interfaces/cmake/wali_interfaces__rosidl_typesupport_cExport.cmake
[19.741s] -- Installing: /home/ubuntu/TB5-WaLI/wali_ws/install/wali_interfaces/share/wali_interfaces/cmake/wali_interfaces__rosidl_typesupport_cExport-noconfig.cmake
[19.742s] -- Installing: /home/ubuntu/TB5-WaLI/wali_ws/install/wali_interfaces/share/wali_interfaces/cmake/export_wali_interfaces__rosidl_generator_cppExport.cmake
[19.742s] -- Installing: /home/ubuntu/TB5-WaLI/wali_ws/install/wali_interfaces/share/wali_interfaces/cmake/export_wali_interfaces__rosidl_typesupport_fastrtps_cppExport.cmake
[19.742s] -- Installing: /home/ubuntu/TB5-WaLI/wali_ws/install/wali_interfaces/share/wali_interfaces/cmake/export_wali_interfaces__rosidl_typesupport_fastrtps_cppExport-noconfig.cmake
[19.742s] -- Installing: /home/ubuntu/TB5-WaLI/wali_ws/install/wali_interfaces/share/wali_interfaces/cmake/wali_interfaces__rosidl_typesupport_introspection_cppExport.cmake
[19.742s] -- Installing: /home/ubuntu/TB5-WaLI/wali_ws/install/wali_interfaces/share/wali_interfaces/cmake/wali_interfaces__rosidl_typesupport_introspection_cppExport-noconfig.cmake
[19.743s] -- Installing: /home/ubuntu/TB5-WaLI/wali_ws/install/wali_interfaces/share/wali_interfaces/cmake/wali_interfaces__rosidl_typesupport_cppExport.cmake
[19.743s] -- Installing: /home/ubuntu/TB5-WaLI/wali_ws/install/wali_interfaces/share/wali_interfaces/cmake/wali_interfaces__rosidl_typesupport_cppExport-noconfig.cmake
[19.743s] -- Installing: /home/ubuntu/TB5-WaLI/wali_ws/install/wali_interfaces/share/wali_interfaces/cmake/export_wali_interfaces__rosidl_generator_pyExport.cmake
[19.743s] -- Installing: /home/ubuntu/TB5-WaLI/wali_ws/install/wali_interfaces/share/wali_interfaces/cmake/export_wali_interfaces__rosidl_generator_pyExport-noconfig.cmake
[19.747s] Invoked command in '/home/ubuntu/TB5-WaLI/wali_ws/build/wali_interfaces' returned '0': CMAKE_PREFIX_PATH=${CMAKE_PREFIX_PATH}:/opt/ros/jazzy DEBUGINFOD_URLS=https://debuginfod.ubuntu.com /usr/bin/cmake --install /home/ubuntu/TB5-WaLI/wali_ws/build/wali_interfaces
