[2.114s] Invoking command in '/home/ubuntu/TB5-WaLI/wali_ws/build/create3_teleop': DEBUGINFOD_URLS=https://debuginfod.ubuntu.com PYTHONPATH=/home/ubuntu/TB5-WaLI/wali_ws/build/create3_teleop/prefix_override:/usr/lib/python3/dist-packages/colcon_core/task/python/colcon_distutils_commands:/home/ubuntu/TB5-WaLI/wali_ws/install/create3_teleop/lib/python3.12/site-packages:${PYTHONPATH} /usr/bin/python3 -W ignore:setup.py install is deprecated -W ignore:easy_install command is deprecated setup.py develop --editable --build-directory /home/ubuntu/TB5-WaLI/wali_ws/build/create3_teleop/build --no-deps symlink_data
[2.829s] running develop
[3.302s] running egg_info
[3.303s] creating create3_teleop.egg-info
[3.352s] writing create3_teleop.egg-info/PKG-INFO
[3.354s] writing dependency_links to create3_teleop.egg-info/dependency_links.txt
[3.354s] writing requirements to create3_teleop.egg-info/requires.txt
[3.355s] writing top-level names to create3_teleop.egg-info/top_level.txt
[3.358s] writing manifest file 'create3_teleop.egg-info/SOURCES.txt'
[3.412s] reading manifest file 'create3_teleop.egg-info/SOURCES.txt'
[3.412s] writing manifest file 'create3_teleop.egg-info/SOURCES.txt'
[3.469s] running build_ext
[3.522s] Creating /home/ubuntu/TB5-WaLI/wali_ws/install/create3_teleop/lib/python3.12/site-packages/create3-teleop.egg-link (link to .)
[3.524s] 
[3.524s] Installed /home/ubuntu/TB5-WaLI/wali_ws/build/create3_teleop
[3.525s] running symlink_data
[3.525s] creating /home/ubuntu/TB5-WaLI/wali_ws/install/create3_teleop/share/ament_index
[3.525s] creating /home/ubuntu/TB5-WaLI/wali_ws/install/create3_teleop/share/ament_index/resource_index
[3.525s] creating /home/ubuntu/TB5-WaLI/wali_ws/install/create3_teleop/share/ament_index/resource_index/packages
[3.526s] symbolically linking /home/ubuntu/TB5-WaLI/wali_ws/build/create3_teleop/resource/create3_teleop -> /home/ubuntu/TB5-WaLI/wali_ws/install/create3_teleop/share/ament_index/resource_index/packages
[3.526s] symbolically linking /home/ubuntu/TB5-WaLI/wali_ws/build/create3_teleop/package.xml -> /home/ubuntu/TB5-WaLI/wali_ws/install/create3_teleop/share/create3_teleop
[3.526s] creating /home/ubuntu/TB5-WaLI/wali_ws/install/create3_teleop/share/create3_teleop/launch
[3.526s] symbolically linking /home/ubuntu/TB5-WaLI/wali_ws/build/create3_teleop/launch/teleop_joystick_launch.py -> /home/ubuntu/TB5-WaLI/wali_ws/install/create3_teleop/share/create3_teleop/launch
[3.670s] Invoked command in '/home/ubuntu/TB5-WaLI/wali_ws/build/create3_teleop' returned '0': DEBUGINFOD_URLS=https://debuginfod.ubuntu.com PYTHONPATH=/home/ubuntu/TB5-WaLI/wali_ws/build/create3_teleop/prefix_override:/usr/lib/python3/dist-packages/colcon_core/task/python/colcon_distutils_commands:/home/ubuntu/TB5-WaLI/wali_ws/install/create3_teleop/lib/python3.12/site-packages:${PYTHONPATH} /usr/bin/python3 -W ignore:setup.py install is deprecated -W ignore:easy_install command is deprecated setup.py develop --editable --build-directory /home/ubuntu/TB5-WaLI/wali_ws/build/create3_teleop/build --no-deps symlink_data
