-- The C compiler identification is GNU 13.3.0
-- The CXX compiler identification is GNU 13.3.0
-- Detecting C compiler ABI info
-- Detecting C compiler ABI info - done
-- Check for working C compiler: /usr/bin/cc - skipped
-- Detecting C compile features
-- Detecting C compile features - done
-- Detecting CXX compiler ABI info
-- Detecting CXX compiler ABI info - done
-- Check for working CXX compiler: /usr/bin/c++ - skipped
-- Detecting CXX compile features
-- Detecting CXX compile features - done
-- Found ament_cmake: 2.5.3 (/opt/ros/jazzy/share/ament_cmake/cmake)
-- Found Python3: /usr/bin/python3 (found version "3.12.3") found components: Interpreter 
-- Override CMake install command with custom implementation using symlinks instead of copying resources
-- Found create3_examples_msgs: 0.0.1 (/home/ubuntu/TB5-WaLI/wali_ws/install/create3_examples_msgs/share/create3_examples_msgs/cmake)
-- Found rosidl_generator_c: 4.6.5 (/opt/ros/jazzy/share/rosidl_generator_c/cmake)
-- Found rosidl_generator_cpp: 4.6.5 (/opt/ros/jazzy/share/rosidl_generator_cpp/cmake)
-- Using all available rosidl_typesupport_c: rosidl_typesupport_fastrtps_c;rosidl_typesupport_introspection_c
-- Using all available rosidl_typesupport_cpp: rosidl_typesupport_fastrtps_cpp;rosidl_typesupport_introspection_cpp
-- Found geometry_msgs: 5.3.5 (/opt/ros/jazzy/share/geometry_msgs/cmake)
-- Found irobot_create_msgs: 3.0.0 (/opt/ros/jazzy/share/irobot_create_msgs/cmake)
-- Found nav_msgs: 5.3.5 (/opt/ros/jazzy/share/nav_msgs/cmake)
-- Found rclcpp: 28.1.6 (/opt/ros/jazzy/share/rclcpp/cmake)
-- Found rmw_implementation_cmake: 7.3.1 (/opt/ros/jazzy/share/rmw_implementation_cmake/cmake)
-- Found rmw_fastrtps_cpp: 8.4.1 (/opt/ros/jazzy/share/rmw_fastrtps_cpp/cmake)
-- Found OpenSSL: /usr/lib/aarch64-linux-gnu/libcrypto.so (found version "3.0.13")  
-- Found FastRTPS: /opt/ros/jazzy/include (Required is at least version "2.13") 
-- Using RMW implementation 'rmw_fastrtps_cpp' as default
-- Found rclcpp_action: 28.1.6 (/opt/ros/jazzy/share/rclcpp_action/cmake)
-- Found tf2_geometry_msgs: 0.36.7 (/opt/ros/jazzy/share/tf2_geometry_msgs/cmake)
-- Found eigen3_cmake_module: 0.3.0 (/opt/ros/jazzy/share/eigen3_cmake_module/cmake)
-- Found Eigen3: TRUE (found version "3.4.0") 
-- Ensuring Eigen3 include directory is part of orocos-kdl CMake target
-- Found ament_lint_auto: 0.17.1 (/opt/ros/jazzy/share/ament_lint_auto/cmake)
-- Added test 'cppcheck' to perform static code analysis on C / C++ code
-- Configured cppcheck include dirs: /home/ubuntu/TB5-WaLI/wali_ws/src/create3_examples/create3_coverage/include
-- Configured cppcheck exclude dirs and/or files: 
-- Added test 'lint_cmake' to check CMake code style
-- Added test 'uncrustify' to check C / C++ code style
-- Configured uncrustify additional arguments: 
-- Added test 'xmllint' to check XML markup files
-- Configuring done (2.7s)
-- Generating done (0.0s)
-- Build files have been written to: /home/ubuntu/TB5-WaLI/wali_ws/build/create3_coverage
[ 33%] [32mBuilding CXX object CMakeFiles/create3_coverage_core.dir/src/behaviors/reflex-behavior.cpp.o[0m
[ 33%] [32mBuilding CXX object CMakeFiles/create3_coverage_core.dir/src/behaviors/rotate-behavior.cpp.o[0m
[ 33%] [32mBuilding CXX object CMakeFiles/create3_coverage_core.dir/src/behaviors/dock-behavior.cpp.o[0m
[ 33%] [32mBuilding CXX object CMakeFiles/create3_coverage_core.dir/src/behaviors/drive-straight-behavior.cpp.o[0m
[ 41%] [32mBuilding CXX object CMakeFiles/create3_coverage_core.dir/src/behaviors/spiral-behavior.cpp.o[0m
[ 50%] [32mBuilding CXX object CMakeFiles/create3_coverage_core.dir/src/behaviors/undock-behavior.cpp.o[0m
[ 58%] [32mBuilding CXX object CMakeFiles/create3_coverage_core.dir/src/behaviors/utils.cpp.o[0m
[ 66%] [32mBuilding CXX object CMakeFiles/create3_coverage_core.dir/src/coverage_state_machine.cpp.o[0m
[ 75%] [32mBuilding CXX object CMakeFiles/create3_coverage_core.dir/src/create3_coverage_node.cpp.o[0m
[ 83%] [32m[1mLinking CXX shared library libcreate3_coverage_core.so[0m
[ 83%] Built target create3_coverage_core
[ 91%] [32mBuilding CXX object CMakeFiles/create3_coverage.dir/src/main.cpp.o[0m
[100%] [32m[1mLinking CXX executable create3_coverage[0m
[100%] Built target create3_coverage
-- Install configuration: ""
-- Execute custom install script
-- Symlinking: /home/ubuntu/TB5-WaLI/wali_ws/install/create3_coverage/lib/libcreate3_coverage_core.so
-- Symlinking: /home/ubuntu/TB5-WaLI/wali_ws/install/create3_coverage/lib/create3_coverage/create3_coverage
-- Symlinking: /home/ubuntu/TB5-WaLI/wali_ws/install/create3_coverage/include//create3_coverage/behaviors/behavior.hpp
-- Symlinking: /home/ubuntu/TB5-WaLI/wali_ws/install/create3_coverage/include//create3_coverage/behaviors/dock-behavior.hpp
-- Symlinking: /home/ubuntu/TB5-WaLI/wali_ws/install/create3_coverage/include//create3_coverage/behaviors/drive-straight-behavior.hpp
-- Symlinking: /home/ubuntu/TB5-WaLI/wali_ws/install/create3_coverage/include//create3_coverage/behaviors/reflex-behavior.hpp
-- Symlinking: /home/ubuntu/TB5-WaLI/wali_ws/install/create3_coverage/include//create3_coverage/behaviors/rotate-behavior.hpp
-- Symlinking: /home/ubuntu/TB5-WaLI/wali_ws/install/create3_coverage/include//create3_coverage/behaviors/spiral-behavior.hpp
-- Symlinking: /home/ubuntu/TB5-WaLI/wali_ws/install/create3_coverage/include//create3_coverage/behaviors/undock-behavior.hpp
-- Symlinking: /home/ubuntu/TB5-WaLI/wali_ws/install/create3_coverage/include//create3_coverage/coverage_state_machine.hpp
-- Symlinking: /home/ubuntu/TB5-WaLI/wali_ws/install/create3_coverage/include//create3_coverage/create3_coverage_node.hpp
-- Symlinking: /home/ubuntu/TB5-WaLI/wali_ws/install/create3_coverage/include//create3_coverage/state.hpp
-- Symlinking: /home/ubuntu/TB5-WaLI/wali_ws/install/create3_coverage/share/create3_coverage/environment/library_path.sh
-- Symlinking: /home/ubuntu/TB5-WaLI/wali_ws/install/create3_coverage/share/create3_coverage/environment/library_path.dsv
-- Symlinking: /home/ubuntu/TB5-WaLI/wali_ws/install/create3_coverage/share/ament_index/resource_index/package_run_dependencies/create3_coverage
-- Symlinking: /home/ubuntu/TB5-WaLI/wali_ws/install/create3_coverage/share/ament_index/resource_index/parent_prefix_path/create3_coverage
-- Symlinking: /home/ubuntu/TB5-WaLI/wali_ws/install/create3_coverage/share/create3_coverage/environment/ament_prefix_path.sh
-- Symlinking: /home/ubuntu/TB5-WaLI/wali_ws/install/create3_coverage/share/create3_coverage/environment/ament_prefix_path.dsv
-- Symlinking: /home/ubuntu/TB5-WaLI/wali_ws/install/create3_coverage/share/create3_coverage/environment/path.sh
-- Symlinking: /home/ubuntu/TB5-WaLI/wali_ws/install/create3_coverage/share/create3_coverage/environment/path.dsv
-- Symlinking: /home/ubuntu/TB5-WaLI/wali_ws/install/create3_coverage/share/create3_coverage/local_setup.bash
-- Symlinking: /home/ubuntu/TB5-WaLI/wali_ws/install/create3_coverage/share/create3_coverage/local_setup.sh
-- Symlinking: /home/ubuntu/TB5-WaLI/wali_ws/install/create3_coverage/share/create3_coverage/local_setup.zsh
-- Symlinking: /home/ubuntu/TB5-WaLI/wali_ws/install/create3_coverage/share/create3_coverage/local_setup.dsv
-- Symlinking: /home/ubuntu/TB5-WaLI/wali_ws/install/create3_coverage/share/create3_coverage/package.dsv
-- Symlinking: /home/ubuntu/TB5-WaLI/wali_ws/install/create3_coverage/share/ament_index/resource_index/packages/create3_coverage
-- Symlinking: /home/ubuntu/TB5-WaLI/wali_ws/install/create3_coverage/share/create3_coverage/cmake/ament_cmake_export_include_directories-extras.cmake
-- Symlinking: /home/ubuntu/TB5-WaLI/wali_ws/install/create3_coverage/share/create3_coverage/cmake/ament_cmake_export_libraries-extras.cmake
-- Symlinking: /home/ubuntu/TB5-WaLI/wali_ws/install/create3_coverage/share/create3_coverage/cmake/ament_cmake_export_dependencies-extras.cmake
-- Symlinking: /home/ubuntu/TB5-WaLI/wali_ws/install/create3_coverage/share/create3_coverage/cmake/create3_coverageConfig.cmake
-- Symlinking: /home/ubuntu/TB5-WaLI/wali_ws/install/create3_coverage/share/create3_coverage/cmake/create3_coverageConfig-version.cmake
-- Symlinking: /home/ubuntu/TB5-WaLI/wali_ws/install/create3_coverage/share/create3_coverage/package.xml
