[0.013s] Invoking command in '/home/ubuntu/TB5-WaLI/wali_ws/build/create3_coverage': AMENT_PREFIX_PATH=/home/ubuntu/TB5-WaLI/wali_ws/install/create3_examples_msgs:${AMENT_PREFIX_PATH} CMAKE_PREFIX_PATH=/home/ubuntu/TB5-WaLI/wali_ws/install/create3_examples_msgs:/opt/ros/jazzy/opt/gz_sim_vendor:/opt/ros/jazzy/opt/gz_sensors_vendor:/opt/ros/jazzy/opt/gz_physics_vendor:/opt/ros/jazzy/opt/sdformat_vendor:/opt/ros/jazzy/opt/gz_gui_vendor:/opt/ros/jazzy/opt/gz_transport_vendor:/opt/ros/jazzy/opt/gz_rendering_vendor:/opt/ros/jazzy/opt/gz_plugin_vendor:/opt/ros/jazzy/opt/gz_fuel_tools_vendor:/opt/ros/jazzy/opt/gz_msgs_vendor:/opt/ros/jazzy/opt/gz_common_vendor:/opt/ros/jazzy/opt/gz_math_vendor:/opt/ros/jazzy/opt/gz_utils_vendor:/opt/ros/jazzy/opt/gz_tools_vendor:/opt/ros/jazzy/opt/gz_ogre_next_vendor:/opt/ros/jazzy/opt/gz_dartsim_vendor:/opt/ros/jazzy/opt/gz_cmake_vendor:/opt/ros/jazzy DEBUGINFOD_URLS=https://debuginfod.ubuntu.com LD_LIBRARY_PATH=/home/ubuntu/TB5-WaLI/wali_ws/install/create3_examples_msgs/lib:${LD_LIBRARY_PATH} PYTHONPATH=/home/ubuntu/TB5-WaLI/wali_ws/install/create3_examples_msgs/lib/python3.12/site-packages:${PYTHONPATH} /usr/bin/cmake /home/ubuntu/TB5-WaLI/wali_ws/src/create3_examples/create3_coverage -DAMENT_CMAKE_SYMLINK_INSTALL=1 -DCMAKE_INSTALL_PREFIX=/home/ubuntu/TB5-WaLI/wali_ws/install/create3_coverage
[0.114s] -- The C compiler identification is GNU 13.3.0
[0.214s] -- The CXX compiler identification is GNU 13.3.0
[0.240s] -- Detecting C compiler ABI info
[0.413s] -- Detecting C compiler ABI info - done
[0.428s] -- Check for working C compiler: /usr/bin/cc - skipped
[0.428s] -- Detecting C compile features
[0.429s] -- Detecting C compile features - done
[0.445s] -- Detecting CXX compiler ABI info
[0.629s] -- Detecting CXX compiler ABI info - done
[0.645s] -- Check for working CXX compiler: /usr/bin/c++ - skipped
[0.646s] -- Detecting CXX compile features
[0.646s] -- Detecting CXX compile features - done
[0.653s] -- Found ament_cmake: 2.5.3 (/opt/ros/jazzy/share/ament_cmake/cmake)
[0.887s] -- Found Python3: /usr/bin/python3 (found version "3.12.3") found components: Interpreter 
[1.006s] -- Override CMake install command with custom implementation using symlinks instead of copying resources
[1.085s] -- Found create3_examples_msgs: 0.0.1 (/home/ubuntu/TB5-WaLI/wali_ws/install/create3_examples_msgs/share/create3_examples_msgs/cmake)
[1.167s] -- Found rosidl_generator_c: 4.6.5 (/opt/ros/jazzy/share/rosidl_generator_c/cmake)
[1.195s] -- Found rosidl_generator_cpp: 4.6.5 (/opt/ros/jazzy/share/rosidl_generator_cpp/cmake)
[1.226s] -- Using all available rosidl_typesupport_c: rosidl_typesupport_fastrtps_c;rosidl_typesupport_introspection_c
[1.259s] -- Using all available rosidl_typesupport_cpp: rosidl_typesupport_fastrtps_cpp;rosidl_typesupport_introspection_cpp
[1.441s] -- Found geometry_msgs: 5.3.5 (/opt/ros/jazzy/share/geometry_msgs/cmake)
[1.523s] -- Found irobot_create_msgs: 3.0.0 (/opt/ros/jazzy/share/irobot_create_msgs/cmake)
[1.583s] -- Found nav_msgs: 5.3.5 (/opt/ros/jazzy/share/nav_msgs/cmake)
[1.638s] -- Found rclcpp: 28.1.6 (/opt/ros/jazzy/share/rclcpp/cmake)
[1.764s] -- Found rmw_implementation_cmake: 7.3.1 (/opt/ros/jazzy/share/rmw_implementation_cmake/cmake)
[1.775s] -- Found rmw_fastrtps_cpp: 8.4.1 (/opt/ros/jazzy/share/rmw_fastrtps_cpp/cmake)
[1.986s] -- Found OpenSSL: /usr/lib/aarch64-linux-gnu/libcrypto.so (found version "3.0.13")  
[2.018s] -- Found FastRTPS: /opt/ros/jazzy/include (Required is at least version "2.13") 
[2.057s] -- Using RMW implementation 'rmw_fastrtps_cpp' as default
[2.236s] -- Found rclcpp_action: 28.1.6 (/opt/ros/jazzy/share/rclcpp_action/cmake)
[2.273s] -- Found tf2_geometry_msgs: 0.36.7 (/opt/ros/jazzy/share/tf2_geometry_msgs/cmake)
[2.318s] -- Found eigen3_cmake_module: 0.3.0 (/opt/ros/jazzy/share/eigen3_cmake_module/cmake)
[2.321s] -- Found Eigen3: TRUE (found version "3.4.0") 
[2.321s] -- Ensuring Eigen3 include directory is part of orocos-kdl CMake target
[2.532s] -- Found ament_lint_auto: 0.17.1 (/opt/ros/jazzy/share/ament_lint_auto/cmake)
[2.727s] -- Added test 'cppcheck' to perform static code analysis on C / C++ code
[2.727s] -- Configured cppcheck include dirs: /home/ubuntu/TB5-WaLI/wali_ws/src/create3_examples/create3_coverage/include
[2.727s] -- Configured cppcheck exclude dirs and/or files: 
[2.729s] -- Added test 'lint_cmake' to check CMake code style
[2.732s] -- Added test 'uncrustify' to check C / C++ code style
[2.732s] -- Configured uncrustify additional arguments: 
[2.733s] -- Added test 'xmllint' to check XML markup files
[2.738s] -- Configuring done (2.7s)
[2.777s] -- Generating done (0.0s)
[2.787s] -- Build files have been written to: /home/ubuntu/TB5-WaLI/wali_ws/build/create3_coverage
[2.810s] Invoked command in '/home/ubuntu/TB5-WaLI/wali_ws/build/create3_coverage' returned '0': AMENT_PREFIX_PATH=/home/ubuntu/TB5-WaLI/wali_ws/install/create3_examples_msgs:${AMENT_PREFIX_PATH} CMAKE_PREFIX_PATH=/home/ubuntu/TB5-WaLI/wali_ws/install/create3_examples_msgs:/opt/ros/jazzy/opt/gz_sim_vendor:/opt/ros/jazzy/opt/gz_sensors_vendor:/opt/ros/jazzy/opt/gz_physics_vendor:/opt/ros/jazzy/opt/sdformat_vendor:/opt/ros/jazzy/opt/gz_gui_vendor:/opt/ros/jazzy/opt/gz_transport_vendor:/opt/ros/jazzy/opt/gz_rendering_vendor:/opt/ros/jazzy/opt/gz_plugin_vendor:/opt/ros/jazzy/opt/gz_fuel_tools_vendor:/opt/ros/jazzy/opt/gz_msgs_vendor:/opt/ros/jazzy/opt/gz_common_vendor:/opt/ros/jazzy/opt/gz_math_vendor:/opt/ros/jazzy/opt/gz_utils_vendor:/opt/ros/jazzy/opt/gz_tools_vendor:/opt/ros/jazzy/opt/gz_ogre_next_vendor:/opt/ros/jazzy/opt/gz_dartsim_vendor:/opt/ros/jazzy/opt/gz_cmake_vendor:/opt/ros/jazzy DEBUGINFOD_URLS=https://debuginfod.ubuntu.com LD_LIBRARY_PATH=/home/ubuntu/TB5-WaLI/wali_ws/install/create3_examples_msgs/lib:${LD_LIBRARY_PATH} PYTHONPATH=/home/ubuntu/TB5-WaLI/wali_ws/install/create3_examples_msgs/lib/python3.12/site-packages:${PYTHONPATH} /usr/bin/cmake /home/ubuntu/TB5-WaLI/wali_ws/src/create3_examples/create3_coverage -DAMENT_CMAKE_SYMLINK_INSTALL=1 -DCMAKE_INSTALL_PREFIX=/home/ubuntu/TB5-WaLI/wali_ws/install/create3_coverage
[2.812s] Invoking command in '/home/ubuntu/TB5-WaLI/wali_ws/build/create3_coverage': AMENT_PREFIX_PATH=/home/ubuntu/TB5-WaLI/wali_ws/install/create3_examples_msgs:${AMENT_PREFIX_PATH} CMAKE_PREFIX_PATH=/home/ubuntu/TB5-WaLI/wali_ws/install/create3_examples_msgs:/opt/ros/jazzy/opt/gz_sim_vendor:/opt/ros/jazzy/opt/gz_sensors_vendor:/opt/ros/jazzy/opt/gz_physics_vendor:/opt/ros/jazzy/opt/sdformat_vendor:/opt/ros/jazzy/opt/gz_gui_vendor:/opt/ros/jazzy/opt/gz_transport_vendor:/opt/ros/jazzy/opt/gz_rendering_vendor:/opt/ros/jazzy/opt/gz_plugin_vendor:/opt/ros/jazzy/opt/gz_fuel_tools_vendor:/opt/ros/jazzy/opt/gz_msgs_vendor:/opt/ros/jazzy/opt/gz_common_vendor:/opt/ros/jazzy/opt/gz_math_vendor:/opt/ros/jazzy/opt/gz_utils_vendor:/opt/ros/jazzy/opt/gz_tools_vendor:/opt/ros/jazzy/opt/gz_ogre_next_vendor:/opt/ros/jazzy/opt/gz_dartsim_vendor:/opt/ros/jazzy/opt/gz_cmake_vendor:/opt/ros/jazzy DEBUGINFOD_URLS=https://debuginfod.ubuntu.com LD_LIBRARY_PATH=/home/ubuntu/TB5-WaLI/wali_ws/install/create3_examples_msgs/lib:${LD_LIBRARY_PATH} PYTHONPATH=/home/ubuntu/TB5-WaLI/wali_ws/install/create3_examples_msgs/lib/python3.12/site-packages:${PYTHONPATH} /usr/bin/cmake --build /home/ubuntu/TB5-WaLI/wali_ws/build/create3_coverage -- -j4 -l4
[2.916s] [ 33%] [32mBuilding CXX object CMakeFiles/create3_coverage_core.dir/src/behaviors/reflex-behavior.cpp.o[0m
[2.917s] [ 33%] [32mBuilding CXX object CMakeFiles/create3_coverage_core.dir/src/behaviors/rotate-behavior.cpp.o[0m
[2.917s] [ 33%] [32mBuilding CXX object CMakeFiles/create3_coverage_core.dir/src/behaviors/dock-behavior.cpp.o[0m
[2.917s] [ 33%] [32mBuilding CXX object CMakeFiles/create3_coverage_core.dir/src/behaviors/drive-straight-behavior.cpp.o[0m
[10.153s] [ 41%] [32mBuilding CXX object CMakeFiles/create3_coverage_core.dir/src/behaviors/spiral-behavior.cpp.o[0m
[10.974s] [ 50%] [32mBuilding CXX object CMakeFiles/create3_coverage_core.dir/src/behaviors/undock-behavior.cpp.o[0m
[11.050s] [ 58%] [32mBuilding CXX object CMakeFiles/create3_coverage_core.dir/src/behaviors/utils.cpp.o[0m
[11.298s] [ 66%] [32mBuilding CXX object CMakeFiles/create3_coverage_core.dir/src/coverage_state_machine.cpp.o[0m
[12.456s] [ 75%] [32mBuilding CXX object CMakeFiles/create3_coverage_core.dir/src/create3_coverage_node.cpp.o[0m
[45.627s] [ 83%] [32m[1mLinking CXX shared library libcreate3_coverage_core.so[0m
[48.766s] [ 83%] Built target create3_coverage_core
[48.811s] [ 91%] [32mBuilding CXX object CMakeFiles/create3_coverage.dir/src/main.cpp.o[0m
[54.367s] [100%] [32m[1mLinking CXX executable create3_coverage[0m
[56.226s] [100%] Built target create3_coverage
[56.249s] Invoked command in '/home/ubuntu/TB5-WaLI/wali_ws/build/create3_coverage' returned '0': AMENT_PREFIX_PATH=/home/ubuntu/TB5-WaLI/wali_ws/install/create3_examples_msgs:${AMENT_PREFIX_PATH} CMAKE_PREFIX_PATH=/home/ubuntu/TB5-WaLI/wali_ws/install/create3_examples_msgs:/opt/ros/jazzy/opt/gz_sim_vendor:/opt/ros/jazzy/opt/gz_sensors_vendor:/opt/ros/jazzy/opt/gz_physics_vendor:/opt/ros/jazzy/opt/sdformat_vendor:/opt/ros/jazzy/opt/gz_gui_vendor:/opt/ros/jazzy/opt/gz_transport_vendor:/opt/ros/jazzy/opt/gz_rendering_vendor:/opt/ros/jazzy/opt/gz_plugin_vendor:/opt/ros/jazzy/opt/gz_fuel_tools_vendor:/opt/ros/jazzy/opt/gz_msgs_vendor:/opt/ros/jazzy/opt/gz_common_vendor:/opt/ros/jazzy/opt/gz_math_vendor:/opt/ros/jazzy/opt/gz_utils_vendor:/opt/ros/jazzy/opt/gz_tools_vendor:/opt/ros/jazzy/opt/gz_ogre_next_vendor:/opt/ros/jazzy/opt/gz_dartsim_vendor:/opt/ros/jazzy/opt/gz_cmake_vendor:/opt/ros/jazzy DEBUGINFOD_URLS=https://debuginfod.ubuntu.com LD_LIBRARY_PATH=/home/ubuntu/TB5-WaLI/wali_ws/install/create3_examples_msgs/lib:${LD_LIBRARY_PATH} PYTHONPATH=/home/ubuntu/TB5-WaLI/wali_ws/install/create3_examples_msgs/lib/python3.12/site-packages:${PYTHONPATH} /usr/bin/cmake --build /home/ubuntu/TB5-WaLI/wali_ws/build/create3_coverage -- -j4 -l4
[56.251s] Invoking command in '/home/ubuntu/TB5-WaLI/wali_ws/build/create3_coverage': AMENT_PREFIX_PATH=/home/ubuntu/TB5-WaLI/wali_ws/install/create3_examples_msgs:${AMENT_PREFIX_PATH} CMAKE_PREFIX_PATH=/home/ubuntu/TB5-WaLI/wali_ws/install/create3_examples_msgs:/opt/ros/jazzy/opt/gz_sim_vendor:/opt/ros/jazzy/opt/gz_sensors_vendor:/opt/ros/jazzy/opt/gz_physics_vendor:/opt/ros/jazzy/opt/sdformat_vendor:/opt/ros/jazzy/opt/gz_gui_vendor:/opt/ros/jazzy/opt/gz_transport_vendor:/opt/ros/jazzy/opt/gz_rendering_vendor:/opt/ros/jazzy/opt/gz_plugin_vendor:/opt/ros/jazzy/opt/gz_fuel_tools_vendor:/opt/ros/jazzy/opt/gz_msgs_vendor:/opt/ros/jazzy/opt/gz_common_vendor:/opt/ros/jazzy/opt/gz_math_vendor:/opt/ros/jazzy/opt/gz_utils_vendor:/opt/ros/jazzy/opt/gz_tools_vendor:/opt/ros/jazzy/opt/gz_ogre_next_vendor:/opt/ros/jazzy/opt/gz_dartsim_vendor:/opt/ros/jazzy/opt/gz_cmake_vendor:/opt/ros/jazzy DEBUGINFOD_URLS=https://debuginfod.ubuntu.com LD_LIBRARY_PATH=/home/ubuntu/TB5-WaLI/wali_ws/install/create3_examples_msgs/lib:${LD_LIBRARY_PATH} PYTHONPATH=/home/ubuntu/TB5-WaLI/wali_ws/install/create3_examples_msgs/lib/python3.12/site-packages:${PYTHONPATH} /usr/bin/cmake --install /home/ubuntu/TB5-WaLI/wali_ws/build/create3_coverage
[56.268s] -- Install configuration: ""
[56.268s] -- Execute custom install script
[56.269s] -- Symlinking: /home/ubuntu/TB5-WaLI/wali_ws/install/create3_coverage/lib/libcreate3_coverage_core.so
[56.289s] -- Symlinking: /home/ubuntu/TB5-WaLI/wali_ws/install/create3_coverage/lib/create3_coverage/create3_coverage
[56.308s] -- Symlinking: /home/ubuntu/TB5-WaLI/wali_ws/install/create3_coverage/include//create3_coverage/behaviors/behavior.hpp
[56.326s] -- Symlinking: /home/ubuntu/TB5-WaLI/wali_ws/install/create3_coverage/include//create3_coverage/behaviors/dock-behavior.hpp
[56.344s] -- Symlinking: /home/ubuntu/TB5-WaLI/wali_ws/install/create3_coverage/include//create3_coverage/behaviors/drive-straight-behavior.hpp
[56.363s] -- Symlinking: /home/ubuntu/TB5-WaLI/wali_ws/install/create3_coverage/include//create3_coverage/behaviors/reflex-behavior.hpp
[56.380s] -- Symlinking: /home/ubuntu/TB5-WaLI/wali_ws/install/create3_coverage/include//create3_coverage/behaviors/rotate-behavior.hpp
[56.398s] -- Symlinking: /home/ubuntu/TB5-WaLI/wali_ws/install/create3_coverage/include//create3_coverage/behaviors/spiral-behavior.hpp
[56.416s] -- Symlinking: /home/ubuntu/TB5-WaLI/wali_ws/install/create3_coverage/include//create3_coverage/behaviors/undock-behavior.hpp
[56.434s] -- Symlinking: /home/ubuntu/TB5-WaLI/wali_ws/install/create3_coverage/include//create3_coverage/coverage_state_machine.hpp
[56.452s] -- Symlinking: /home/ubuntu/TB5-WaLI/wali_ws/install/create3_coverage/include//create3_coverage/create3_coverage_node.hpp
[56.470s] -- Symlinking: /home/ubuntu/TB5-WaLI/wali_ws/install/create3_coverage/include//create3_coverage/state.hpp
[56.489s] -- Symlinking: /home/ubuntu/TB5-WaLI/wali_ws/install/create3_coverage/share/create3_coverage/environment/library_path.sh
[56.507s] -- Symlinking: /home/ubuntu/TB5-WaLI/wali_ws/install/create3_coverage/share/create3_coverage/environment/library_path.dsv
[56.525s] -- Symlinking: /home/ubuntu/TB5-WaLI/wali_ws/install/create3_coverage/share/ament_index/resource_index/package_run_dependencies/create3_coverage
[56.544s] -- Symlinking: /home/ubuntu/TB5-WaLI/wali_ws/install/create3_coverage/share/ament_index/resource_index/parent_prefix_path/create3_coverage
[56.562s] -- Symlinking: /home/ubuntu/TB5-WaLI/wali_ws/install/create3_coverage/share/create3_coverage/environment/ament_prefix_path.sh
[56.581s] -- Symlinking: /home/ubuntu/TB5-WaLI/wali_ws/install/create3_coverage/share/create3_coverage/environment/ament_prefix_path.dsv
[56.600s] -- Symlinking: /home/ubuntu/TB5-WaLI/wali_ws/install/create3_coverage/share/create3_coverage/environment/path.sh
[56.618s] -- Symlinking: /home/ubuntu/TB5-WaLI/wali_ws/install/create3_coverage/share/create3_coverage/environment/path.dsv
[56.636s] -- Symlinking: /home/ubuntu/TB5-WaLI/wali_ws/install/create3_coverage/share/create3_coverage/local_setup.bash
[56.655s] -- Symlinking: /home/ubuntu/TB5-WaLI/wali_ws/install/create3_coverage/share/create3_coverage/local_setup.sh
[56.674s] -- Symlinking: /home/ubuntu/TB5-WaLI/wali_ws/install/create3_coverage/share/create3_coverage/local_setup.zsh
[56.692s] -- Symlinking: /home/ubuntu/TB5-WaLI/wali_ws/install/create3_coverage/share/create3_coverage/local_setup.dsv
[56.711s] -- Symlinking: /home/ubuntu/TB5-WaLI/wali_ws/install/create3_coverage/share/create3_coverage/package.dsv
[56.729s] -- Symlinking: /home/ubuntu/TB5-WaLI/wali_ws/install/create3_coverage/share/ament_index/resource_index/packages/create3_coverage
[56.748s] -- Symlinking: /home/ubuntu/TB5-WaLI/wali_ws/install/create3_coverage/share/create3_coverage/cmake/ament_cmake_export_include_directories-extras.cmake
[56.767s] -- Symlinking: /home/ubuntu/TB5-WaLI/wali_ws/install/create3_coverage/share/create3_coverage/cmake/ament_cmake_export_libraries-extras.cmake
[56.786s] -- Symlinking: /home/ubuntu/TB5-WaLI/wali_ws/install/create3_coverage/share/create3_coverage/cmake/ament_cmake_export_dependencies-extras.cmake
[56.816s] -- Symlinking: /home/ubuntu/TB5-WaLI/wali_ws/install/create3_coverage/share/create3_coverage/cmake/create3_coverageConfig.cmake
[56.838s] -- Symlinking: /home/ubuntu/TB5-WaLI/wali_ws/install/create3_coverage/share/create3_coverage/cmake/create3_coverageConfig-version.cmake
[56.856s] -- Symlinking: /home/ubuntu/TB5-WaLI/wali_ws/install/create3_coverage/share/create3_coverage/package.xml
[56.878s] Invoked command in '/home/ubuntu/TB5-WaLI/wali_ws/build/create3_coverage' returned '0': AMENT_PREFIX_PATH=/home/ubuntu/TB5-WaLI/wali_ws/install/create3_examples_msgs:${AMENT_PREFIX_PATH} CMAKE_PREFIX_PATH=/home/ubuntu/TB5-WaLI/wali_ws/install/create3_examples_msgs:/opt/ros/jazzy/opt/gz_sim_vendor:/opt/ros/jazzy/opt/gz_sensors_vendor:/opt/ros/jazzy/opt/gz_physics_vendor:/opt/ros/jazzy/opt/sdformat_vendor:/opt/ros/jazzy/opt/gz_gui_vendor:/opt/ros/jazzy/opt/gz_transport_vendor:/opt/ros/jazzy/opt/gz_rendering_vendor:/opt/ros/jazzy/opt/gz_plugin_vendor:/opt/ros/jazzy/opt/gz_fuel_tools_vendor:/opt/ros/jazzy/opt/gz_msgs_vendor:/opt/ros/jazzy/opt/gz_common_vendor:/opt/ros/jazzy/opt/gz_math_vendor:/opt/ros/jazzy/opt/gz_utils_vendor:/opt/ros/jazzy/opt/gz_tools_vendor:/opt/ros/jazzy/opt/gz_ogre_next_vendor:/opt/ros/jazzy/opt/gz_dartsim_vendor:/opt/ros/jazzy/opt/gz_cmake_vendor:/opt/ros/jazzy DEBUGINFOD_URLS=https://debuginfod.ubuntu.com LD_LIBRARY_PATH=/home/ubuntu/TB5-WaLI/wali_ws/install/create3_examples_msgs/lib:${LD_LIBRARY_PATH} PYTHONPATH=/home/ubuntu/TB5-WaLI/wali_ws/install/create3_examples_msgs/lib/python3.12/site-packages:${PYTHONPATH} /usr/bin/cmake --install /home/ubuntu/TB5-WaLI/wali_ws/build/create3_coverage
