-- The C compiler identification is GNU 13.3.0
-- The CXX compiler identification is GNU 13.3.0
-- Detecting C compiler ABI info
-- Detecting C compiler ABI info - done
-- Check for working C compiler: /usr/bin/cc - skipped
-- Detecting C compile features
-- Detecting C compile features - done
-- Detecting CXX compiler ABI info
-- Detecting CXX compiler ABI info - done
-- Check for working CXX compiler: /usr/bin/c++ - skipped
-- Detecting CXX compile features
-- Detecting CXX compile features - done
-- Found ament_cmake: 2.5.3 (/opt/ros/jazzy/share/ament_cmake/cmake)
-- Found Python3: /usr/bin/python3 (found version "3.12.3") found components: Interpreter 
-- Override CMake install command with custom implementation using symlinks instead of copying resources
-- Found ament_lint_auto: 0.17.1 (/opt/ros/jazzy/share/ament_lint_auto/cmake)
-- Added test 'copyright' to check source files copyright and LICENSE
-- Added test 'flake8' to check Python code syntax and style conventions
-- Configured 'flake8' exclude dirs and/or files: 
-- Added test 'lint_cmake' to check CMake code style
-- Added test 'pep257' to check Python code against some of the docstring style conventions in PEP 257
-- Added test 'xmllint' to check XML markup files
-- Configuring done (2.2s)
-- Generating done (0.0s)
-- Build files have been written to: /home/ubuntu/TB5-WaLI/wali_ws/build/create3_navigation
Built target ament_cmake_python_symlink_create3_navigation
running egg_info
creating create3_navigation.egg-info
writing create3_navigation.egg-info/PKG-INFO
writing dependency_links to create3_navigation.egg-info/dependency_links.txt
writing top-level names to create3_navigation.egg-info/top_level.txt
writing manifest file 'create3_navigation.egg-info/SOURCES.txt'
reading manifest file 'create3_navigation.egg-info/SOURCES.txt'
writing manifest file 'create3_navigation.egg-info/SOURCES.txt'
Built target ament_cmake_python_build_create3_navigation_egg
-- Install configuration: ""
-- Execute custom install script
-- Symlinking: /home/ubuntu/TB5-WaLI/wali_ws/install/create3_navigation/share/create3_navigation/config/localization.create3.yaml
-- Symlinking: /home/ubuntu/TB5-WaLI/wali_ws/install/create3_navigation/share/create3_navigation/config/localization.tb4.yaml
-- Symlinking: /home/ubuntu/TB5-WaLI/wali_ws/install/create3_navigation/share/create3_navigation/config/localization.yaml
-- Symlinking: /home/ubuntu/TB5-WaLI/wali_ws/install/create3_navigation/share/create3_navigation/config/map.create3.yaml
-- Symlinking: /home/ubuntu/TB5-WaLI/wali_ws/install/create3_navigation/share/create3_navigation/config/nav2.create3.yaml
-- Symlinking: /home/ubuntu/TB5-WaLI/wali_ws/install/create3_navigation/share/create3_navigation/config/nav2.tb4.yaml
-- Symlinking: /home/ubuntu/TB5-WaLI/wali_ws/install/create3_navigation/share/create3_navigation/config/nav2.yaml
-- Symlinking: /home/ubuntu/TB5-WaLI/wali_ws/install/create3_navigation/share/create3_navigation/config/slam.create3.yaml
-- Symlinking: /home/ubuntu/TB5-WaLI/wali_ws/install/create3_navigation/share/create3_navigation/config/slam.tb4.yaml
-- Symlinking: /home/ubuntu/TB5-WaLI/wali_ws/install/create3_navigation/share/create3_navigation/config/slam.yaml
-- Symlinking: /home/ubuntu/TB5-WaLI/wali_ws/install/create3_navigation/share/create3_navigation/launch/localization.launch.py
-- Symlinking: /home/ubuntu/TB5-WaLI/wali_ws/install/create3_navigation/share/create3_navigation/launch/map_server.launch.py
-- Symlinking: /home/ubuntu/TB5-WaLI/wali_ws/install/create3_navigation/share/create3_navigation/launch/nav2.launch.py
-- Symlinking: /home/ubuntu/TB5-WaLI/wali_ws/install/create3_navigation/share/create3_navigation/launch/slam.launch.py
-- Symlinking: /home/ubuntu/TB5-WaLI/wali_ws/install/create3_navigation/share/create3_navigation/maps/FloorPlan_19.248x12.006m.jpg
-- Symlinking: /home/ubuntu/TB5-WaLI/wali_ws/install/create3_navigation/share/create3_navigation/maps/README.md
-- Symlinking: /home/ubuntu/TB5-WaLI/wali_ws/install/create3_navigation/share/create3_navigation/maps/depot.pgm
-- Symlinking: /home/ubuntu/TB5-WaLI/wali_ws/install/create3_navigation/share/create3_navigation/maps/depot.yaml
-- Symlinking: /home/ubuntu/TB5-WaLI/wali_ws/install/create3_navigation/share/create3_navigation/maps/floorplan.map.pgm
-- Symlinking: /home/ubuntu/TB5-WaLI/wali_ws/install/create3_navigation/share/create3_navigation/maps/floorplan.map.yaml
-- Symlinking: /home/ubuntu/TB5-WaLI/wali_ws/install/create3_navigation/share/create3_navigation/maps/maze.pgm
-- Symlinking: /home/ubuntu/TB5-WaLI/wali_ws/install/create3_navigation/share/create3_navigation/maps/maze.yaml
-- Symlinking: /home/ubuntu/TB5-WaLI/wali_ws/install/create3_navigation/share/create3_navigation/maps/warehouse.pgm
-- Symlinking: /home/ubuntu/TB5-WaLI/wali_ws/install/create3_navigation/share/create3_navigation/maps/warehouse.yaml
-- Symlinking: /home/ubuntu/TB5-WaLI/wali_ws/install/create3_navigation/share/create3_navigation/environment/pythonpath.sh
-- Symlinking: /home/ubuntu/TB5-WaLI/wali_ws/install/create3_navigation/share/create3_navigation/environment/pythonpath.dsv
-- Symlinking: /home/ubuntu/TB5-WaLI/wali_ws/install/create3_navigation/lib/python3.12/site-packages/create3_navigation-1.0.4-py3.12.egg-info/PKG-INFO
-- Symlinking: /home/ubuntu/TB5-WaLI/wali_ws/install/create3_navigation/lib/python3.12/site-packages/create3_navigation-1.0.4-py3.12.egg-info/SOURCES.txt
-- Symlinking: /home/ubuntu/TB5-WaLI/wali_ws/install/create3_navigation/lib/python3.12/site-packages/create3_navigation-1.0.4-py3.12.egg-info/dependency_links.txt
-- Symlinking: /home/ubuntu/TB5-WaLI/wali_ws/install/create3_navigation/lib/python3.12/site-packages/create3_navigation-1.0.4-py3.12.egg-info/top_level.txt
-- Symlinking: /home/ubuntu/TB5-WaLI/wali_ws/install/create3_navigation/lib/python3.12/site-packages/create3_navigation/__init__.py
-- Symlinking: /home/ubuntu/TB5-WaLI/wali_ws/install/create3_navigation/lib/python3.12/site-packages/create3_navigation/create3_navigator.py
-- Symlinking: /home/ubuntu/TB5-WaLI/wali_ws/install/create3_navigation/lib/python3.12/site-packages/create3_navigator.py
-- Symlinking: /home/ubuntu/TB5-WaLI/wali_ws/install/create3_navigation/share/ament_index/resource_index/package_run_dependencies/create3_navigation
-- Symlinking: /home/ubuntu/TB5-WaLI/wali_ws/install/create3_navigation/share/ament_index/resource_index/parent_prefix_path/create3_navigation
-- Symlinking: /home/ubuntu/TB5-WaLI/wali_ws/install/create3_navigation/share/create3_navigation/environment/ament_prefix_path.sh
-- Symlinking: /home/ubuntu/TB5-WaLI/wali_ws/install/create3_navigation/share/create3_navigation/environment/ament_prefix_path.dsv
-- Symlinking: /home/ubuntu/TB5-WaLI/wali_ws/install/create3_navigation/share/create3_navigation/environment/path.sh
-- Symlinking: /home/ubuntu/TB5-WaLI/wali_ws/install/create3_navigation/share/create3_navigation/environment/path.dsv
-- Symlinking: /home/ubuntu/TB5-WaLI/wali_ws/install/create3_navigation/share/create3_navigation/local_setup.bash
-- Symlinking: /home/ubuntu/TB5-WaLI/wali_ws/install/create3_navigation/share/create3_navigation/local_setup.sh
-- Symlinking: /home/ubuntu/TB5-WaLI/wali_ws/install/create3_navigation/share/create3_navigation/local_setup.zsh
-- Symlinking: /home/ubuntu/TB5-WaLI/wali_ws/install/create3_navigation/share/create3_navigation/local_setup.dsv
-- Symlinking: /home/ubuntu/TB5-WaLI/wali_ws/install/create3_navigation/share/create3_navigation/package.dsv
-- Symlinking: /home/ubuntu/TB5-WaLI/wali_ws/install/create3_navigation/share/ament_index/resource_index/packages/create3_navigation
-- Symlinking: /home/ubuntu/TB5-WaLI/wali_ws/install/create3_navigation/share/create3_navigation/cmake/create3_navigationConfig.cmake
-- Symlinking: /home/ubuntu/TB5-WaLI/wali_ws/install/create3_navigation/share/create3_navigation/cmake/create3_navigationConfig-version.cmake
-- Symlinking: /home/ubuntu/TB5-WaLI/wali_ws/install/create3_navigation/share/create3_navigation/package.xml
Listing '/home/ubuntu/TB5-WaLI/wali_ws/install/create3_navigation/lib/python3.12/site-packages/create3_navigation'...
Compiling '/home/ubuntu/TB5-WaLI/wali_ws/install/create3_navigation/lib/python3.12/site-packages/create3_navigation/__init__.py'...
Compiling '/home/ubuntu/TB5-WaLI/wali_ws/install/create3_navigation/lib/python3.12/site-packages/create3_navigation/create3_navigator.py'...
Compiling '/home/ubuntu/TB5-WaLI/wali_ws/install/create3_navigation/lib/python3.12/site-packages/create3_navigator.py'...
