[0.014s] Invoking command in '/home/ubuntu/TB5-WaLI/wali_ws/build/create3_navigation': CMAKE_PREFIX_PATH=${CMAKE_PREFIX_PATH}:/opt/ros/jazzy DEBUGINFOD_URLS=https://debuginfod.ubuntu.com /usr/bin/cmake /home/ubuntu/TB5-WaLI/wali_ws/src/create3_navigation -DAMENT_CMAKE_SYMLINK_INSTALL=1 -DCMAKE_INSTALL_PREFIX=/home/ubuntu/TB5-WaLI/wali_ws/install/create3_navigation
[0.183s] -- The C compiler identification is GNU 13.3.0
[0.336s] -- The CXX compiler identification is GNU 13.3.0
[0.374s] -- Detecting C compiler ABI info
[0.609s] -- Detecting C compiler ABI info - done
[0.626s] -- Check for working C compiler: /usr/bin/cc - skipped
[0.627s] -- Detecting C compile features
[0.628s] -- Detecting C compile features - done
[0.651s] -- Detecting CXX compiler ABI info
[0.923s] -- Detecting CXX compiler ABI info - done
[0.942s] -- Check for working CXX compiler: /usr/bin/c++ - skipped
[0.943s] -- Detecting CXX compile features
[0.945s] -- Detecting CXX compile features - done
[0.955s] -- Found ament_cmake: 2.5.3 (/opt/ros/jazzy/share/ament_cmake/cmake)
[1.310s] -- Found Python3: /usr/bin/python3 (found version "3.12.3") found components: Interpreter 
[1.506s] -- Override CMake install command with custom implementation using symlinks instead of copying resources
[1.900s] -- Found ament_lint_auto: 0.17.1 (/opt/ros/jazzy/share/ament_lint_auto/cmake)
[2.251s] -- Added test 'copyright' to check source files copyright and LICENSE
[2.261s] -- Added test 'flake8' to check Python code syntax and style conventions
[2.261s] -- Configured 'flake8' exclude dirs and/or files: 
[2.262s] -- Added test 'lint_cmake' to check CMake code style
[2.265s] -- Added test 'pep257' to check Python code against some of the docstring style conventions in PEP 257
[2.271s] -- Added test 'xmllint' to check XML markup files
[2.277s] -- Configuring done (2.2s)
[2.288s] -- Generating done (0.0s)
[2.294s] -- Build files have been written to: /home/ubuntu/TB5-WaLI/wali_ws/build/create3_navigation
[2.312s] Invoked command in '/home/ubuntu/TB5-WaLI/wali_ws/build/create3_navigation' returned '0': CMAKE_PREFIX_PATH=${CMAKE_PREFIX_PATH}:/opt/ros/jazzy DEBUGINFOD_URLS=https://debuginfod.ubuntu.com /usr/bin/cmake /home/ubuntu/TB5-WaLI/wali_ws/src/create3_navigation -DAMENT_CMAKE_SYMLINK_INSTALL=1 -DCMAKE_INSTALL_PREFIX=/home/ubuntu/TB5-WaLI/wali_ws/install/create3_navigation
[2.315s] Invoking command in '/home/ubuntu/TB5-WaLI/wali_ws/build/create3_navigation': CMAKE_PREFIX_PATH=${CMAKE_PREFIX_PATH}:/opt/ros/jazzy DEBUGINFOD_URLS=https://debuginfod.ubuntu.com /usr/bin/cmake --build /home/ubuntu/TB5-WaLI/wali_ws/build/create3_navigation -- -j4 -l4
[2.480s] Built target ament_cmake_python_symlink_create3_navigation
[2.956s] running egg_info
[2.956s] creating create3_navigation.egg-info
[2.987s] writing create3_navigation.egg-info/PKG-INFO
[2.988s] writing dependency_links to create3_navigation.egg-info/dependency_links.txt
[2.989s] writing top-level names to create3_navigation.egg-info/top_level.txt
[2.990s] writing manifest file 'create3_navigation.egg-info/SOURCES.txt'
[3.114s] reading manifest file 'create3_navigation.egg-info/SOURCES.txt'
[3.118s] writing manifest file 'create3_navigation.egg-info/SOURCES.txt'
[3.231s] Built target ament_cmake_python_build_create3_navigation_egg
[3.261s] Invoked command in '/home/ubuntu/TB5-WaLI/wali_ws/build/create3_navigation' returned '0': CMAKE_PREFIX_PATH=${CMAKE_PREFIX_PATH}:/opt/ros/jazzy DEBUGINFOD_URLS=https://debuginfod.ubuntu.com /usr/bin/cmake --build /home/ubuntu/TB5-WaLI/wali_ws/build/create3_navigation -- -j4 -l4
[3.262s] Invoking command in '/home/ubuntu/TB5-WaLI/wali_ws/build/create3_navigation': CMAKE_PREFIX_PATH=${CMAKE_PREFIX_PATH}:/opt/ros/jazzy DEBUGINFOD_URLS=https://debuginfod.ubuntu.com /usr/bin/cmake --install /home/ubuntu/TB5-WaLI/wali_ws/build/create3_navigation
[3.284s] -- Install configuration: ""
[3.286s] -- Execute custom install script
[3.288s] -- Symlinking: /home/ubuntu/TB5-WaLI/wali_ws/install/create3_navigation/share/create3_navigation/config/localization.create3.yaml
[3.316s] -- Symlinking: /home/ubuntu/TB5-WaLI/wali_ws/install/create3_navigation/share/create3_navigation/config/localization.tb4.yaml
[3.340s] -- Symlinking: /home/ubuntu/TB5-WaLI/wali_ws/install/create3_navigation/share/create3_navigation/config/localization.yaml
[3.366s] -- Symlinking: /home/ubuntu/TB5-WaLI/wali_ws/install/create3_navigation/share/create3_navigation/config/map.create3.yaml
[3.441s] -- Symlinking: /home/ubuntu/TB5-WaLI/wali_ws/install/create3_navigation/share/create3_navigation/config/nav2.create3.yaml
[3.481s] -- Symlinking: /home/ubuntu/TB5-WaLI/wali_ws/install/create3_navigation/share/create3_navigation/config/nav2.tb4.yaml
[3.506s] -- Symlinking: /home/ubuntu/TB5-WaLI/wali_ws/install/create3_navigation/share/create3_navigation/config/nav2.yaml
[3.534s] -- Symlinking: /home/ubuntu/TB5-WaLI/wali_ws/install/create3_navigation/share/create3_navigation/config/slam.create3.yaml
[3.558s] -- Symlinking: /home/ubuntu/TB5-WaLI/wali_ws/install/create3_navigation/share/create3_navigation/config/slam.tb4.yaml
[3.582s] -- Symlinking: /home/ubuntu/TB5-WaLI/wali_ws/install/create3_navigation/share/create3_navigation/config/slam.yaml
[3.608s] -- Symlinking: /home/ubuntu/TB5-WaLI/wali_ws/install/create3_navigation/share/create3_navigation/launch/localization.launch.py
[3.635s] -- Symlinking: /home/ubuntu/TB5-WaLI/wali_ws/install/create3_navigation/share/create3_navigation/launch/map_server.launch.py
[3.657s] -- Symlinking: /home/ubuntu/TB5-WaLI/wali_ws/install/create3_navigation/share/create3_navigation/launch/nav2.launch.py
[3.682s] -- Symlinking: /home/ubuntu/TB5-WaLI/wali_ws/install/create3_navigation/share/create3_navigation/launch/slam.launch.py
[3.707s] -- Symlinking: /home/ubuntu/TB5-WaLI/wali_ws/install/create3_navigation/share/create3_navigation/maps/FloorPlan_19.248x12.006m.jpg
[3.733s] -- Symlinking: /home/ubuntu/TB5-WaLI/wali_ws/install/create3_navigation/share/create3_navigation/maps/README.md
[3.759s] -- Symlinking: /home/ubuntu/TB5-WaLI/wali_ws/install/create3_navigation/share/create3_navigation/maps/depot.pgm
[3.785s] -- Symlinking: /home/ubuntu/TB5-WaLI/wali_ws/install/create3_navigation/share/create3_navigation/maps/depot.yaml
[3.813s] -- Symlinking: /home/ubuntu/TB5-WaLI/wali_ws/install/create3_navigation/share/create3_navigation/maps/floorplan.map.pgm
[3.838s] -- Symlinking: /home/ubuntu/TB5-WaLI/wali_ws/install/create3_navigation/share/create3_navigation/maps/floorplan.map.yaml
[3.866s] -- Symlinking: /home/ubuntu/TB5-WaLI/wali_ws/install/create3_navigation/share/create3_navigation/maps/maze.pgm
[3.890s] -- Symlinking: /home/ubuntu/TB5-WaLI/wali_ws/install/create3_navigation/share/create3_navigation/maps/maze.yaml
[3.925s] -- Symlinking: /home/ubuntu/TB5-WaLI/wali_ws/install/create3_navigation/share/create3_navigation/maps/warehouse.pgm
[3.934s] -- Symlinking: /home/ubuntu/TB5-WaLI/wali_ws/install/create3_navigation/share/create3_navigation/maps/warehouse.yaml
[3.954s] -- Symlinking: /home/ubuntu/TB5-WaLI/wali_ws/install/create3_navigation/share/create3_navigation/environment/pythonpath.sh
[3.973s] -- Symlinking: /home/ubuntu/TB5-WaLI/wali_ws/install/create3_navigation/share/create3_navigation/environment/pythonpath.dsv
[3.993s] -- Symlinking: /home/ubuntu/TB5-WaLI/wali_ws/install/create3_navigation/lib/python3.12/site-packages/create3_navigation-1.0.4-py3.12.egg-info/PKG-INFO
[4.013s] -- Symlinking: /home/ubuntu/TB5-WaLI/wali_ws/install/create3_navigation/lib/python3.12/site-packages/create3_navigation-1.0.4-py3.12.egg-info/SOURCES.txt
[4.031s] -- Symlinking: /home/ubuntu/TB5-WaLI/wali_ws/install/create3_navigation/lib/python3.12/site-packages/create3_navigation-1.0.4-py3.12.egg-info/dependency_links.txt
[4.050s] -- Symlinking: /home/ubuntu/TB5-WaLI/wali_ws/install/create3_navigation/lib/python3.12/site-packages/create3_navigation-1.0.4-py3.12.egg-info/top_level.txt
[4.069s] -- Symlinking: /home/ubuntu/TB5-WaLI/wali_ws/install/create3_navigation/lib/python3.12/site-packages/create3_navigation/__init__.py
[4.092s] -- Symlinking: /home/ubuntu/TB5-WaLI/wali_ws/install/create3_navigation/lib/python3.12/site-packages/create3_navigation/create3_navigator.py
[4.111s] -- Symlinking: /home/ubuntu/TB5-WaLI/wali_ws/install/create3_navigation/lib/python3.12/site-packages/create3_navigator.py
[4.131s] -- Symlinking: /home/ubuntu/TB5-WaLI/wali_ws/install/create3_navigation/share/ament_index/resource_index/package_run_dependencies/create3_navigation
[4.150s] -- Symlinking: /home/ubuntu/TB5-WaLI/wali_ws/install/create3_navigation/share/ament_index/resource_index/parent_prefix_path/create3_navigation
[4.169s] -- Symlinking: /home/ubuntu/TB5-WaLI/wali_ws/install/create3_navigation/share/create3_navigation/environment/ament_prefix_path.sh
[4.189s] -- Symlinking: /home/ubuntu/TB5-WaLI/wali_ws/install/create3_navigation/share/create3_navigation/environment/ament_prefix_path.dsv
[4.212s] -- Symlinking: /home/ubuntu/TB5-WaLI/wali_ws/install/create3_navigation/share/create3_navigation/environment/path.sh
[4.232s] -- Symlinking: /home/ubuntu/TB5-WaLI/wali_ws/install/create3_navigation/share/create3_navigation/environment/path.dsv
[4.251s] -- Symlinking: /home/ubuntu/TB5-WaLI/wali_ws/install/create3_navigation/share/create3_navigation/local_setup.bash
[4.271s] -- Symlinking: /home/ubuntu/TB5-WaLI/wali_ws/install/create3_navigation/share/create3_navigation/local_setup.sh
[4.289s] -- Symlinking: /home/ubuntu/TB5-WaLI/wali_ws/install/create3_navigation/share/create3_navigation/local_setup.zsh
[4.308s] -- Symlinking: /home/ubuntu/TB5-WaLI/wali_ws/install/create3_navigation/share/create3_navigation/local_setup.dsv
[4.335s] -- Symlinking: /home/ubuntu/TB5-WaLI/wali_ws/install/create3_navigation/share/create3_navigation/package.dsv
[4.358s] -- Symlinking: /home/ubuntu/TB5-WaLI/wali_ws/install/create3_navigation/share/ament_index/resource_index/packages/create3_navigation
[4.378s] -- Symlinking: /home/ubuntu/TB5-WaLI/wali_ws/install/create3_navigation/share/create3_navigation/cmake/create3_navigationConfig.cmake
[4.398s] -- Symlinking: /home/ubuntu/TB5-WaLI/wali_ws/install/create3_navigation/share/create3_navigation/cmake/create3_navigationConfig-version.cmake
[4.428s] -- Symlinking: /home/ubuntu/TB5-WaLI/wali_ws/install/create3_navigation/share/create3_navigation/package.xml
[4.530s] Listing '/home/ubuntu/TB5-WaLI/wali_ws/install/create3_navigation/lib/python3.12/site-packages/create3_navigation'...
[4.530s] Compiling '/home/ubuntu/TB5-WaLI/wali_ws/install/create3_navigation/lib/python3.12/site-packages/create3_navigation/__init__.py'...
[4.530s] Compiling '/home/ubuntu/TB5-WaLI/wali_ws/install/create3_navigation/lib/python3.12/site-packages/create3_navigation/create3_navigator.py'...
[4.627s] Compiling '/home/ubuntu/TB5-WaLI/wali_ws/install/create3_navigation/lib/python3.12/site-packages/create3_navigator.py'...
[4.654s] Invoked command in '/home/ubuntu/TB5-WaLI/wali_ws/build/create3_navigation' returned '0': CMAKE_PREFIX_PATH=${CMAKE_PREFIX_PATH}:/opt/ros/jazzy DEBUGINFOD_URLS=https://debuginfod.ubuntu.com /usr/bin/cmake --install /home/ubuntu/TB5-WaLI/wali_ws/build/create3_navigation
