2025-01-11 18:10|string to speak - spoken: True
2025-01-11 18:13|string to speak - spoken: True
2025-01-11 18:17|string to speak - spoken: True
2025-01-11 18:21|string to speak - spoken: True
2025-01-11 18:23|string to speak - spoken: True
2025-01-13 08:08|new speaker - spoken: True
2025-01-13 08:08|new speaker - spoken: True
2025-01-13 08:08|new speaker - spoken: True
2025-01-13 13:52|My name is TB5-WaLI - spoken: True
2025-01-13 13:53|My name is TB5 Wali - spoken: True
2025-01-20 22:02|hello 1 2 3 - spoken: True
2025-01-20 22:38|"$1" - spoken: True
2025-01-20 22:39|"$(1)" - spoken: True
2025-01-20 22:39|"${1}" - spoken: True
2025-01-20 22:41|hello 1 2 3 - spoken: True
2025-01-20 23:10|hello - spoken: True
2025-01-21 18:28|That was step 1 - spoken: True
2025-01-21 18:29|On to the breakfast area - spoken: True
2025-01-21 18:29|And finally to the kitchen - spoken: True
2025-01-21 18:30|Look at me!  Made it all the way to the kitchen by my self. - spoken: True
2025-01-21 18:30|I want to go home now. - spoken: True
2025-01-21 18:30|There has to be a shorter way than this. - spoken: True
2025-01-21 18:31|Almost there. - spoken: True
