-- The C compiler identification is GNU 13.3.0
-- The CXX compiler identification is GNU 13.3.0
-- Detecting C compiler ABI info
-- Detecting C compiler ABI info - done
-- Check for working C compiler: /usr/bin/cc - skipped
-- Detecting C compile features
-- Detecting C compile features - done
-- Detecting CXX compiler ABI info
-- Detecting CXX compiler ABI info - done
-- Check for working CXX compiler: /usr/bin/c++ - skipped
-- Detecting CXX compile features
-- Detecting CXX compile features - done
-- Found ament_cmake: 2.5.3 (/opt/ros/jazzy/share/ament_cmake/cmake)
-- Found Python3: /usr/bin/python3 (found version "3.12.3") found components: Interpreter 
-- Override CMake install command with custom implementation using symlinks instead of copying resources
-- Found urdf: 2.10.0 (/opt/ros/jazzy/share/urdf/cmake)
-- Found TinyXML2 via Config file: /usr/lib/aarch64-linux-gnu/cmake/tinyxml2
-- Found irobot_create_description: 2.0.0 (/home/ubuntu/TB5-WaLI/wali_ws/install/irobot_create_description/share/irobot_create_description/cmake)
-- Found ament_lint_auto: 0.17.1 (/opt/ros/jazzy/share/ament_lint_auto/cmake)
-- Added test 'copyright' to check source files copyright and LICENSE
-- Added test 'flake8' to check Python code syntax and style conventions
-- Configured 'flake8' exclude dirs and/or files: 
-- Added test 'lint_cmake' to check CMake code style
-- Added test 'pep257' to check Python code against some of the docstring style conventions in PEP 257
-- Added test 'xmllint' to check XML markup files
-- Configuring done (1.9s)
-- Generating done (0.0s)
-- Build files have been written to: /home/ubuntu/TB5-WaLI/wali_ws/build/wali_description
-- Install configuration: ""
-- Execute custom install script
-- Symlinking: /home/ubuntu/TB5-WaLI/wali_ws/install/wali_description/share/wali_description/launch/robot_description.launch.py
-- Symlinking: /home/ubuntu/TB5-WaLI/wali_ws/install/wali_description/share/wali_description/meshes/camera_bracket.dae
-- Symlinking: /home/ubuntu/TB5-WaLI/wali_ws/install/wali_description/share/wali_description/meshes/oakd_lite.dae
-- Symlinking: /home/ubuntu/TB5-WaLI/wali_ws/install/wali_description/share/wali_description/meshes/shell.dae
-- Symlinking: /home/ubuntu/TB5-WaLI/wali_ws/install/wali_description/share/wali_description/meshes/shell_collision.dae
-- Symlinking: /home/ubuntu/TB5-WaLI/wali_ws/install/wali_description/share/wali_description/meshes/weight_block.dae
-- Symlinking: /home/ubuntu/TB5-WaLI/wali_ws/install/wali_description/share/wali_description/urdf/sensors/camera_bracket.urdf.xacro
-- Symlinking: /home/ubuntu/TB5-WaLI/wali_ws/install/wali_description/share/wali_description/urdf/sensors/oakd.urdf.xacro
-- Symlinking: /home/ubuntu/TB5-WaLI/wali_ws/install/wali_description/share/wali_description/urdf/wali/wali.urdf.xacro
-- Symlinking: /home/ubuntu/TB5-WaLI/wali_ws/install/wali_description/share/ament_index/resource_index/package_run_dependencies/wali_description
-- Symlinking: /home/ubuntu/TB5-WaLI/wali_ws/install/wali_description/share/ament_index/resource_index/parent_prefix_path/wali_description
-- Symlinking: /home/ubuntu/TB5-WaLI/wali_ws/install/wali_description/share/wali_description/environment/ament_prefix_path.sh
-- Symlinking: /home/ubuntu/TB5-WaLI/wali_ws/install/wali_description/share/wali_description/environment/ament_prefix_path.dsv
-- Symlinking: /home/ubuntu/TB5-WaLI/wali_ws/install/wali_description/share/wali_description/environment/path.sh
-- Symlinking: /home/ubuntu/TB5-WaLI/wali_ws/install/wali_description/share/wali_description/environment/path.dsv
-- Symlinking: /home/ubuntu/TB5-WaLI/wali_ws/install/wali_description/share/wali_description/local_setup.bash
-- Symlinking: /home/ubuntu/TB5-WaLI/wali_ws/install/wali_description/share/wali_description/local_setup.sh
-- Symlinking: /home/ubuntu/TB5-WaLI/wali_ws/install/wali_description/share/wali_description/local_setup.zsh
-- Symlinking: /home/ubuntu/TB5-WaLI/wali_ws/install/wali_description/share/wali_description/local_setup.dsv
-- Symlinking: /home/ubuntu/TB5-WaLI/wali_ws/install/wali_description/share/wali_description/package.dsv
-- Symlinking: /home/ubuntu/TB5-WaLI/wali_ws/install/wali_description/share/ament_index/resource_index/packages/wali_description
-- Symlinking: /home/ubuntu/TB5-WaLI/wali_ws/install/wali_description/share/wali_description/cmake/wali_descriptionConfig.cmake
-- Symlinking: /home/ubuntu/TB5-WaLI/wali_ws/install/wali_description/share/wali_description/cmake/wali_descriptionConfig-version.cmake
-- Symlinking: /home/ubuntu/TB5-WaLI/wali_ws/install/wali_description/share/wali_description/package.xml
