running develop
running egg_info
creating wali.egg-info
writing wali.egg-info/PKG-INFO
writing dependency_links to wali.egg-info/dependency_links.txt
writing entry points to wali.egg-info/entry_points.txt
writing requirements to wali.egg-info/requires.txt
writing top-level names to wali.egg-info/top_level.txt
writing manifest file 'wali.egg-info/SOURCES.txt'
reading manifest file 'wali.egg-info/SOURCES.txt'
writing manifest file 'wali.egg-info/SOURCES.txt'
running build_ext
Creating /home/ubuntu/TB5-WaLI/wali_ws/install/wali/lib/python3.12/site-packages/wali.egg-link (link to .)
Installing battery_sub script to /home/ubuntu/TB5-WaLI/wali_ws/install/wali/lib/wali
Installing c3interface script to /home/ubuntu/TB5-WaLI/wali_ws/install/wali/lib/wali
Installing ir2scan script to /home/ubuntu/TB5-WaLI/wali_ws/install/wali/lib/wali
Installing ir2scan1 script to /home/ubuntu/TB5-WaLI/wali_ws/install/wali/lib/wali
Installing odometer script to /home/ubuntu/TB5-WaLI/wali_ws/install/wali/lib/wali
Installing say_node script to /home/ubuntu/TB5-WaLI/wali_ws/install/wali/lib/wali
Installing sub_ir script to /home/ubuntu/TB5-WaLI/wali_ws/install/wali/lib/wali
Installing sub_tf script to /home/ubuntu/TB5-WaLI/wali_ws/install/wali/lib/wali
Installing test_wali_node script to /home/ubuntu/TB5-WaLI/wali_ws/install/wali/lib/wali
Installing vel_pwr_test script to /home/ubuntu/TB5-WaLI/wali_ws/install/wali/lib/wali
Installing wali_node script to /home/ubuntu/TB5-WaLI/wali_ws/install/wali/lib/wali
Installing wallfollower script to /home/ubuntu/TB5-WaLI/wali_ws/install/wali/lib/wali
Installing wander script to /home/ubuntu/TB5-WaLI/wali_ws/install/wali/lib/wali

Installed /home/ubuntu/TB5-WaLI/wali_ws/build/wali
running symlink_data
creating /home/ubuntu/TB5-WaLI/wali_ws/install/wali/share/ament_index
creating /home/ubuntu/TB5-WaLI/wali_ws/install/wali/share/ament_index/resource_index
creating /home/ubuntu/TB5-WaLI/wali_ws/install/wali/share/ament_index/resource_index/packages
symbolically linking /home/ubuntu/TB5-WaLI/wali_ws/build/wali/resource/wali -> /home/ubuntu/TB5-WaLI/wali_ws/install/wali/share/ament_index/resource_index/packages
symbolically linking /home/ubuntu/TB5-WaLI/wali_ws/build/wali/package.xml -> /home/ubuntu/TB5-WaLI/wali_ws/install/wali/share/wali
symbolically linking /home/ubuntu/TB5-WaLI/wali_ws/build/wali/wali/ir_dist.py -> /home/ubuntu/TB5-WaLI/wali_ws/install/wali/lib/wali
