[1.452s] Invoking command in '/home/ubuntu/TB5-WaLI/wali_ws/build/wali': AMENT_PREFIX_PATH=/home/ubuntu/TB5-WaLI/wali_ws/install/wali_interfaces:${AMENT_PREFIX_PATH} CMAKE_PREFIX_PATH=/home/ubuntu/TB5-WaLI/wali_ws/install/wali_interfaces:${CMAKE_PREFIX_PATH} DEBUGINFOD_URLS=https://debuginfod.ubuntu.com LD_LIBRARY_PATH=/home/ubuntu/TB5-WaLI/wali_ws/install/wali_interfaces/lib:${LD_LIBRARY_PATH} PYTHONPATH=/home/ubuntu/TB5-WaLI/wali_ws/build/wali/prefix_override:/usr/lib/python3/dist-packages/colcon_core/task/python/colcon_distutils_commands:/home/ubuntu/TB5-WaLI/wali_ws/install/wali/lib/python3.12/site-packages:/home/ubuntu/TB5-WaLI/wali_ws/install/wali_interfaces/lib/python3.12/site-packages:${PYTHONPATH} /usr/bin/python3 -W ignore:setup.py install is deprecated -W ignore:easy_install command is deprecated setup.py develop --editable --build-directory /home/ubuntu/TB5-WaLI/wali_ws/build/wali/build --no-deps symlink_data
[1.946s] running develop
[2.249s] running egg_info
[2.249s] creating wali.egg-info
[2.279s] writing wali.egg-info/PKG-INFO
[2.279s] writing dependency_links to wali.egg-info/dependency_links.txt
[2.280s] writing entry points to wali.egg-info/entry_points.txt
[2.280s] writing requirements to wali.egg-info/requires.txt
[2.280s] writing top-level names to wali.egg-info/top_level.txt
[2.280s] writing manifest file 'wali.egg-info/SOURCES.txt'
[2.339s] reading manifest file 'wali.egg-info/SOURCES.txt'
[2.339s] writing manifest file 'wali.egg-info/SOURCES.txt'
[2.372s] running build_ext
[2.372s] Creating /home/ubuntu/TB5-WaLI/wali_ws/install/wali/lib/python3.12/site-packages/wali.egg-link (link to .)
[2.373s] Installing battery_sub script to /home/ubuntu/TB5-WaLI/wali_ws/install/wali/lib/wali
[2.373s] Installing c3interface script to /home/ubuntu/TB5-WaLI/wali_ws/install/wali/lib/wali
[2.373s] Installing ir2scan script to /home/ubuntu/TB5-WaLI/wali_ws/install/wali/lib/wali
[2.374s] Installing ir2scan1 script to /home/ubuntu/TB5-WaLI/wali_ws/install/wali/lib/wali
[2.374s] Installing odometer script to /home/ubuntu/TB5-WaLI/wali_ws/install/wali/lib/wali
[2.374s] Installing say_node script to /home/ubuntu/TB5-WaLI/wali_ws/install/wali/lib/wali
[2.374s] Installing sub_ir script to /home/ubuntu/TB5-WaLI/wali_ws/install/wali/lib/wali
[2.374s] Installing sub_tf script to /home/ubuntu/TB5-WaLI/wali_ws/install/wali/lib/wali
[2.374s] Installing test_wali_node script to /home/ubuntu/TB5-WaLI/wali_ws/install/wali/lib/wali
[2.374s] Installing vel_pwr_test script to /home/ubuntu/TB5-WaLI/wali_ws/install/wali/lib/wali
[2.375s] Installing wali_node script to /home/ubuntu/TB5-WaLI/wali_ws/install/wali/lib/wali
[2.375s] Installing wallfollower script to /home/ubuntu/TB5-WaLI/wali_ws/install/wali/lib/wali
[2.375s] Installing wander script to /home/ubuntu/TB5-WaLI/wali_ws/install/wali/lib/wali
[2.375s] 
[2.375s] Installed /home/ubuntu/TB5-WaLI/wali_ws/build/wali
[2.376s] running symlink_data
[2.376s] creating /home/ubuntu/TB5-WaLI/wali_ws/install/wali/share/ament_index
[2.376s] creating /home/ubuntu/TB5-WaLI/wali_ws/install/wali/share/ament_index/resource_index
[2.376s] creating /home/ubuntu/TB5-WaLI/wali_ws/install/wali/share/ament_index/resource_index/packages
[2.376s] symbolically linking /home/ubuntu/TB5-WaLI/wali_ws/build/wali/resource/wali -> /home/ubuntu/TB5-WaLI/wali_ws/install/wali/share/ament_index/resource_index/packages
[2.376s] symbolically linking /home/ubuntu/TB5-WaLI/wali_ws/build/wali/package.xml -> /home/ubuntu/TB5-WaLI/wali_ws/install/wali/share/wali
[2.376s] symbolically linking /home/ubuntu/TB5-WaLI/wali_ws/build/wali/wali/ir_dist.py -> /home/ubuntu/TB5-WaLI/wali_ws/install/wali/lib/wali
[2.490s] Invoked command in '/home/ubuntu/TB5-WaLI/wali_ws/build/wali' returned '0': AMENT_PREFIX_PATH=/home/ubuntu/TB5-WaLI/wali_ws/install/wali_interfaces:${AMENT_PREFIX_PATH} CMAKE_PREFIX_PATH=/home/ubuntu/TB5-WaLI/wali_ws/install/wali_interfaces:${CMAKE_PREFIX_PATH} DEBUGINFOD_URLS=https://debuginfod.ubuntu.com LD_LIBRARY_PATH=/home/ubuntu/TB5-WaLI/wali_ws/install/wali_interfaces/lib:${LD_LIBRARY_PATH} PYTHONPATH=/home/ubuntu/TB5-WaLI/wali_ws/build/wali/prefix_override:/usr/lib/python3/dist-packages/colcon_core/task/python/colcon_distutils_commands:/home/ubuntu/TB5-WaLI/wali_ws/install/wali/lib/python3.12/site-packages:/home/ubuntu/TB5-WaLI/wali_ws/install/wali_interfaces/lib/python3.12/site-packages:${PYTHONPATH} /usr/bin/python3 -W ignore:setup.py install is deprecated -W ignore:easy_install command is deprecated setup.py develop --editable --build-directory /home/ubuntu/TB5-WaLI/wali_ws/build/wali/build --no-deps symlink_data
