Jan 23 10:15:44 TB5WaLI turtlebot4-start[47616]: [turtlebot4_node-1] [INFO] [1737645344.313590768] [turtlebot4_node]: led_animation action server available, sending goal
Jan 23 10:15:44 TB5WaLI turtlebot4-start[47616]: [create3_republisher-2] Received action request for _do_not_use/led_animation
Jan 23 10:15:44 TB5WaLI turtlebot4-start[47616]: [create3_republisher-2] Forwarding action request to _do_not_use/led_animation
Jan 23 10:15:44 TB5WaLI turtlebot4-start[47616]: [turtlebot4_node-1] [INFO] [1737645344.314935288] [turtlebot4_node]: led_animation goal accepted by server, waiting for result
Jan 23 10:15:44 TB5WaLI turtlebot4-start[47616]: [create3_republisher-2] Action request _do_not_use/led_animation ERROR 5 received from the robot
Jan 23 10:15:44 TB5WaLI turtlebot4-start[47616]: [turtlebot4_node-1] [ERROR] [1737645344.362918069] [turtlebot4_node]: led_animation goal was aborted
Jan 23 10:15:44 TB5WaLI turtlebot4-start[47616]: [create3_republisher-2] Action request _do_not_use/led_animation received goal handle from the robot
Jan 23 10:15:48 TB5WaLI turtlebot4-start[47616]: [turtlebot4_node-1] [INFO] [1737645348.367234974] [turtlebot4_node]: Waiting for led_animation action server
Jan 23 10:15:49 TB5WaLI turtlebot4-start[47616]: [turtlebot4_node-1] [INFO] [1737645349.367518153] [turtlebot4_node]: led_animation action server available, sending goal
Jan 23 10:15:49 TB5WaLI turtlebot4-start[47616]: [create3_republisher-2] Received action request for _do_not_use/led_animation
Jan 23 10:15:49 TB5WaLI turtlebot4-start[47616]: [create3_republisher-2] Forwarding action request to _do_not_use/led_animation
Jan 23 10:15:49 TB5WaLI turtlebot4-start[47616]: [turtlebot4_node-1] [INFO] [1737645349.368239320] [turtlebot4_node]: led_animation goal accepted by server, waiting for result
Jan 23 10:15:49 TB5WaLI turtlebot4-start[47616]: [create3_republisher-2] Action request _do_not_use/led_animation SUCCESS received from the robot
Jan 23 10:15:49 TB5WaLI turtlebot4-start[47616]: [turtlebot4_node-1] [INFO] [1737645349.475204728] [turtlebot4_node]: led_animation goal succeeded
Jan 23 10:15:49 TB5WaLI kernel: usb 3-1: USB disconnect, device number 79
Jan 23 10:15:49 TB5WaLI turtlebot4-start[47616]: [create3_republisher-2] Action request _do_not_use/led_animation received goal handle from the robot
Jan 23 10:15:50 TB5WaLI kernel: usb 4-1: new SuperSpeed USB device number 15 using xhci-hcd
Jan 23 10:15:50 TB5WaLI kernel: usb 4-1: New USB device found, idVendor=03e7, idProduct=f63b, bcdDevice= 1.00
Jan 23 10:15:50 TB5WaLI kernel: usb 4-1: New USB device strings: Mfr=1, Product=2, SerialNumber=3
Jan 23 10:15:50 TB5WaLI kernel: usb 4-1: Product: Luxonis Device
Jan 23 10:15:50 TB5WaLI kernel: usb 4-1: Manufacturer: Intel Corporation
Jan 23 10:15:50 TB5WaLI kernel: usb 4-1: SerialNumber: 184430101175A41200
Jan 23 10:15:53 TB5WaLI turtlebot4-start[47616]: [turtlebot4_node-1] [INFO] [1737645353.380490253] [turtlebot4_node]: Waiting for led_animation action server
Jan 23 10:15:54 TB5WaLI turtlebot4-start[47616]: [turtlebot4_node-1] [INFO] [1737645354.380803081] [turtlebot4_node]: led_animation action server available, sending goal
Jan 23 10:15:54 TB5WaLI turtlebot4-start[47616]: [create3_republisher-2] Received action request for _do_not_use/led_animation
Jan 23 10:15:54 TB5WaLI turtlebot4-start[47616]: [create3_republisher-2] Forwarding action request to _do_not_use/led_animation
Jan 23 10:15:54 TB5WaLI turtlebot4-start[47616]: [turtlebot4_node-1] [INFO] [1737645354.381964675] [turtlebot4_node]: led_animation goal accepted by server, waiting for result
Jan 23 10:15:58 TB5WaLI turtlebot4-start[47616]: [turtlebot4_node-1] [INFO] [1737645358.371760081] [turtlebot4_node]: Waiting for led_animation action server
Jan 23 10:15:59 TB5WaLI turtlebot4-start[47616]: [turtlebot4_node-1] [INFO] [1737645359.372872483] [turtlebot4_node]: led_animation action server available, sending goal
Jan 23 10:15:59 TB5WaLI turtlebot4-start[47616]: [create3_republisher-2] Received action request for _do_not_use/led_animation
Jan 23 10:15:59 TB5WaLI turtlebot4-start[47616]: [create3_republisher-2] Forwarding action request to _do_not_use/led_animation
Jan 23 10:15:59 TB5WaLI turtlebot4-start[47616]: [turtlebot4_node-1] [INFO] [1737645359.374511059] [turtlebot4_node]: led_animation goal accepted by server, waiting for result
Jan 23 10:16:02 TB5WaLI turtlebot4-start[47616]: [create3_republisher-2] Action request _do_not_use/led_animation received goal handle from the robot
Jan 23 10:16:02 TB5WaLI turtlebot4-start[47616]: [create3_republisher-2] Action request _do_not_use/led_animation received goal handle from the robot
Jan 23 10:16:02 TB5WaLI turtlebot4-start[47616]: [create3_republisher-2] Action request _do_not_use/led_animation SUCCESS received from the robot
Jan 23 10:16:02 TB5WaLI turtlebot4-start[47616]: [turtlebot4_node-1] [INFO] [1737645362.488671326] [turtlebot4_node]: led_animation goal succeeded
Jan 23 10:16:02 TB5WaLI turtlebot4-start[47616]: [create3_republisher-2] Action request _do_not_use/led_animation ERROR 5 received from the robot
Jan 23 10:16:02 TB5WaLI turtlebot4-start[47616]: [turtlebot4_node-1] [ERROR] [1737645362.494181444] [turtlebot4_node]: led_animation goal was aborted
Jan 23 10:16:03 TB5WaLI turtlebot4-start[47616]: [turtlebot4_node-1] [INFO] [1737645363.344812960] [turtlebot4_node]: Waiting for led_animation action server
Jan 23 10:16:04 TB5WaLI turtlebot4-start[47616]: [turtlebot4_node-1] [INFO] [1737645364.345048731] [turtlebot4_node]: led_animation action server available, sending goal
Jan 23 10:16:04 TB5WaLI turtlebot4-start[47616]: [create3_republisher-2] Received action request for _do_not_use/led_animation
Jan 23 10:16:04 TB5WaLI turtlebot4-start[47616]: [create3_republisher-2] Forwarding action request to _do_not_use/led_animation
Jan 23 10:16:04 TB5WaLI turtlebot4-start[47616]: [turtlebot4_node-1] [INFO] [1737645364.345738880] [turtlebot4_node]: led_animation goal accepted by server, waiting for result
Jan 23 10:16:04 TB5WaLI turtlebot4-start[47616]: [create3_republisher-2] Action request _do_not_use/led_animation received goal handle from the robot
Jan 23 10:16:04 TB5WaLI turtlebot4-start[47616]: [create3_republisher-2] Action request _do_not_use/led_animation ERROR 5 received from the robot
Jan 23 10:16:04 TB5WaLI turtlebot4-start[47616]: [turtlebot4_node-1] [ERROR] [1737645364.432348486] [turtlebot4_node]: led_animation goal was aborted
Jan 23 10:16:08 TB5WaLI turtlebot4-start[47616]: [turtlebot4_node-1] [INFO] [1737645368.354598384] [turtlebot4_node]: Waiting for led_animation action server
Jan 23 10:16:09 TB5WaLI turtlebot4-start[47616]: [turtlebot4_node-1] [INFO] [1737645369.354848544] [turtlebot4_node]: led_animation action server available, sending goal
Jan 23 10:16:09 TB5WaLI turtlebot4-start[47616]: [create3_republisher-2] Received action request for _do_not_use/led_animation
Jan 23 10:16:09 TB5WaLI turtlebot4-start[47616]: [create3_republisher-2] Forwarding action request to _do_not_use/led_animation
Jan 23 10:16:09 TB5WaLI turtlebot4-start[47616]: [turtlebot4_node-1] [INFO] [1737645369.355451971] [turtlebot4_node]: led_animation goal accepted by server, waiting for result
Jan 23 10:16:09 TB5WaLI turtlebot4-start[47616]: [create3_republisher-2] Action request _do_not_use/led_animation ERROR 5 received from the robot
Jan 23 10:16:09 TB5WaLI turtlebot4-start[47616]: [turtlebot4_node-1] [ERROR] [1737645369.403932141] [turtlebot4_node]: led_animation goal was aborted
Jan 23 10:16:09 TB5WaLI turtlebot4-start[47616]: [create3_republisher-2] Action request _do_not_use/led_animation received goal handle from the robot
Jan 23 10:16:13 TB5WaLI turtlebot4-start[47616]: [turtlebot4_node-1] [INFO] [1737645373.361669175] [turtlebot4_node]: Waiting for led_animation action server
Jan 23 10:16:14 TB5WaLI turtlebot4-start[47616]: [turtlebot4_node-1] [INFO] [1737645374.361905557] [turtlebot4_node]: led_animation action server available, sending goal
Jan 23 10:16:14 TB5WaLI turtlebot4-start[47616]: [create3_republisher-2] Received action request for _do_not_use/led_animation
Jan 23 10:16:14 TB5WaLI turtlebot4-start[47616]: [create3_republisher-2] Forwarding action request to _do_not_use/led_animation
Jan 23 10:16:14 TB5WaLI turtlebot4-start[47616]: [turtlebot4_node-1] [INFO] [1737645374.362526206] [turtlebot4_node]: led_animation goal accepted by server, waiting for result
Jan 23 10:16:14 TB5WaLI turtlebot4-start[47616]: [create3_republisher-2] Action request _do_not_use/led_animation received goal handle from the robot
Jan 23 10:16:14 TB5WaLI turtlebot4-start[47616]: [create3_republisher-2] Action request _do_not_use/led_animation ERROR 5 received from the robot
Jan 23 10:16:14 TB5WaLI turtlebot4-start[47616]: [turtlebot4_node-1] [ERROR] [1737645374.413847509] [turtlebot4_node]: led_animation goal was aborted
Jan 23 10:16:18 TB5WaLI turtlebot4-start[47616]: [turtlebot4_node-1] [INFO] [1737645378.369408392] [turtlebot4_node]: Waiting for led_animation action server
Jan 23 10:16:19 TB5WaLI turtlebot4-start[47616]: [turtlebot4_node-1] [INFO] [1737645379.369653479] [turtlebot4_node]: led_animation action server available, sending goal
Jan 23 10:16:19 TB5WaLI turtlebot4-start[47616]: [create3_republisher-2] Received action request for _do_not_use/led_animation
Jan 23 10:16:19 TB5WaLI turtlebot4-start[47616]: [create3_republisher-2] Forwarding action request to _do_not_use/led_animation
Jan 23 10:16:19 TB5WaLI turtlebot4-start[47616]: [turtlebot4_node-1] [INFO] [1737645379.370335868] [turtlebot4_node]: led_animation goal accepted by server, waiting for result
Jan 23 10:16:19 TB5WaLI turtlebot4-start[47616]: [create3_republisher-2] Action request _do_not_use/led_animation received goal handle from the robot
Jan 23 10:16:19 TB5WaLI turtlebot4-start[47616]: [create3_republisher-2] Action request _do_not_use/led_animation ERROR 5 received from the robot
Jan 23 10:16:19 TB5WaLI turtlebot4-start[47616]: [turtlebot4_node-1] [ERROR] [1737645379.471034620] [turtlebot4_node]: led_animation goal was aborted
Jan 23 10:16:23 TB5WaLI turtlebot4-start[47616]: [turtlebot4_node-1] [INFO] [1737645383.380773429] [turtlebot4_node]: Waiting for led_animation action server
Jan 23 10:16:24 TB5WaLI turtlebot4-start[47616]: [turtlebot4_node-1] [INFO] [1737645384.381126460] [turtlebot4_node]: led_animation action server available, sending goal
Jan 23 10:16:24 TB5WaLI turtlebot4-start[47616]: [create3_republisher-2] Received action request for _do_not_use/led_animation
Jan 23 10:16:24 TB5WaLI turtlebot4-start[47616]: [create3_republisher-2] Forwarding action request to _do_not_use/led_animation
Jan 23 10:16:24 TB5WaLI turtlebot4-start[47616]: [turtlebot4_node-1] [INFO] [1737645384.382189980] [turtlebot4_node]: led_animation goal accepted by server, waiting for result
Jan 23 10:16:24 TB5WaLI turtlebot4-start[47616]: [create3_republisher-2] Action request _do_not_use/led_animation ERROR 5 received from the robot
Jan 23 10:16:24 TB5WaLI turtlebot4-start[47616]: [turtlebot4_node-1] [ERROR] [1737645384.428581036] [turtlebot4_node]: led_animation goal was aborted
Jan 23 10:16:24 TB5WaLI turtlebot4-start[47616]: [create3_republisher-2] Action request _do_not_use/led_animation received goal handle from the robot
Jan 23 10:16:28 TB5WaLI turtlebot4-start[47616]: [turtlebot4_node-1] [INFO] [1737645388.387670275] [turtlebot4_node]: Waiting for led_animation action server
Jan 23 10:16:29 TB5WaLI turtlebot4-start[47616]: [turtlebot4_node-1] [INFO] [1737645389.387952954] [turtlebot4_node]: led_animation action server available, sending goal
Jan 23 10:16:29 TB5WaLI turtlebot4-start[47616]: [create3_republisher-2] Received action request for _do_not_use/led_animation
Jan 23 10:16:29 TB5WaLI turtlebot4-start[47616]: [create3_republisher-2] Forwarding action request to _do_not_use/led_animation
Jan 23 10:16:29 TB5WaLI turtlebot4-start[47616]: [turtlebot4_node-1] [INFO] [1737645389.388742992] [turtlebot4_node]: led_animation goal accepted by server, waiting for result
Jan 23 10:16:29 TB5WaLI turtlebot4-start[47616]: [create3_republisher-2] Action request _do_not_use/led_animation received goal handle from the robot
Jan 23 10:16:29 TB5WaLI turtlebot4-start[47616]: [create3_republisher-2] Action request _do_not_use/led_animation SUCCESS received from the robot
Jan 23 10:16:29 TB5WaLI turtlebot4-start[47616]: [turtlebot4_node-1] [INFO] [1737645389.440348518] [turtlebot4_node]: led_animation goal succeeded
Jan 23 10:16:33 TB5WaLI turtlebot4-start[47616]: [turtlebot4_node-1] [INFO] [1737645393.396432031] [turtlebot4_node]: Waiting for led_animation action server
Jan 23 10:16:34 TB5WaLI turtlebot4-start[47616]: [turtlebot4_node-1] [INFO] [1737645394.396673414] [turtlebot4_node]: led_animation action server available, sending goal
Jan 23 10:16:34 TB5WaLI turtlebot4-start[47616]: [create3_republisher-2] Received action request for _do_not_use/led_animation
Jan 23 10:16:34 TB5WaLI turtlebot4-start[47616]: [create3_republisher-2] Forwarding action request to _do_not_use/led_animation
Jan 23 10:16:34 TB5WaLI turtlebot4-start[47616]: [turtlebot4_node-1] [INFO] [1737645394.397656693] [turtlebot4_node]: led_animation goal accepted by server, waiting for result
Jan 23 10:16:34 TB5WaLI turtlebot4-start[47616]: [create3_republisher-2] Action request _do_not_use/led_animation ERROR 5 received from the robot
Jan 23 10:16:34 TB5WaLI turtlebot4-start[47616]: [turtlebot4_node-1] [ERROR] [1737645394.446896790] [turtlebot4_node]: led_animation goal was aborted
Jan 23 10:16:34 TB5WaLI turtlebot4-start[47616]: [create3_republisher-2] Action request _do_not_use/led_animation received goal handle from the robot
Jan 23 10:16:38 TB5WaLI turtlebot4-start[47616]: [turtlebot4_node-1] [INFO] [1737645398.402777691] [turtlebot4_node]: Waiting for led_animation action server
Jan 23 10:16:39 TB5WaLI turtlebot4-start[47616]: [turtlebot4_node-1] [INFO] [1737645399.402947222] [turtlebot4_node]: led_animation action server available, sending goal
Jan 23 10:16:39 TB5WaLI turtlebot4-start[47616]: [create3_republisher-2] Received action request for _do_not_use/led_animation
Jan 23 10:16:39 TB5WaLI turtlebot4-start[47616]: [create3_republisher-2] Forwarding action request to _do_not_use/led_animation
Jan 23 10:16:39 TB5WaLI turtlebot4-start[47616]: [turtlebot4_node-1] [INFO] [1737645399.403678742] [turtlebot4_node]: led_animation goal accepted by server, waiting for result
Jan 23 10:16:39 TB5WaLI turtlebot4-start[47616]: [create3_republisher-2] Action request _do_not_use/led_animation received goal handle from the robot
Jan 23 10:16:39 TB5WaLI turtlebot4-start[47616]: [create3_republisher-2] Action request _do_not_use/led_animation ERROR 5 received from the robot
Jan 23 10:16:39 TB5WaLI turtlebot4-start[47616]: [turtlebot4_node-1] [ERROR] [1737645399.505842421] [turtlebot4_node]: led_animation goal was aborted
Jan 23 10:16:43 TB5WaLI turtlebot4-start[47616]: [turtlebot4_node-1] [INFO] [1737645403.410116094] [turtlebot4_node]: Waiting for led_animation action server
Jan 23 10:16:44 TB5WaLI turtlebot4-start[47616]: [turtlebot4_node-1] [INFO] [1737645404.410359976] [turtlebot4_node]: led_animation action server available, sending goal
Jan 23 10:16:44 TB5WaLI turtlebot4-start[47616]: [create3_republisher-2] Received action request for _do_not_use/led_animation
Jan 23 10:16:44 TB5WaLI turtlebot4-start[47616]: [create3_republisher-2] Forwarding action request to _do_not_use/led_animation
Jan 23 10:16:44 TB5WaLI turtlebot4-start[47616]: [turtlebot4_node-1] [INFO] [1737645404.411585256] [turtlebot4_node]: led_animation goal accepted by server, waiting for result
Jan 23 10:16:44 TB5WaLI turtlebot4-start[47616]: [create3_republisher-2] Action request _do_not_use/led_animation received goal handle from the robot
Jan 23 10:16:44 TB5WaLI turtlebot4-start[47616]: [create3_republisher-2] Action request _do_not_use/led_animation ERROR 5 received from the robot
Jan 23 10:16:44 TB5WaLI turtlebot4-start[47616]: [turtlebot4_node-1] [ERROR] [1737645404.462397780] [turtlebot4_node]: led_animation goal was aborted
Jan 23 10:16:48 TB5WaLI turtlebot4-start[47616]: [turtlebot4_node-1] [INFO] [1737645408.420478240] [turtlebot4_node]: Waiting for led_animation action server
Jan 23 10:16:49 TB5WaLI turtlebot4-start[47616]: [turtlebot4_node-1] [INFO] [1737645409.420739271] [turtlebot4_node]: led_animation action server available, sending goal
Jan 23 10:16:49 TB5WaLI turtlebot4-start[47616]: [create3_republisher-2] Received action request for _do_not_use/led_animation
Jan 23 10:16:49 TB5WaLI turtlebot4-start[47616]: [create3_republisher-2] Forwarding action request to _do_not_use/led_animation
Jan 23 10:16:49 TB5WaLI turtlebot4-start[47616]: [turtlebot4_node-1] [INFO] [1737645409.421868532] [turtlebot4_node]: led_animation goal accepted by server, waiting for result
Jan 23 10:16:49 TB5WaLI turtlebot4-start[47616]: [create3_republisher-2] Action request _do_not_use/led_animation ERROR 5 received from the robot
Jan 23 10:16:49 TB5WaLI turtlebot4-start[47616]: [turtlebot4_node-1] [ERROR] [1737645409.469726053] [turtlebot4_node]: led_animation goal was aborted
Jan 23 10:16:49 TB5WaLI turtlebot4-start[47616]: [create3_republisher-2] Action request _do_not_use/led_animation received goal handle from the robot
Jan 23 10:16:53 TB5WaLI turtlebot4-start[47616]: [turtlebot4_node-1] [INFO] [1737645413.429553071] [turtlebot4_node]: Waiting for led_animation action server
Jan 23 10:16:54 TB5WaLI turtlebot4-start[47616]: [turtlebot4_node-1] [INFO] [1737645414.429857250] [turtlebot4_node]: led_animation action server available, sending goal
Jan 23 10:16:54 TB5WaLI turtlebot4-start[47616]: [create3_republisher-2] Received action request for _do_not_use/led_animation
Jan 23 10:16:54 TB5WaLI turtlebot4-start[47616]: [create3_republisher-2] Forwarding action request to _do_not_use/led_animation
Jan 23 10:16:54 TB5WaLI turtlebot4-start[47616]: [turtlebot4_node-1] [INFO] [1737645414.430575214] [turtlebot4_node]: led_animation goal accepted by server, waiting for result
Jan 23 10:16:54 TB5WaLI turtlebot4-start[47616]: [create3_republisher-2] Action request _do_not_use/led_animation ERROR 5 received from the robot
Jan 23 10:16:54 TB5WaLI turtlebot4-start[47616]: [turtlebot4_node-1] [ERROR] [1737645414.479432828] [turtlebot4_node]: led_animation goal was aborted
Jan 23 10:16:54 TB5WaLI turtlebot4-start[47616]: [create3_republisher-2] Action request _do_not_use/led_animation received goal handle from the robot
Jan 23 10:16:58 TB5WaLI turtlebot4-start[47616]: [turtlebot4_node-1] [INFO] [1737645418.437573937] [turtlebot4_node]: Waiting for led_animation action server
Jan 23 10:16:59 TB5WaLI turtlebot4-start[47616]: [turtlebot4_node-1] [INFO] [1737645419.437900134] [turtlebot4_node]: led_animation action server available, sending goal
Jan 23 10:16:59 TB5WaLI turtlebot4-start[47616]: [create3_republisher-2] Received action request for _do_not_use/led_animation
Jan 23 10:16:59 TB5WaLI turtlebot4-start[47616]: [create3_republisher-2] Forwarding action request to _do_not_use/led_animation
Jan 23 10:16:59 TB5WaLI turtlebot4-start[47616]: [turtlebot4_node-1] [INFO] [1737645419.438585283] [turtlebot4_node]: led_animation goal accepted by server, waiting for result
Jan 23 10:16:59 TB5WaLI turtlebot4-start[47616]: [create3_republisher-2] Action request _do_not_use/led_animation ERROR 5 received from the robot
Jan 23 10:16:59 TB5WaLI turtlebot4-start[47616]: [turtlebot4_node-1] [ERROR] [1737645419.488428788] [turtlebot4_node]: led_animation goal was aborted
Jan 23 10:16:59 TB5WaLI turtlebot4-start[47616]: [create3_republisher-2] Action request _do_not_use/led_animation received goal handle from the robot
Jan 23 10:17:01 TB5WaLI CRON[50282]: pam_unix(cron:session): session opened for user root(uid=0) by root(uid=0)
Jan 23 10:17:01 TB5WaLI CRON[50283]: (root) CMD (cd / && run-parts --report /etc/cron.hourly)
Jan 23 10:17:01 TB5WaLI CRON[50282]: pam_unix(cron:session): session closed for user root
Jan 23 10:17:03 TB5WaLI turtlebot4-start[47616]: [turtlebot4_node-1] [INFO] [1737645423.444949154] [turtlebot4_node]: Waiting for led_animation action server
Jan 23 10:17:04 TB5WaLI turtlebot4-start[47616]: [turtlebot4_node-1] [INFO] [1737645424.445232277] [turtlebot4_node]: led_animation action server available, sending goal
Jan 23 10:17:04 TB5WaLI turtlebot4-start[47616]: [create3_republisher-2] Received action request for _do_not_use/led_animation
Jan 23 10:17:04 TB5WaLI turtlebot4-start[47616]: [create3_republisher-2] Forwarding action request to _do_not_use/led_animation
Jan 23 10:17:04 TB5WaLI turtlebot4-start[47616]: [turtlebot4_node-1] [INFO] [1737645424.445874574] [turtlebot4_node]: led_animation goal accepted by server, waiting for result
Jan 23 10:17:04 TB5WaLI turtlebot4-start[47616]: [create3_republisher-2] Action request _do_not_use/led_animation received goal handle from the robot
Jan 23 10:17:04 TB5WaLI turtlebot4-start[47616]: [create3_republisher-2] Action request _do_not_use/led_animation ERROR 5 received from the robot
Jan 23 10:17:04 TB5WaLI turtlebot4-start[47616]: [turtlebot4_node-1] [ERROR] [1737645424.497499545] [turtlebot4_node]: led_animation goal was aborted
Jan 23 10:17:08 TB5WaLI turtlebot4-start[47616]: [turtlebot4_node-1] [INFO] [1737645428.454124429] [turtlebot4_node]: Waiting for led_animation action server
Jan 23 10:17:09 TB5WaLI turtlebot4-start[47616]: [turtlebot4_node-1] [INFO] [1737645429.454404145] [turtlebot4_node]: led_animation action server available, sending goal
Jan 23 10:17:09 TB5WaLI turtlebot4-start[47616]: [create3_republisher-2] Received action request for _do_not_use/led_animation
Jan 23 10:17:09 TB5WaLI turtlebot4-start[47616]: [create3_republisher-2] Forwarding action request to _do_not_use/led_animation
Jan 23 10:17:09 TB5WaLI turtlebot4-start[47616]: [turtlebot4_node-1] [INFO] [1737645429.455826072] [turtlebot4_node]: led_animation goal accepted by server, waiting for result
Jan 23 10:17:09 TB5WaLI turtlebot4-start[47616]: [create3_republisher-2] Action request _do_not_use/led_animation ERROR 5 received from the robot
Jan 23 10:17:09 TB5WaLI turtlebot4-start[47616]: [turtlebot4_node-1] [ERROR] [1737645429.504278946] [turtlebot4_node]: led_animation goal was aborted
Jan 23 10:17:09 TB5WaLI turtlebot4-start[47616]: [create3_republisher-2] Action request _do_not_use/led_animation received goal handle from the robot
Jan 23 10:17:13 TB5WaLI turtlebot4-start[47616]: [turtlebot4_node-1] [INFO] [1737645433.461479498] [turtlebot4_node]: Waiting for led_animation action server
Jan 23 10:17:14 TB5WaLI turtlebot4-start[47616]: [turtlebot4_node-1] [INFO] [1737645434.461747454] [turtlebot4_node]: led_animation action server available, sending goal
Jan 23 10:17:14 TB5WaLI turtlebot4-start[47616]: [create3_republisher-2] Received action request for _do_not_use/led_animation
Jan 23 10:17:14 TB5WaLI turtlebot4-start[47616]: [create3_republisher-2] Forwarding action request to _do_not_use/led_animation
Jan 23 10:17:14 TB5WaLI turtlebot4-start[47616]: [turtlebot4_node-1] [INFO] [1737645434.462466400] [turtlebot4_node]: led_animation goal accepted by server, waiting for result
Jan 23 10:17:14 TB5WaLI turtlebot4-start[47616]: [create3_republisher-2] Action request _do_not_use/led_animation received goal handle from the robot
Jan 23 10:17:14 TB5WaLI turtlebot4-start[47616]: [create3_republisher-2] Action request _do_not_use/led_animation ERROR 5 received from the robot
Jan 23 10:17:14 TB5WaLI turtlebot4-start[47616]: [turtlebot4_node-1] [ERROR] [1737645434.513422962] [turtlebot4_node]: led_animation goal was aborted
Jan 23 10:17:18 TB5WaLI turtlebot4-start[47616]: [turtlebot4_node-1] [INFO] [1737645438.469066196] [turtlebot4_node]: Waiting for led_animation action server
Jan 23 10:17:19 TB5WaLI turtlebot4-start[47616]: [turtlebot4_node-1] [INFO] [1737645439.469309986] [turtlebot4_node]: led_animation action server available, sending goal
Jan 23 10:17:19 TB5WaLI turtlebot4-start[47616]: [create3_republisher-2] Received action request for _do_not_use/led_animation
Jan 23 10:17:19 TB5WaLI turtlebot4-start[47616]: [create3_republisher-2] Forwarding action request to _do_not_use/led_animation
Jan 23 10:17:19 TB5WaLI turtlebot4-start[47616]: [turtlebot4_node-1] [INFO] [1737645439.470148247] [turtlebot4_node]: led_animation goal accepted by server, waiting for result
Jan 23 10:17:19 TB5WaLI turtlebot4-start[47616]: [create3_republisher-2] Action request _do_not_use/led_animation ERROR 5 received from the robot
Jan 23 10:17:19 TB5WaLI turtlebot4-start[47616]: [turtlebot4_node-1] [ERROR] [1737645439.520401697] [turtlebot4_node]: led_animation goal was aborted
Jan 23 10:17:19 TB5WaLI turtlebot4-start[47616]: [create3_republisher-2] Action request _do_not_use/led_animation received goal handle from the robot
Jan 23 10:17:23 TB5WaLI turtlebot4-start[47616]: [turtlebot4_node-1] [INFO] [1737645443.480889160] [turtlebot4_node]: Waiting for led_animation action server
Jan 23 10:17:24 TB5WaLI kernel: usb 4-1: USB disconnect, device number 15
Jan 23 10:17:24 TB5WaLI turtlebot4-start[47616]: [turtlebot4_node-1] [INFO] [1737645444.481192079] [turtlebot4_node]: led_animation action server available, sending goal
Jan 23 10:17:24 TB5WaLI turtlebot4-start[47616]: [create3_republisher-2] Received action request for _do_not_use/led_animation
Jan 23 10:17:24 TB5WaLI turtlebot4-start[47616]: [create3_republisher-2] Forwarding action request to _do_not_use/led_animation
Jan 23 10:17:24 TB5WaLI turtlebot4-start[47616]: [turtlebot4_node-1] [INFO] [1737645444.481863562] [turtlebot4_node]: led_animation goal accepted by server, waiting for result
Jan 23 10:17:24 TB5WaLI turtlebot4-start[47616]: [create3_republisher-2] Action request _do_not_use/led_animation ERROR 5 received from the robot
Jan 23 10:17:24 TB5WaLI turtlebot4-start[47616]: [turtlebot4_node-1] [ERROR] [1737645444.530129713] [turtlebot4_node]: led_animation goal was aborted
Jan 23 10:17:24 TB5WaLI turtlebot4-start[47616]: [create3_republisher-2] Action request _do_not_use/led_animation received goal handle from the robot
Jan 23 10:17:24 TB5WaLI kernel: usb 3-1: new high-speed USB device number 80 using xhci-hcd
Jan 23 10:17:24 TB5WaLI kernel: usb 3-1: New USB device found, idVendor=03e7, idProduct=2485, bcdDevice= 0.01
Jan 23 10:17:24 TB5WaLI kernel: usb 3-1: New USB device strings: Mfr=1, Product=2, SerialNumber=3
Jan 23 10:17:24 TB5WaLI kernel: usb 3-1: Product: Movidius MyriadX
Jan 23 10:17:24 TB5WaLI kernel: usb 3-1: Manufacturer: Movidius Ltd.
Jan 23 10:17:24 TB5WaLI kernel: usb 3-1: SerialNumber: 03e72485
Jan 23 10:17:28 TB5WaLI turtlebot4-start[47616]: [turtlebot4_node-1] [INFO] [1737645448.485921763] [turtlebot4_node]: Waiting for led_animation action server
Jan 23 10:17:29 TB5WaLI turtlebot4-start[47616]: [turtlebot4_node-1] [INFO] [1737645449.486202331] [turtlebot4_node]: led_animation action server available, sending goal
Jan 23 10:17:29 TB5WaLI turtlebot4-start[47616]: [create3_republisher-2] Received action request for _do_not_use/led_animation
Jan 23 10:17:29 TB5WaLI turtlebot4-start[47616]: [create3_republisher-2] Forwarding action request to _do_not_use/led_animation
Jan 23 10:17:29 TB5WaLI turtlebot4-start[47616]: [turtlebot4_node-1] [INFO] [1737645449.486933184] [turtlebot4_node]: led_animation goal accepted by server, waiting for result
Jan 23 10:17:29 TB5WaLI turtlebot4-start[47616]: [create3_republisher-2] Action request _do_not_use/led_animation received goal handle from the robot
Jan 23 10:17:29 TB5WaLI turtlebot4-start[47616]: [create3_republisher-2] Action request _do_not_use/led_animation SUCCESS received from the robot
Jan 23 10:17:29 TB5WaLI turtlebot4-start[47616]: [turtlebot4_node-1] [INFO] [1737645449.540874619] [turtlebot4_node]: led_animation goal succeeded
Jan 23 10:17:33 TB5WaLI turtlebot4-start[47616]: [turtlebot4_node-1] [INFO] [1737645453.065270163] [turtlebot4_node]: Waiting for led_animation action server
Jan 23 10:17:34 TB5WaLI turtlebot4-start[47616]: [turtlebot4_node-1] [INFO] [1737645454.065540194] [turtlebot4_node]: led_animation action server available, sending goal
Jan 23 10:17:34 TB5WaLI turtlebot4-start[47616]: [create3_republisher-2] Received action request for _do_not_use/led_animation
Jan 23 10:17:34 TB5WaLI turtlebot4-start[47616]: [create3_republisher-2] Forwarding action request to _do_not_use/led_animation
Jan 23 10:17:34 TB5WaLI turtlebot4-start[47616]: [turtlebot4_node-1] [INFO] [1737645454.066215676] [turtlebot4_node]: led_animation goal accepted by server, waiting for result
Jan 23 10:17:34 TB5WaLI turtlebot4-start[47616]: [create3_republisher-2] Action request _do_not_use/led_animation received goal handle from the robot
Jan 23 10:17:34 TB5WaLI turtlebot4-start[47616]: [create3_republisher-2] Action request _do_not_use/led_animation ERROR 5 received from the robot
Jan 23 10:17:34 TB5WaLI turtlebot4-start[47616]: [turtlebot4_node-1] [ERROR] [1737645454.144129679] [turtlebot4_node]: led_animation goal was aborted
Jan 23 10:17:38 TB5WaLI turtlebot4-start[47616]: [turtlebot4_node-1] [INFO] [1737645458.070073840] [turtlebot4_node]: Waiting for led_animation action server
Jan 23 10:17:39 TB5WaLI turtlebot4-start[47616]: [turtlebot4_node-1] [INFO] [1737645459.070327964] [turtlebot4_node]: led_animation action server available, sending goal
Jan 23 10:17:39 TB5WaLI turtlebot4-start[47616]: [create3_republisher-2] Received action request for _do_not_use/led_animation
Jan 23 10:17:39 TB5WaLI turtlebot4-start[47616]: [turtlebot4_node-1] [INFO] [1737645459.071089465] [turtlebot4_node]: led_animation goal accepted by server, waiting for result
Jan 23 10:17:39 TB5WaLI turtlebot4-start[47616]: [create3_republisher-2] Forwarding action request to _do_not_use/led_animation
Jan 23 10:17:39 TB5WaLI turtlebot4-start[47616]: [create3_republisher-2] Action request _do_not_use/led_animation received goal handle from the robot
Jan 23 10:17:39 TB5WaLI turtlebot4-start[47616]: [create3_republisher-2] Action request _do_not_use/led_animation ERROR 5 received from the robot
Jan 23 10:17:39 TB5WaLI turtlebot4-start[47616]: [turtlebot4_node-1] [ERROR] [1737645459.174473461] [turtlebot4_node]: led_animation goal was aborted
Jan 23 10:17:43 TB5WaLI turtlebot4-start[47616]: [turtlebot4_node-1] [INFO] [1737645463.079229819] [turtlebot4_node]: Waiting for led_animation action server
Jan 23 10:17:44 TB5WaLI turtlebot4-start[47616]: [turtlebot4_node-1] [INFO] [1737645464.079533442] [turtlebot4_node]: led_animation action server available, sending goal
Jan 23 10:17:44 TB5WaLI turtlebot4-start[47616]: [create3_republisher-2] Received action request for _do_not_use/led_animation
Jan 23 10:17:44 TB5WaLI turtlebot4-start[47616]: [create3_republisher-2] Forwarding action request to _do_not_use/led_animation
Jan 23 10:17:44 TB5WaLI turtlebot4-start[47616]: [turtlebot4_node-1] [INFO] [1737645464.080263202] [turtlebot4_node]: led_animation goal accepted by server, waiting for result
Jan 23 10:17:44 TB5WaLI turtlebot4-start[47616]: [create3_republisher-2] Action request _do_not_use/led_animation ERROR 5 received from the robot
Jan 23 10:17:44 TB5WaLI turtlebot4-start[47616]: [turtlebot4_node-1] [ERROR] [1737645464.129335651] [turtlebot4_node]: led_animation goal was aborted
Jan 23 10:17:44 TB5WaLI turtlebot4-start[47616]: [create3_republisher-2] Action request _do_not_use/led_animation received goal handle from the robot
Jan 23 10:17:48 TB5WaLI turtlebot4-start[47616]: [turtlebot4_node-1] [INFO] [1737645468.086674573] [turtlebot4_node]: Waiting for led_animation action server
Jan 23 10:17:49 TB5WaLI turtlebot4-start[47616]: [turtlebot4_node-1] [INFO] [1737645469.086916882] [turtlebot4_node]: led_animation action server available, sending goal
Jan 23 10:17:49 TB5WaLI turtlebot4-start[47616]: [create3_republisher-2] Received action request for _do_not_use/led_animation
Jan 23 10:17:49 TB5WaLI turtlebot4-start[47616]: [create3_republisher-2] Forwarding action request to _do_not_use/led_animation
Jan 23 10:17:49 TB5WaLI turtlebot4-start[47616]: [turtlebot4_node-1] [INFO] [1737645469.088226105] [turtlebot4_node]: led_animation goal accepted by server, waiting for result
Jan 23 10:17:49 TB5WaLI turtlebot4-start[47616]: [create3_republisher-2] Action request _do_not_use/led_animation received goal handle from the robot
Jan 23 10:17:49 TB5WaLI turtlebot4-start[47616]: [create3_republisher-2] Action request _do_not_use/led_animation SUCCESS received from the robot
Jan 23 10:17:49 TB5WaLI turtlebot4-start[47616]: [turtlebot4_node-1] [INFO] [1737645469.189284154] [turtlebot4_node]: led_animation goal succeeded
Jan 23 10:17:53 TB5WaLI turtlebot4-start[47616]: [turtlebot4_node-1] [INFO] [1737645473.095291199] [turtlebot4_node]: Waiting for led_animation action server
Jan 23 10:17:54 TB5WaLI turtlebot4-start[47616]: [turtlebot4_node-1] [INFO] [1737645474.095577045] [turtlebot4_node]: led_animation action server available, sending goal
Jan 23 10:17:54 TB5WaLI turtlebot4-start[47616]: [create3_republisher-2] Received action request for _do_not_use/led_animation
Jan 23 10:17:54 TB5WaLI turtlebot4-start[47616]: [create3_republisher-2] Forwarding action request to _do_not_use/led_animation
Jan 23 10:17:54 TB5WaLI turtlebot4-start[47616]: [turtlebot4_node-1] [INFO] [1737645474.096339120] [turtlebot4_node]: led_animation goal accepted by server, waiting for result
Jan 23 10:17:54 TB5WaLI turtlebot4-start[47616]: [create3_republisher-2] Action request _do_not_use/led_animation ERROR 5 received from the robot
Jan 23 10:17:54 TB5WaLI turtlebot4-start[47616]: [turtlebot4_node-1] [ERROR] [1737645474.145601013] [turtlebot4_node]: led_animation goal was aborted
Jan 23 10:17:54 TB5WaLI turtlebot4-start[47616]: [create3_republisher-2] Action request _do_not_use/led_animation received goal handle from the robot
Jan 23 10:17:58 TB5WaLI turtlebot4-start[47616]: [turtlebot4_node-1] [INFO] [1737645478.106060846] [turtlebot4_node]: Waiting for led_animation action server
Jan 23 10:17:59 TB5WaLI turtlebot4-start[47616]: [turtlebot4_node-1] [INFO] [1737645479.106316692] [turtlebot4_node]: led_animation action server available, sending goal
Jan 23 10:17:59 TB5WaLI turtlebot4-start[47616]: [create3_republisher-2] Received action request for _do_not_use/led_animation
Jan 23 10:17:59 TB5WaLI turtlebot4-start[47616]: [create3_republisher-2] Forwarding action request to _do_not_use/led_animation
Jan 23 10:17:59 TB5WaLI turtlebot4-start[47616]: [turtlebot4_node-1] [INFO] [1737645479.108055287] [turtlebot4_node]: led_animation goal accepted by server, waiting for result
Jan 23 10:17:59 TB5WaLI turtlebot4-start[47616]: [create3_republisher-2] Action request _do_not_use/led_animation ERROR 5 received from the robot
Jan 23 10:17:59 TB5WaLI turtlebot4-start[47616]: [turtlebot4_node-1] [ERROR] [1737645479.154912269] [turtlebot4_node]: led_animation goal was aborted
Jan 23 10:17:59 TB5WaLI turtlebot4-start[47616]: [create3_republisher-2] Action request _do_not_use/led_animation received goal handle from the robot
Jan 23 10:18:03 TB5WaLI turtlebot4-start[47616]: [turtlebot4_node-1] [INFO] [1737645483.113065748] [turtlebot4_node]: Waiting for led_animation action server
Jan 23 10:18:04 TB5WaLI turtlebot4-start[47616]: [turtlebot4_node-1] [INFO] [1737645484.113301964] [turtlebot4_node]: led_animation action server available, sending goal
Jan 23 10:18:04 TB5WaLI turtlebot4-start[47616]: [create3_republisher-2] Received action request for _do_not_use/led_animation
Jan 23 10:18:04 TB5WaLI turtlebot4-start[47616]: [create3_republisher-2] Forwarding action request to _do_not_use/led_animation
Jan 23 10:18:04 TB5WaLI turtlebot4-start[47616]: [turtlebot4_node-1] [INFO] [1737645484.114496947] [turtlebot4_node]: led_animation goal accepted by server, waiting for result
Jan 23 10:18:04 TB5WaLI turtlebot4-start[47616]: [create3_republisher-2] Action request _do_not_use/led_animation received goal handle from the robot
Jan 23 10:18:04 TB5WaLI turtlebot4-start[47616]: [create3_republisher-2] Action request _do_not_use/led_animation ERROR 5 received from the robot
Jan 23 10:18:04 TB5WaLI turtlebot4-start[47616]: [turtlebot4_node-1] [ERROR] [1737645484.165625713] [turtlebot4_node]: led_animation goal was aborted
Jan 23 10:18:08 TB5WaLI turtlebot4-start[47616]: [turtlebot4_node-1] [INFO] [1737645488.117883610] [turtlebot4_node]: Waiting for led_animation action server
Jan 23 10:18:09 TB5WaLI turtlebot4-start[47616]: [turtlebot4_node-1] [INFO] [1737645489.118121715] [turtlebot4_node]: led_animation action server available, sending goal
Jan 23 10:18:09 TB5WaLI turtlebot4-start[47616]: [create3_republisher-2] Received action request for _do_not_use/led_animation
Jan 23 10:18:09 TB5WaLI turtlebot4-start[47616]: [turtlebot4_node-1] [INFO] [1737645489.119196753] [turtlebot4_node]: led_animation goal accepted by server, waiting for result
Jan 23 10:18:09 TB5WaLI turtlebot4-start[47616]: [create3_republisher-2] Forwarding action request to _do_not_use/led_animation
Jan 23 10:18:09 TB5WaLI turtlebot4-start[47616]: [create3_republisher-2] Action request _do_not_use/led_animation received goal handle from the robot
Jan 23 10:18:09 TB5WaLI turtlebot4-start[47616]: [create3_republisher-2] Action request _do_not_use/led_animation ERROR 5 received from the robot
Jan 23 10:18:09 TB5WaLI turtlebot4-start[47616]: [turtlebot4_node-1] [ERROR] [1737645489.171741169] [turtlebot4_node]: led_animation goal was aborted
Jan 23 10:18:13 TB5WaLI turtlebot4-start[47616]: [turtlebot4_node-1] [INFO] [1737645493.128970498] [turtlebot4_node]: Waiting for led_animation action server
Jan 23 10:18:14 TB5WaLI turtlebot4-start[47616]: [turtlebot4_node-1] [INFO] [1737645494.129279381] [turtlebot4_node]: led_animation action server available, sending goal
Jan 23 10:18:14 TB5WaLI turtlebot4-start[47616]: [create3_republisher-2] Received action request for _do_not_use/led_animation
Jan 23 10:18:14 TB5WaLI turtlebot4-start[47616]: [create3_republisher-2] Forwarding action request to _do_not_use/led_animation
Jan 23 10:18:14 TB5WaLI turtlebot4-start[47616]: [turtlebot4_node-1] [INFO] [1737645494.129965586] [turtlebot4_node]: led_animation goal accepted by server, waiting for result
Jan 23 10:18:14 TB5WaLI turtlebot4-start[47616]: [create3_republisher-2] Action request _do_not_use/led_animation ERROR 5 received from the robot
Jan 23 10:18:14 TB5WaLI turtlebot4-start[47616]: [turtlebot4_node-1] [ERROR] [1737645494.177698292] [turtlebot4_node]: led_animation goal was aborted
Jan 23 10:18:14 TB5WaLI turtlebot4-start[47616]: [create3_republisher-2] Action request _do_not_use/led_animation received goal handle from the robot
Jan 23 10:18:16 TB5WaLI turtlebot4-start[47616]: [turtlebot4_node-1] [INFO] [1737645496.488229156] [turtlebot4_node]: Waiting for led_animation action server
Jan 23 10:18:17 TB5WaLI turtlebot4-start[47616]: [turtlebot4_node-1] [INFO] [1737645497.488484354] [turtlebot4_node]: led_animation action server available, sending goal
Jan 23 10:18:17 TB5WaLI turtlebot4-start[47616]: [create3_republisher-2] Received action request for _do_not_use/led_animation
Jan 23 10:18:17 TB5WaLI turtlebot4-start[47616]: [create3_republisher-2] Forwarding action request to _do_not_use/led_animation
Jan 23 10:18:17 TB5WaLI turtlebot4-start[47616]: [turtlebot4_node-1] [INFO] [1737645497.490094282] [turtlebot4_node]: led_animation goal accepted by server, waiting for result
Jan 23 10:18:17 TB5WaLI turtlebot4-start[47616]: [create3_republisher-2] Action request _do_not_use/led_animation ERROR 5 received from the robot
Jan 23 10:18:17 TB5WaLI turtlebot4-start[47616]: [turtlebot4_node-1] [ERROR] [1737645497.535524615] [turtlebot4_node]: led_animation goal was aborted
Jan 23 10:18:17 TB5WaLI turtlebot4-start[47616]: [create3_republisher-2] Action request _do_not_use/led_animation received goal handle from the robot
Jan 23 10:18:21 TB5WaLI turtlebot4-start[47616]: [turtlebot4_node-1] [INFO] [1737645501.497037060] [turtlebot4_node]: Waiting for led_animation action server
Jan 23 10:18:22 TB5WaLI turtlebot4-start[47616]: [turtlebot4_node-1] [INFO] [1737645502.497298739] [turtlebot4_node]: led_animation action server available, sending goal
Jan 23 10:18:22 TB5WaLI turtlebot4-start[47616]: [create3_republisher-2] Received action request for _do_not_use/led_animation
Jan 23 10:18:22 TB5WaLI turtlebot4-start[47616]: [create3_republisher-2] Forwarding action request to _do_not_use/led_animation
Jan 23 10:18:22 TB5WaLI turtlebot4-start[47616]: [turtlebot4_node-1] [INFO] [1737645502.498144814] [turtlebot4_node]: led_animation goal accepted by server, waiting for result
Jan 23 10:18:22 TB5WaLI turtlebot4-start[47616]: [create3_republisher-2] Action request _do_not_use/led_animation ERROR 5 received from the robot
Jan 23 10:18:22 TB5WaLI turtlebot4-start[47616]: [turtlebot4_node-1] [ERROR] [1737645502.547086670] [turtlebot4_node]: led_animation goal was aborted
Jan 23 10:18:22 TB5WaLI turtlebot4-start[47616]: [create3_republisher-2] Action request _do_not_use/led_animation received goal handle from the robot
Jan 23 10:18:26 TB5WaLI turtlebot4-start[47616]: [turtlebot4_node-1] [INFO] [1737645506.505149149] [turtlebot4_node]: Waiting for led_animation action server
Jan 23 10:18:27 TB5WaLI turtlebot4-start[47616]: [turtlebot4_node-1] [INFO] [1737645507.505377439] [turtlebot4_node]: led_animation action server available, sending goal
Jan 23 10:18:27 TB5WaLI turtlebot4-start[47616]: [create3_republisher-2] Received action request for _do_not_use/led_animation
Jan 23 10:18:27 TB5WaLI turtlebot4-start[47616]: [create3_republisher-2] Forwarding action request to _do_not_use/led_animation
Jan 23 10:18:27 TB5WaLI turtlebot4-start[47616]: [turtlebot4_node-1] [INFO] [1737645507.506050199] [turtlebot4_node]: led_animation goal accepted by server, waiting for result
Jan 23 10:18:27 TB5WaLI turtlebot4-start[47616]: [create3_republisher-2] Action request _do_not_use/led_animation ERROR 5 received from the robot
Jan 23 10:18:27 TB5WaLI turtlebot4-start[47616]: [turtlebot4_node-1] [ERROR] [1737645507.556073186] [turtlebot4_node]: led_animation goal was aborted
Jan 23 10:18:27 TB5WaLI turtlebot4-start[47616]: [create3_republisher-2] Action request _do_not_use/led_animation received goal handle from the robot
Jan 23 10:18:31 TB5WaLI turtlebot4-start[47616]: [turtlebot4_node-1] [INFO] [1737645511.511184753] [turtlebot4_node]: Waiting for led_animation action server
Jan 23 10:18:32 TB5WaLI turtlebot4-start[47616]: [turtlebot4_node-1] [INFO] [1737645512.511483543] [turtlebot4_node]: led_animation action server available, sending goal
Jan 23 10:18:32 TB5WaLI turtlebot4-start[47616]: [create3_republisher-2] Received action request for _do_not_use/led_animation
Jan 23 10:18:32 TB5WaLI turtlebot4-start[47616]: [create3_republisher-2] Forwarding action request to _do_not_use/led_animation
Jan 23 10:18:32 TB5WaLI turtlebot4-start[47616]: [turtlebot4_node-1] [INFO] [1737645512.512545267] [turtlebot4_node]: led_animation goal accepted by server, waiting for result
Jan 23 10:18:32 TB5WaLI turtlebot4-start[47616]: [create3_republisher-2] Action request _do_not_use/led_animation received goal handle from the robot
Jan 23 10:18:32 TB5WaLI turtlebot4-start[47616]: [create3_republisher-2] Action request _do_not_use/led_animation ERROR 5 received from the robot
Jan 23 10:18:32 TB5WaLI turtlebot4-start[47616]: [turtlebot4_node-1] [ERROR] [1737645512.564057848] [turtlebot4_node]: led_animation goal was aborted
Jan 23 10:18:36 TB5WaLI turtlebot4-start[47616]: [turtlebot4_node-1] [INFO] [1737645516.520401398] [turtlebot4_node]: Waiting for led_animation action server
Jan 23 10:18:37 TB5WaLI turtlebot4-start[47616]: [turtlebot4_node-1] [INFO] [1737645517.520649874] [turtlebot4_node]: led_animation action server available, sending goal
Jan 23 10:18:37 TB5WaLI turtlebot4-start[47616]: [create3_republisher-2] Received action request for _do_not_use/led_animation
Jan 23 10:18:37 TB5WaLI turtlebot4-start[47616]: [create3_republisher-2] Forwarding action request to _do_not_use/led_animation
Jan 23 10:18:37 TB5WaLI turtlebot4-start[47616]: [turtlebot4_node-1] [INFO] [1737645517.521349356] [turtlebot4_node]: led_animation goal accepted by server, waiting for result
Jan 23 10:18:37 TB5WaLI turtlebot4-start[47616]: [create3_republisher-2] Action request _do_not_use/led_animation ERROR 5 received from the robot
Jan 23 10:18:37 TB5WaLI turtlebot4-start[47616]: [turtlebot4_node-1] [ERROR] [1737645517.620080846] [turtlebot4_node]: led_animation goal was aborted
Jan 23 10:18:37 TB5WaLI turtlebot4-start[47616]: [create3_republisher-2] Action request _do_not_use/led_animation received goal handle from the robot
Jan 23 10:18:41 TB5WaLI turtlebot4-start[47616]: [turtlebot4_node-1] [INFO] [1737645521.532203065] [turtlebot4_node]: Waiting for led_animation action server
Jan 23 10:18:42 TB5WaLI turtlebot4-start[47616]: [turtlebot4_node-1] [INFO] [1737645522.532533355] [turtlebot4_node]: led_animation action server available, sending goal
Jan 23 10:18:42 TB5WaLI turtlebot4-start[47616]: [create3_republisher-2] Received action request for _do_not_use/led_animation
Jan 23 10:18:42 TB5WaLI turtlebot4-start[47616]: [create3_republisher-2] Forwarding action request to _do_not_use/led_animation
Jan 23 10:18:42 TB5WaLI turtlebot4-start[47616]: [turtlebot4_node-1] [INFO] [1737645522.533324301] [turtlebot4_node]: led_animation goal accepted by server, waiting for result
Jan 23 10:18:42 TB5WaLI turtlebot4-start[47616]: [create3_republisher-2] Action request _do_not_use/led_animation received goal handle from the robot
Jan 23 10:18:42 TB5WaLI turtlebot4-start[47616]: [create3_republisher-2] Action request _do_not_use/led_animation ERROR 5 received from the robot
Jan 23 10:18:42 TB5WaLI turtlebot4-start[47616]: [turtlebot4_node-1] [ERROR] [1737645522.629748029] [turtlebot4_node]: led_animation goal was aborted
Jan 23 10:18:46 TB5WaLI turtlebot4-start[47616]: [turtlebot4_node-1] [INFO] [1737645526.538258966] [turtlebot4_node]: Waiting for led_animation action server
Jan 23 10:18:47 TB5WaLI turtlebot4-start[47616]: [turtlebot4_node-1] [INFO] [1737645527.538502052] [turtlebot4_node]: led_animation action server available, sending goal
Jan 23 10:18:47 TB5WaLI turtlebot4-start[47616]: [create3_republisher-2] Received action request for _do_not_use/led_animation
Jan 23 10:18:47 TB5WaLI turtlebot4-start[47616]: [create3_republisher-2] Forwarding action request to _do_not_use/led_animation
Jan 23 10:18:47 TB5WaLI turtlebot4-start[47616]: [turtlebot4_node-1] [INFO] [1737645527.539189553] [turtlebot4_node]: led_animation goal accepted by server, waiting for result
Jan 23 10:18:47 TB5WaLI turtlebot4-start[47616]: [create3_republisher-2] Action request _do_not_use/led_animation received goal handle from the robot
Jan 23 10:18:47 TB5WaLI turtlebot4-start[47616]: [create3_republisher-2] Action request _do_not_use/led_animation ERROR 5 received from the robot
Jan 23 10:18:47 TB5WaLI turtlebot4-start[47616]: [turtlebot4_node-1] [ERROR] [1737645527.641210362] [turtlebot4_node]: led_animation goal was aborted
Jan 23 10:18:51 TB5WaLI turtlebot4-start[47616]: [turtlebot4_node-1] [INFO] [1737645531.545868498] [turtlebot4_node]: Waiting for led_animation action server
Jan 23 10:18:52 TB5WaLI turtlebot4-start[47616]: [turtlebot4_node-1] [INFO] [1737645532.546144659] [turtlebot4_node]: led_animation action server available, sending goal
Jan 23 10:18:52 TB5WaLI turtlebot4-start[47616]: [create3_republisher-2] Received action request for _do_not_use/led_animation
Jan 23 10:18:52 TB5WaLI turtlebot4-start[47616]: [create3_republisher-2] Forwarding action request to _do_not_use/led_animation
Jan 23 10:18:52 TB5WaLI turtlebot4-start[47616]: [turtlebot4_node-1] [INFO] [1737645532.546765956] [turtlebot4_node]: led_animation goal accepted by server, waiting for result
Jan 23 10:18:52 TB5WaLI turtlebot4-start[47616]: [create3_republisher-2] Action request _do_not_use/led_animation received goal handle from the robot
Jan 23 10:18:52 TB5WaLI turtlebot4-start[47616]: [create3_republisher-2] Action request _do_not_use/led_animation ERROR 5 received from the robot
Jan 23 10:18:52 TB5WaLI turtlebot4-start[47616]: [turtlebot4_node-1] [ERROR] [1737645532.597474628] [turtlebot4_node]: led_animation goal was aborted
Jan 23 10:18:56 TB5WaLI turtlebot4-start[47616]: [turtlebot4_node-1] [INFO] [1737645536.554848921] [turtlebot4_node]: Waiting for led_animation action server
Jan 23 10:18:57 TB5WaLI turtlebot4-start[47616]: [turtlebot4_node-1] [INFO] [1737645537.555121618] [turtlebot4_node]: led_animation action server available, sending goal
Jan 23 10:18:57 TB5WaLI turtlebot4-start[47616]: [create3_republisher-2] Received action request for _do_not_use/led_animation
Jan 23 10:18:57 TB5WaLI turtlebot4-start[47616]: [create3_republisher-2] Forwarding action request to _do_not_use/led_animation
Jan 23 10:18:57 TB5WaLI turtlebot4-start[47616]: [turtlebot4_node-1] [INFO] [1737645537.556994195] [turtlebot4_node]: led_animation goal accepted by server, waiting for result
Jan 23 10:18:57 TB5WaLI turtlebot4-start[47616]: [create3_republisher-2] Action request _do_not_use/led_animation ERROR 5 received from the robot
Jan 23 10:18:57 TB5WaLI turtlebot4-start[47616]: [turtlebot4_node-1] [ERROR] [1737645537.654981536] [turtlebot4_node]: led_animation goal was aborted
Jan 23 10:18:57 TB5WaLI turtlebot4-start[47616]: [create3_republisher-2] Action request _do_not_use/led_animation received goal handle from the robot
Jan 23 10:19:01 TB5WaLI turtlebot4-start[47616]: [turtlebot4_node-1] [INFO] [1737645541.561392026] [turtlebot4_node]: Waiting for led_animation action server
Jan 23 10:19:02 TB5WaLI turtlebot4-start[47616]: [turtlebot4_node-1] [INFO] [1737645542.561685686] [turtlebot4_node]: led_animation action server available, sending goal
Jan 23 10:19:02 TB5WaLI turtlebot4-start[47616]: [create3_republisher-2] Received action request for _do_not_use/led_animation
Jan 23 10:19:02 TB5WaLI turtlebot4-start[47616]: [create3_republisher-2] Forwarding action request to _do_not_use/led_animation
Jan 23 10:19:02 TB5WaLI turtlebot4-start[47616]: [turtlebot4_node-1] [INFO] [1737645542.562455539] [turtlebot4_node]: led_animation goal accepted by server, waiting for result
Jan 23 10:19:02 TB5WaLI turtlebot4-start[47616]: [create3_republisher-2] Action request _do_not_use/led_animation received goal handle from the robot
Jan 23 10:19:02 TB5WaLI turtlebot4-start[47616]: [create3_republisher-2] Action request _do_not_use/led_animation ERROR 5 received from the robot
Jan 23 10:19:02 TB5WaLI turtlebot4-start[47616]: [turtlebot4_node-1] [ERROR] [1737645542.664445682] [turtlebot4_node]: led_animation goal was aborted
Jan 23 10:19:06 TB5WaLI turtlebot4-start[47616]: [turtlebot4_node-1] [INFO] [1737645546.578829237] [turtlebot4_node]: Waiting for led_animation action server
Jan 23 10:19:07 TB5WaLI turtlebot4-start[47616]: [turtlebot4_node-1] [INFO] [1737645547.579089971] [turtlebot4_node]: led_animation action server available, sending goal
Jan 23 10:19:07 TB5WaLI turtlebot4-start[47616]: [create3_republisher-2] Received action request for _do_not_use/led_animation
Jan 23 10:19:07 TB5WaLI turtlebot4-start[47616]: [create3_republisher-2] Forwarding action request to _do_not_use/led_animation
Jan 23 10:19:07 TB5WaLI turtlebot4-start[47616]: [turtlebot4_node-1] [INFO] [1737645547.579763824] [turtlebot4_node]: led_animation goal accepted by server, waiting for result
Jan 23 10:19:07 TB5WaLI turtlebot4-start[47616]: [create3_republisher-2] Action request _do_not_use/led_animation received goal handle from the robot
Jan 23 10:19:07 TB5WaLI turtlebot4-start[47616]: [create3_republisher-2] Action request _do_not_use/led_animation ERROR 5 received from the robot
Jan 23 10:19:07 TB5WaLI turtlebot4-start[47616]: [turtlebot4_node-1] [ERROR] [1737645547.670572175] [turtlebot4_node]: led_animation goal was aborted
Jan 23 10:19:11 TB5WaLI turtlebot4-start[47616]: [turtlebot4_node-1] [INFO] [1737645551.580917170] [turtlebot4_node]: Waiting for led_animation action server
Jan 23 10:19:12 TB5WaLI turtlebot4-start[47616]: [turtlebot4_node-1] [INFO] [1737645552.581254256] [turtlebot4_node]: led_animation action server available, sending goal
Jan 23 10:19:12 TB5WaLI turtlebot4-start[47616]: [create3_republisher-2] Received action request for _do_not_use/led_animation
Jan 23 10:19:12 TB5WaLI turtlebot4-start[47616]: [create3_republisher-2] Forwarding action request to _do_not_use/led_animation
Jan 23 10:19:12 TB5WaLI turtlebot4-start[47616]: [turtlebot4_node-1] [INFO] [1737645552.582068924] [turtlebot4_node]: led_animation goal accepted by server, waiting for result
Jan 23 10:19:12 TB5WaLI turtlebot4-start[47616]: [create3_republisher-2] Action request _do_not_use/led_animation received goal handle from the robot
Jan 23 10:19:12 TB5WaLI turtlebot4-start[47616]: [create3_republisher-2] Action request _do_not_use/led_animation ERROR 5 received from the robot
Jan 23 10:19:12 TB5WaLI turtlebot4-start[47616]: [turtlebot4_node-1] [ERROR] [1737645552.637594991] [turtlebot4_node]: led_animation goal was aborted
Jan 23 10:19:16 TB5WaLI turtlebot4-start[47616]: [turtlebot4_node-1] [INFO] [1737645556.587942275] [turtlebot4_node]: Waiting for led_animation action server
Jan 23 10:19:17 TB5WaLI turtlebot4-start[47616]: [turtlebot4_node-1] [INFO] [1737645557.588220158] [turtlebot4_node]: led_animation action server available, sending goal
Jan 23 10:19:17 TB5WaLI turtlebot4-start[47616]: [create3_republisher-2] Received action request for _do_not_use/led_animation
Jan 23 10:19:17 TB5WaLI turtlebot4-start[47616]: [create3_republisher-2] Forwarding action request to _do_not_use/led_animation
Jan 23 10:19:17 TB5WaLI turtlebot4-start[47616]: [turtlebot4_node-1] [INFO] [1737645557.589444437] [turtlebot4_node]: led_animation goal accepted by server, waiting for result
Jan 23 10:19:17 TB5WaLI turtlebot4-start[47616]: [create3_republisher-2] Action request _do_not_use/led_animation received goal handle from the robot
Jan 23 10:19:17 TB5WaLI turtlebot4-start[47616]: [create3_republisher-2] Action request _do_not_use/led_animation SUCCESS received from the robot
Jan 23 10:19:17 TB5WaLI turtlebot4-start[47616]: [turtlebot4_node-1] [INFO] [1737645557.689951985] [turtlebot4_node]: led_animation goal succeeded
Jan 23 10:19:21 TB5WaLI turtlebot4-start[47616]: [turtlebot4_node-1] [INFO] [1737645561.598346440] [turtlebot4_node]: Waiting for led_animation action server
Jan 23 10:19:22 TB5WaLI turtlebot4-start[47616]: [turtlebot4_node-1] [INFO] [1737645562.598585693] [turtlebot4_node]: led_animation action server available, sending goal
Jan 23 10:19:22 TB5WaLI turtlebot4-start[47616]: [create3_republisher-2] Received action request for _do_not_use/led_animation
Jan 23 10:19:22 TB5WaLI turtlebot4-start[47616]: [create3_republisher-2] Forwarding action request to _do_not_use/led_animation
Jan 23 10:19:22 TB5WaLI turtlebot4-start[47616]: [turtlebot4_node-1] [INFO] [1737645562.599982214] [turtlebot4_node]: led_animation goal accepted by server, waiting for result
Jan 23 10:19:22 TB5WaLI turtlebot4-start[47616]: [create3_republisher-2] Action request _do_not_use/led_animation ERROR 5 received from the robot
Jan 23 10:19:22 TB5WaLI turtlebot4-start[47616]: [turtlebot4_node-1] [ERROR] [1737645562.646853604] [turtlebot4_node]: led_animation goal was aborted
Jan 23 10:19:22 TB5WaLI turtlebot4-start[47616]: [create3_republisher-2] Action request _do_not_use/led_animation received goal handle from the robot
Jan 23 10:19:26 TB5WaLI turtlebot4-start[47616]: [turtlebot4_node-1] [INFO] [1737645566.605361527] [turtlebot4_node]: Waiting for led_animation action server
Jan 23 10:19:27 TB5WaLI turtlebot4-start[47616]: [turtlebot4_node-1] [INFO] [1737645567.605607503] [turtlebot4_node]: led_animation action server available, sending goal
Jan 23 10:19:27 TB5WaLI turtlebot4-start[47616]: [create3_republisher-2] Received action request for _do_not_use/led_animation
Jan 23 10:19:27 TB5WaLI turtlebot4-start[47616]: [create3_republisher-2] Forwarding action request to _do_not_use/led_animation
Jan 23 10:19:27 TB5WaLI turtlebot4-start[47616]: [turtlebot4_node-1] [INFO] [1737645567.606237429] [turtlebot4_node]: led_animation goal accepted by server, waiting for result
Jan 23 10:19:27 TB5WaLI turtlebot4-start[47616]: [create3_republisher-2] Action request _do_not_use/led_animation received goal handle from the robot
Jan 23 10:19:27 TB5WaLI turtlebot4-start[47616]: [create3_republisher-2] Action request _do_not_use/led_animation ERROR 5 received from the robot
Jan 23 10:19:27 TB5WaLI turtlebot4-start[47616]: [turtlebot4_node-1] [ERROR] [1737645567.707609627] [turtlebot4_node]: led_animation goal was aborted
Jan 23 10:19:31 TB5WaLI turtlebot4-start[47616]: [turtlebot4_node-1] [INFO] [1737645571.609942167] [turtlebot4_node]: Waiting for led_animation action server
Jan 23 10:19:32 TB5WaLI turtlebot4-start[47616]: [turtlebot4_node-1] [INFO] [1737645572.610194550] [turtlebot4_node]: led_animation action server available, sending goal
Jan 23 10:19:32 TB5WaLI turtlebot4-start[47616]: [create3_republisher-2] Received action request for _do_not_use/led_animation
Jan 23 10:19:32 TB5WaLI turtlebot4-start[47616]: [create3_republisher-2] Forwarding action request to _do_not_use/led_animation
Jan 23 10:19:32 TB5WaLI turtlebot4-start[47616]: [turtlebot4_node-1] [INFO] [1737645572.610864347] [turtlebot4_node]: led_animation goal accepted by server, waiting for result
Jan 23 10:19:32 TB5WaLI turtlebot4-start[47616]: [create3_republisher-2] Action request _do_not_use/led_animation received goal handle from the robot
Jan 23 10:19:32 TB5WaLI turtlebot4-start[47616]: [create3_republisher-2] Action request _do_not_use/led_animation ERROR 5 received from the robot
Jan 23 10:19:32 TB5WaLI turtlebot4-start[47616]: [turtlebot4_node-1] [ERROR] [1737645572.664209504] [turtlebot4_node]: led_animation goal was aborted
Jan 23 10:19:36 TB5WaLI turtlebot4-start[47616]: [turtlebot4_node-1] [INFO] [1737645576.621135130] [turtlebot4_node]: Waiting for led_animation action server
Jan 23 10:19:37 TB5WaLI turtlebot4-start[47616]: [turtlebot4_node-1] [INFO] [1737645577.621387327] [turtlebot4_node]: led_animation action server available, sending goal
Jan 23 10:19:37 TB5WaLI turtlebot4-start[47616]: [create3_republisher-2] Received action request for _do_not_use/led_animation
Jan 23 10:19:37 TB5WaLI turtlebot4-start[47616]: [create3_republisher-2] Forwarding action request to _do_not_use/led_animation
Jan 23 10:19:37 TB5WaLI turtlebot4-start[47616]: [turtlebot4_node-1] [INFO] [1737645577.623178218] [turtlebot4_node]: led_animation goal accepted by server, waiting for result
Jan 23 10:19:37 TB5WaLI turtlebot4-start[47616]: [create3_republisher-2] Action request _do_not_use/led_animation received goal handle from the robot
Jan 23 10:19:37 TB5WaLI turtlebot4-start[47616]: [create3_republisher-2] Action request _do_not_use/led_animation ERROR 5 received from the robot
Jan 23 10:19:37 TB5WaLI turtlebot4-start[47616]: [turtlebot4_node-1] [ERROR] [1737645577.719207150] [turtlebot4_node]: led_animation goal was aborted
Jan 23 10:19:41 TB5WaLI turtlebot4-start[47616]: [turtlebot4_node-1] [INFO] [1737645581.633214612] [turtlebot4_node]: Waiting for led_animation action server
Jan 23 10:19:42 TB5WaLI turtlebot4-start[47616]: [turtlebot4_node-1] [INFO] [1737645582.633414902] [turtlebot4_node]: led_animation action server available, sending goal
Jan 23 10:19:42 TB5WaLI turtlebot4-start[47616]: [create3_republisher-2] Received action request for _do_not_use/led_animation
Jan 23 10:19:42 TB5WaLI turtlebot4-start[47616]: [create3_republisher-2] Forwarding action request to _do_not_use/led_animation
Jan 23 10:19:42 TB5WaLI turtlebot4-start[47616]: [turtlebot4_node-1] [INFO] [1737645582.634032310] [turtlebot4_node]: led_animation goal accepted by server, waiting for result
Jan 23 10:19:42 TB5WaLI turtlebot4-start[47616]: [create3_republisher-2] Action request _do_not_use/led_animation received goal handle from the robot
Jan 23 10:19:42 TB5WaLI turtlebot4-start[47616]: [create3_republisher-2] Action request _do_not_use/led_animation ERROR 5 received from the robot
Jan 23 10:19:42 TB5WaLI turtlebot4-start[47616]: [turtlebot4_node-1] [ERROR] [1737645582.730649983] [turtlebot4_node]: led_animation goal was aborted
Jan 23 10:19:46 TB5WaLI turtlebot4-start[47616]: [turtlebot4_node-1] [INFO] [1737645586.639291679] [turtlebot4_node]: Waiting for led_animation action server
Jan 23 10:19:47 TB5WaLI turtlebot4-start[47616]: [turtlebot4_node-1] [INFO] [1737645587.639517617] [turtlebot4_node]: led_animation action server available, sending goal
Jan 23 10:19:47 TB5WaLI turtlebot4-start[47616]: [create3_republisher-2] Received action request for _do_not_use/led_animation
Jan 23 10:19:47 TB5WaLI turtlebot4-start[47616]: [create3_republisher-2] Forwarding action request to _do_not_use/led_animation
Jan 23 10:19:47 TB5WaLI turtlebot4-start[47616]: [turtlebot4_node-1] [INFO] [1737645587.641470268] [turtlebot4_node]: led_animation goal accepted by server, waiting for result
Jan 23 10:19:47 TB5WaLI turtlebot4-start[47616]: [create3_republisher-2] Action request _do_not_use/led_animation received goal handle from the robot
Jan 23 10:19:47 TB5WaLI turtlebot4-start[47616]: [create3_republisher-2] Action request _do_not_use/led_animation ERROR 5 received from the robot
Jan 23 10:19:47 TB5WaLI turtlebot4-start[47616]: [turtlebot4_node-1] [ERROR] [1737645587.691986033] [turtlebot4_node]: led_animation goal was aborted
Jan 23 10:19:51 TB5WaLI turtlebot4-start[47616]: [turtlebot4_node-1] [INFO] [1737645591.646233266] [turtlebot4_node]: Waiting for led_animation action server
Jan 23 10:19:52 TB5WaLI turtlebot4-start[47616]: [turtlebot4_node-1] [INFO] [1737645592.646469427] [turtlebot4_node]: led_animation action server available, sending goal
Jan 23 10:19:52 TB5WaLI turtlebot4-start[47616]: [create3_republisher-2] Received action request for _do_not_use/led_animation
Jan 23 10:19:52 TB5WaLI turtlebot4-start[47616]: [create3_republisher-2] Forwarding action request to _do_not_use/led_animation
Jan 23 10:19:52 TB5WaLI turtlebot4-start[47616]: [turtlebot4_node-1] [INFO] [1737645592.649062282] [turtlebot4_node]: led_animation goal accepted by server, waiting for result
Jan 23 10:19:52 TB5WaLI turtlebot4-start[47616]: [create3_republisher-2] Action request _do_not_use/led_animation received goal handle from the robot
Jan 23 10:19:52 TB5WaLI turtlebot4-start[47616]: [create3_republisher-2] Action request _do_not_use/led_animation ERROR 5 received from the robot
Jan 23 10:19:52 TB5WaLI turtlebot4-start[47616]: [turtlebot4_node-1] [ERROR] [1737645592.698531879] [turtlebot4_node]: led_animation goal was aborted
Jan 23 10:19:56 TB5WaLI turtlebot4-start[47616]: [turtlebot4_node-1] [INFO] [1737645596.656512820] [turtlebot4_node]: Waiting for led_animation action server
Jan 23 10:19:57 TB5WaLI turtlebot4-start[47616]: [turtlebot4_node-1] [INFO] [1737645597.656754814] [turtlebot4_node]: led_animation action server available, sending goal
Jan 23 10:19:57 TB5WaLI turtlebot4-start[47616]: [create3_republisher-2] Received action request for _do_not_use/led_animation
Jan 23 10:19:57 TB5WaLI turtlebot4-start[47616]: [create3_republisher-2] Forwarding action request to _do_not_use/led_animation
Jan 23 10:19:57 TB5WaLI turtlebot4-start[47616]: [turtlebot4_node-1] [INFO] [1737645597.657920204] [turtlebot4_node]: led_animation goal accepted by server, waiting for result
Jan 23 10:19:57 TB5WaLI turtlebot4-start[47616]: [create3_republisher-2] Action request _do_not_use/led_animation ERROR 5 received from the robot
Jan 23 10:19:57 TB5WaLI turtlebot4-start[47616]: [turtlebot4_node-1] [ERROR] [1737645597.756113287] [turtlebot4_node]: led_animation goal was aborted
Jan 23 10:19:57 TB5WaLI turtlebot4-start[47616]: [create3_republisher-2] Action request _do_not_use/led_animation received goal handle from the robot
Jan 23 10:20:01 TB5WaLI turtlebot4-start[47616]: [turtlebot4_node-1] [INFO] [1737645601.661640201] [turtlebot4_node]: Waiting for led_animation action server
Jan 23 10:20:02 TB5WaLI turtlebot4-start[47616]: [turtlebot4_node-1] [INFO] [1737645602.661892417] [turtlebot4_node]: led_animation action server available, sending goal
Jan 23 10:20:02 TB5WaLI turtlebot4-start[47616]: [create3_republisher-2] Received action request for _do_not_use/led_animation
Jan 23 10:20:02 TB5WaLI turtlebot4-start[47616]: [create3_republisher-2] Forwarding action request to _do_not_use/led_animation
Jan 23 10:20:02 TB5WaLI turtlebot4-start[47616]: [turtlebot4_node-1] [INFO] [1737645602.663873272] [turtlebot4_node]: led_animation goal accepted by server, waiting for result
Jan 23 10:20:02 TB5WaLI turtlebot4-start[47616]: [create3_republisher-2] Action request _do_not_use/led_animation received goal handle from the robot
Jan 23 10:20:02 TB5WaLI turtlebot4-start[47616]: [create3_republisher-2] Action request _do_not_use/led_animation ERROR 5 received from the robot
Jan 23 10:20:02 TB5WaLI turtlebot4-start[47616]: [turtlebot4_node-1] [ERROR] [1737645602.765458210] [turtlebot4_node]: led_animation goal was aborted
Jan 23 10:20:06 TB5WaLI turtlebot4-start[47616]: [turtlebot4_node-1] [INFO] [1737645606.668557492] [turtlebot4_node]: Waiting for led_animation action server
Jan 23 10:20:07 TB5WaLI turtlebot4-start[47616]: [turtlebot4_node-1] [INFO] [1737645607.668800282] [turtlebot4_node]: led_animation action server available, sending goal
Jan 23 10:20:07 TB5WaLI turtlebot4-start[47616]: [create3_republisher-2] Received action request for _do_not_use/led_animation
Jan 23 10:20:07 TB5WaLI turtlebot4-start[47616]: [create3_republisher-2] Forwarding action request to _do_not_use/led_animation
Jan 23 10:20:07 TB5WaLI turtlebot4-start[47616]: [turtlebot4_node-1] [INFO] [1737645607.670150228] [turtlebot4_node]: led_animation goal accepted by server, waiting for result
Jan 23 10:20:07 TB5WaLI turtlebot4-start[47616]: [create3_republisher-2] Action request _do_not_use/led_animation received goal handle from the robot
Jan 23 10:20:07 TB5WaLI turtlebot4-start[47616]: [create3_republisher-2] Action request _do_not_use/led_animation ERROR 5 received from the robot
Jan 23 10:20:07 TB5WaLI turtlebot4-start[47616]: [turtlebot4_node-1] [ERROR] [1737645607.720674049] [turtlebot4_node]: led_animation goal was aborted
Jan 23 10:20:11 TB5WaLI turtlebot4-start[47616]: [turtlebot4_node-1] [INFO] [1737645611.677254377] [turtlebot4_node]: Waiting for led_animation action server
Jan 23 10:20:12 TB5WaLI turtlebot4-start[47616]: [turtlebot4_node-1] [INFO] [1737645612.677534871] [turtlebot4_node]: led_animation action server available, sending goal
Jan 23 10:20:12 TB5WaLI turtlebot4-start[47616]: [create3_republisher-2] Received action request for _do_not_use/led_animation
Jan 23 10:20:12 TB5WaLI turtlebot4-start[47616]: [create3_republisher-2] Forwarding action request to _do_not_use/led_animation
Jan 23 10:20:12 TB5WaLI turtlebot4-start[47616]: [turtlebot4_node-1] [INFO] [1737645612.678585132] [turtlebot4_node]: led_animation goal accepted by server, waiting for result
Jan 23 10:20:12 TB5WaLI turtlebot4-start[47616]: [create3_republisher-2] Action request _do_not_use/led_animation ERROR 5 received from the robot
Jan 23 10:20:12 TB5WaLI turtlebot4-start[47616]: [turtlebot4_node-1] [ERROR] [1737645612.727413784] [turtlebot4_node]: led_animation goal was aborted
Jan 23 10:20:12 TB5WaLI turtlebot4-start[47616]: [create3_republisher-2] Action request _do_not_use/led_animation received goal handle from the robot
